Info: Nothing to build for Team-3341-PowerUp
11:49:01 **** Rebuild of configuration Debug for project Arcade Drive ****
Info: Internal Builder is used for build
arm-frc-linux-gnueabi-g++ -std=c++1y "-IC:\\Users\\ankbh/wpilib/cpp/current/include" "-IC:\\Users\\ankbh\\Robotics\\Arcade Drive\\src" "-IC:\\Users\\ankbh/wpilib/user/cpp/include" -O0 -Og -g3 -Wall -c -fmessage-length=0 -pthread -o "src\\Robot.o" "..\\src\\Robot.cpp" 
arm-frc-linux-gnueabi-g++ "-LC:\\Users\\ankbh/wpilib/common/current/lib/linux/athena/shared" "-LC:\\Users\\ankbh/wpilib/cpp/current/reflib/linux/athena/shared" "-LC:\\Users\\ankbh/wpilib/user/cpp/lib" -pthread -rdynamic -Wl,-rpath,/opt/GenICam_v3_0_NI/bin/Linux32_ARM,-rpath,/usr/local/frc/lib -o FRCUserProgram "src\\Robot.o" -lCTRE_Phoenix -lCTRE_PhoenixCCI -lCTRE_Phoenix -lCTRE_PhoenixCCI -lwpi 
Info: Nothing to build for Arcade Drive

**** Build of configuration Debug for project Drivetrain_Test_2 ****

Nothing to build for project Drivetrain_Test_2
11:49:10 **** Incremental Build of configuration Debug for project Drivetrain_test_3 ****
Info: Internal Builder is used for build
arm-frc-linux-gnueabi-g++ "-LC:\\Users\\ankbh/wpilib/user/cpp/lib" "-LC:\\Users\\ankbh/wpilib/cpp/current/reflib/linux/athena/shared" "-LC:\\Users\\ankbh/wpilib/common/current/lib/linux/athena/shared" -pthread -rdynamic -Wl,-rpath,/opt/GenICam_v3_0_NI/bin/Linux32_ARM,-rpath,/usr/local/frc/lib -o FRCUserProgram "src\\CommandBase.o" "src\\Commands\\ExampleCommand.o" "src\\Commands\\TankDrive.o" "src\\OI.o" "src\\Robot.o" "src\\Subsystems\\Drivetrain.o" "src\\Subsystems\\ExampleSubsystem.o" -lCTRE_Phoenix -lCTRE_PhoenixCCI -lCTRE_Phoenix -lCTRE_PhoenixCCI -lwpi 
arm-frc-linux-gnueabi-g++: error: src\Subsystems\Drivetrain.o: No such file or directory
11:49:10 **** Incremental Build of configuration Debug for project Expo-bot ****
Info: Internal Builder is used for build
arm-frc-linux-gnueabi-g++ -std=c++1y "-IC:\\Users\\ankbh/wpilib/cpp/current/include" "-IC:\\Users\\ankbh\\Robotics\\Expo-bot\\src" "-IC:\\Users\\ankbh/wpilib/user/cpp/include" -O0 -Og -g3 -Wall -c -fmessage-length=0 -pthread -o "src\\Subsystems\\Shooter.o" "..\\src\\Subsystems\\Shooter.cpp" 
In file included from ..\src\Subsystems\Shooter.cpp:1:0:
..\src\Subsystems\Shooter.h:4:29: fatal error: ctrlib/CANTalon.h: No such file or directory
compilation terminated.
11:49:12 **** Incremental Build of configuration Debug for project Mock ****
Info: Internal Builder is used for build
arm-frc-linux-gnueabi-g++ "-LC:\\Users\\ankbh/wpilib/user/cpp/lib" "-LC:\\Users\\ankbh/wpilib/cpp/current/reflib/linux/athena/shared" "-LC:\\Users\\ankbh/wpilib/common/current/lib/linux/athena/shared" -pthread -rdynamic -Wl,-rpath,/opt/GenICam_v3_0_NI/bin/Linux32_ARM,-rpath,/usr/local/frc/lib -o FRCUserProgram "src\\CommandBase.o" "src\\Commands\\AlignWithWall.o" "src\\Commands\\ArmDown.o" "src\\Commands\\ArmUp.o" "src\\Commands\\Autonomous.o" "src\\Commands\\Drive.o" "src\\Commands\\GyroTurn.o" "src\\Commands\\MoveArm.o" "src\\Commands\\MoveFromWall.o" "src\\Commands\\MoveUntilWall.o" "src\\Commands\\TankDrive.o" "src\\OI.o" "src\\Robot.o" "src\\Subsystems\\Arm.o" "src\\Subsystems\\DriveTrain.o" "src\\Utilities\\NetworkTablesInterface.o" -lCTRE_Phoenix -lCTRE_PhoenixCCI -lCTRE_Phoenix -lCTRE_PhoenixCCI -lwpi 
arm-frc-linux-gnueabi-g++: error: src\Commands\ArmUp.o: No such file or directory
11:49:13 **** Incremental Build of configuration Debug for project Mock2k17 ****
Info: Internal Builder is used for build
arm-frc-linux-gnueabi-g++ -std=c++1y "-IC:\\Users\\ankbh/wpilib/cpp/current/include" "-IC:\\Users\\ankbh\\Robotics\\Mock2k17\\src" "-IC:\\Users\\ankbh/wpilib/user/cpp/include" -O0 -Og -g3 -Wall -c -fmessage-length=0 -pthread -o "src\\Robot.o" "..\\src\\Robot.cpp" 
In file included from ..\src\CommandBase.h:12:0,
                 from ..\src\Robot.cpp:10:
..\src\Subsystems/DriveTrain.h:7:29: fatal error: ctrlib/CANTalon.h: No such file or directory
compilation terminated.
11:49:14 **** Incremental Build of configuration Debug for project Team-3341-PowerUp ****
Info: Internal Builder is used for build
arm-frc-linux-gnueabi-g++ "-LC:\\Users\\ankbh/wpilib/user/cpp/lib" "-LC:\\Users\\ankbh/wpilib/cpp/current/reflib/linux/athena/shared" "-LC:\\Users\\ankbh/wpilib/common/current/lib/linux/athena/shared" -pthread -rdynamic -Wl,-rpath,/opt/GenICam_v3_0_NI/bin/Linux32_ARM,-rpath,/usr/local/frc/lib -o FRCUserProgram "src\\CommandBase.o" "src\\Commands\\DriveForward.o" "src\\Commands\\OppositeSideSwitch.o" "src\\Commands\\SameSideSwitch.o" "src\\Commands\\TankDrive.o" "src\\Commands\\Turn.o" "src\\OI.o" "src\\Robot.o" "src\\Subsystems\\DriveTrain.o" "src\\Utilities\\WVPIDController.o" -lCTRE_Phoenix -lCTRE_PhoenixCCI -lCTRE_Phoenix -lCTRE_PhoenixCCI -lwpi 
11:49:16 **** Incremental Build of configuration Debug for project tesst ****
Info: Internal Builder is used for build
arm-frc-linux-gnueabi-g++ -std=c++1y "-IC:\\Users\\ankbh/wpilib/cpp/current/include" "-IC:\\Users\\ankbh\\Robotics\\tesst\\src" "-IC:\\Users\\ankbh/wpilib/user/cpp/include" -O0 -Og -g3 -Wall -c -fmessage-length=0 -pthread -o "src\\Subsystems\\Shooter.o" "..\\src\\Subsystems\\Shooter.cpp" 
In file included from ..\src\Subsystems\Shooter.cpp:2:0:
..\src\Subsystems\../RobotMap.h:10:6: error: 'RobotDrive' in namespace 'frc' does not name a type
 frc::RobotDrive myRobot;
      ^
11:54:23 **** Incremental Build of configuration Debug for project Arcade Drive ****
Info: Internal Builder is used for build
arm-frc-linux-gnueabi-g++ "-LC:\\Users\\ankbh/wpilib/common/current/lib/linux/athena/shared" "-LC:\\Users\\ankbh/wpilib/cpp/current/reflib/linux/athena/shared" "-LC:\\Users\\ankbh/wpilib/user/cpp/lib" -pthread -rdynamic -Wl,-rpath,/opt/GenICam_v3_0_NI/bin/Linux32_ARM,-rpath,/usr/local/frc/lib -o FRCUserProgram "src\\Robot.o" -lCTRE_Phoenix -lCTRE_PhoenixCCI -lCTRE_Phoenix -lCTRE_PhoenixCCI -lwpi 
Info: Nothing to build for Arcade Drive

**** Build of configuration Debug for project Drivetrain_Test_2 ****

Nothing to build for project Drivetrain_Test_2
11:54:25 **** Incremental Build of configuration Debug for project Drivetrain_test_3 ****
Info: Internal Builder is used for build
arm-frc-linux-gnueabi-g++ "-LC:\\Users\\ankbh/wpilib/user/cpp/lib" "-LC:\\Users\\ankbh/wpilib/cpp/current/reflib/linux/athena/shared" "-LC:\\Users\\ankbh/wpilib/common/current/lib/linux/athena/shared" -pthread -rdynamic -Wl,-rpath,/opt/GenICam_v3_0_NI/bin/Linux32_ARM,-rpath,/usr/local/frc/lib -o FRCUserProgram "src\\CommandBase.o" "src\\Commands\\ExampleCommand.o" "src\\Commands\\TankDrive.o" "src\\OI.o" "src\\Robot.o" "src\\Subsystems\\Drivetrain.o" "src\\Subsystems\\ExampleSubsystem.o" -lCTRE_Phoenix -lCTRE_PhoenixCCI -lCTRE_Phoenix -lCTRE_PhoenixCCI -lwpi 
arm-frc-linux-gnueabi-g++: error: src\Subsystems\Drivetrain.o: No such file or directory
11:54:26 **** Incremental Build of configuration Debug for project Expo-bot ****
Info: Internal Builder is used for build
arm-frc-linux-gnueabi-g++ -std=c++1y "-IC:\\Users\\ankbh/wpilib/cpp/current/include" "-IC:\\Users\\ankbh\\Robotics\\Expo-bot\\src" "-IC:\\Users\\ankbh/wpilib/user/cpp/include" -O0 -Og -g3 -Wall -c -fmessage-length=0 -pthread -o "src\\Subsystems\\Winch.o" "..\\src\\Subsystems\\Winch.cpp" 
In file included from ..\src\Subsystems\Winch.cpp:1:0:
..\src\Subsystems\Winch.h:5:29: fatal error: ctrlib/CANTalon.h: No such file or directory
compilation terminated.
11:54:27 **** Incremental Build of configuration Debug for project Mock ****
Info: Internal Builder is used for build
arm-frc-linux-gnueabi-g++ "-LC:\\Users\\ankbh/wpilib/user/cpp/lib" "-LC:\\Users\\ankbh/wpilib/cpp/current/reflib/linux/athena/shared" "-LC:\\Users\\ankbh/wpilib/common/current/lib/linux/athena/shared" -pthread -rdynamic -Wl,-rpath,/opt/GenICam_v3_0_NI/bin/Linux32_ARM,-rpath,/usr/local/frc/lib -o FRCUserProgram "src\\CommandBase.o" "src\\Commands\\AlignWithWall.o" "src\\Commands\\ArmDown.o" "src\\Commands\\ArmUp.o" "src\\Commands\\Autonomous.o" "src\\Commands\\Drive.o" "src\\Commands\\GyroTurn.o" "src\\Commands\\MoveArm.o" "src\\Commands\\MoveFromWall.o" "src\\Commands\\MoveUntilWall.o" "src\\Commands\\TankDrive.o" "src\\OI.o" "src\\Robot.o" "src\\Subsystems\\Arm.o" "src\\Subsystems\\DriveTrain.o" "src\\Utilities\\NetworkTablesInterface.o" -lCTRE_Phoenix -lCTRE_PhoenixCCI -lCTRE_Phoenix -lCTRE_PhoenixCCI -lwpi 
arm-frc-linux-gnueabi-g++: error: src\Commands\ArmUp.o: No such file or directory
11:54:28 **** Incremental Build of configuration Debug for project Mock2k17 ****
Info: Internal Builder is used for build
arm-frc-linux-gnueabi-g++ -std=c++1y "-IC:\\Users\\ankbh/wpilib/cpp/current/include" "-IC:\\Users\\ankbh\\Robotics\\Mock2k17\\src" "-IC:\\Users\\ankbh/wpilib/user/cpp/include" -O0 -Og -g3 -Wall -c -fmessage-length=0 -pthread -o "src\\Commands\\Turn.o" "..\\src\\Commands\\Turn.cpp" 
In file included from ..\src\Commands\../CommandBase.h:12:0,
                 from ..\src\Commands\Turn.h:4,
                 from ..\src\Commands\Turn.cpp:1:
..\src\Commands\../Subsystems/DriveTrain.h:7:29: fatal error: ctrlib/CANTalon.h: No such file or directory
compilation terminated.
Info: Nothing to build for Team-3341-PowerUp
11:54:29 **** Incremental Build of configuration Debug for project tesst ****
Info: Internal Builder is used for build
arm-frc-linux-gnueabi-g++ -std=c++1y "-IC:\\Users\\ankbh/wpilib/cpp/current/include" "-IC:\\Users\\ankbh\\Robotics\\tesst\\src" "-IC:\\Users\\ankbh/wpilib/user/cpp/include" -O0 -Og -g3 -Wall -c -fmessage-length=0 -pthread -o "src\\Subsystems\\DriveTrainSubsystem.o" "..\\src\\Subsystems\\DriveTrainSubsystem.cpp" 
In file included from c:\users\ankbh\robotics\tesst\src\commandbase.h:13:0,
                 from C:\Users\ankbh\Robotics\tesst\src/Commands/Drive.h:4,
                 from ..\src\Subsystems\DriveTrainSubsystem.h:3,
                 from ..\src\Subsystems\DriveTrainSubsystem.cpp:1:
c:\users\ankbh\robotics\tesst\src\Subsystems/Winch.h:5:29: fatal error: ctrlib/CANTalon.h: No such file or directory
compilation terminated.
11:55:57 **** Incremental Build of configuration Debug for project Arcade Drive ****
Info: Internal Builder is used for build
arm-frc-linux-gnueabi-g++ -std=c++1y "-IC:\\Users\\ankbh/wpilib/cpp/current/include" "-IC:\\Users\\ankbh\\Robotics\\Arcade Drive\\src" "-IC:\\Users\\ankbh/wpilib/user/cpp/include" -O0 -Og -g3 -Wall -c -fmessage-length=0 -pthread -o "src\\Robot.o" "..\\src\\Robot.cpp" 
arm-frc-linux-gnueabi-g++ "-LC:\\Users\\ankbh/wpilib/common/current/lib/linux/athena/shared" "-LC:\\Users\\ankbh/wpilib/cpp/current/reflib/linux/athena/shared" "-LC:\\Users\\ankbh/wpilib/user/cpp/lib" -pthread -rdynamic -Wl,-rpath,/opt/GenICam_v3_0_NI/bin/Linux32_ARM,-rpath,/usr/local/frc/lib -o FRCUserProgram "src\\Robot.o" -lCTRE_Phoenix -lCTRE_PhoenixCCI -lCTRE_Phoenix -lCTRE_PhoenixCCI -lwpi 
Info: Nothing to build for Arcade Drive

**** Build of configuration Debug for project Drivetrain_Test_2 ****

Nothing to build for project Drivetrain_Test_2
11:56:02 **** Incremental Build of configuration Debug for project Drivetrain_test_3 ****
Info: Internal Builder is used for build
arm-frc-linux-gnueabi-g++ "-LC:\\Users\\ankbh/wpilib/user/cpp/lib" "-LC:\\Users\\ankbh/wpilib/cpp/current/reflib/linux/athena/shared" "-LC:\\Users\\ankbh/wpilib/common/current/lib/linux/athena/shared" -pthread -rdynamic -Wl,-rpath,/opt/GenICam_v3_0_NI/bin/Linux32_ARM,-rpath,/usr/local/frc/lib -o FRCUserProgram "src\\CommandBase.o" "src\\Commands\\ExampleCommand.o" "src\\Commands\\TankDrive.o" "src\\OI.o" "src\\Robot.o" "src\\Subsystems\\Drivetrain.o" "src\\Subsystems\\ExampleSubsystem.o" -lCTRE_Phoenix -lCTRE_PhoenixCCI -lCTRE_Phoenix -lCTRE_PhoenixCCI -lwpi 
arm-frc-linux-gnueabi-g++: error: src\Subsystems\Drivetrain.o: No such file or directory
11:56:02 **** Incremental Build of configuration Debug for project Expo-bot ****
Info: Internal Builder is used for build
arm-frc-linux-gnueabi-g++ -std=c++1y "-IC:\\Users\\ankbh/wpilib/cpp/current/include" "-IC:\\Users\\ankbh\\Robotics\\Expo-bot\\src" "-IC:\\Users\\ankbh/wpilib/user/cpp/include" -O0 -Og -g3 -Wall -c -fmessage-length=0 -pthread -o "src\\Subsystems\\Winch.o" "..\\src\\Subsystems\\Winch.cpp" 
In file included from ..\src\Subsystems\Winch.cpp:1:0:
..\src\Subsystems\Winch.h:5:29: fatal error: ctrlib/CANTalon.h: No such file or directory
compilation terminated.
11:56:04 **** Incremental Build of configuration Debug for project Mock ****
Info: Internal Builder is used for build
arm-frc-linux-gnueabi-g++ "-LC:\\Users\\ankbh/wpilib/user/cpp/lib" "-LC:\\Users\\ankbh/wpilib/cpp/current/reflib/linux/athena/shared" "-LC:\\Users\\ankbh/wpilib/common/current/lib/linux/athena/shared" -pthread -rdynamic -Wl,-rpath,/opt/GenICam_v3_0_NI/bin/Linux32_ARM,-rpath,/usr/local/frc/lib -o FRCUserProgram "src\\CommandBase.o" "src\\Commands\\AlignWithWall.o" "src\\Commands\\ArmDown.o" "src\\Commands\\ArmUp.o" "src\\Commands\\Autonomous.o" "src\\Commands\\Drive.o" "src\\Commands\\GyroTurn.o" "src\\Commands\\MoveArm.o" "src\\Commands\\MoveFromWall.o" "src\\Commands\\MoveUntilWall.o" "src\\Commands\\TankDrive.o" "src\\OI.o" "src\\Robot.o" "src\\Subsystems\\Arm.o" "src\\Subsystems\\DriveTrain.o" "src\\Utilities\\NetworkTablesInterface.o" -lCTRE_Phoenix -lCTRE_PhoenixCCI -lCTRE_Phoenix -lCTRE_PhoenixCCI -lwpi 
arm-frc-linux-gnueabi-g++: error: src\Commands\ArmUp.o: No such file or directory
11:56:04 **** Incremental Build of configuration Debug for project Mock2k17 ****
Info: Internal Builder is used for build
arm-frc-linux-gnueabi-g++ -std=c++1y "-IC:\\Users\\ankbh/wpilib/cpp/current/include" "-IC:\\Users\\ankbh\\Robotics\\Mock2k17\\src" "-IC:\\Users\\ankbh/wpilib/user/cpp/include" -O0 -Og -g3 -Wall -c -fmessage-length=0 -pthread -o "src\\Commands\\Turn.o" "..\\src\\Commands\\Turn.cpp" 
In file included from ..\src\Commands\../CommandBase.h:12:0,
                 from ..\src\Commands\Turn.h:4,
                 from ..\src\Commands\Turn.cpp:1:
..\src\Commands\../Subsystems/DriveTrain.h:7:29: fatal error: ctrlib/CANTalon.h: No such file or directory
compilation terminated.
Info: Nothing to build for Team-3341-PowerUp
11:56:06 **** Incremental Build of configuration Debug for project tesst ****
Info: Internal Builder is used for build
arm-frc-linux-gnueabi-g++ -std=c++1y "-IC:\\Users\\ankbh/wpilib/cpp/current/include" "-IC:\\Users\\ankbh\\Robotics\\tesst\\src" "-IC:\\Users\\ankbh/wpilib/user/cpp/include" -O0 -Og -g3 -Wall -c -fmessage-length=0 -pthread -o "src\\Subsystems\\Winch.o" "..\\src\\Subsystems\\Winch.cpp" 
In file included from ..\src\Subsystems\Winch.cpp:1:0:
..\src\Subsystems\Winch.h:5:29: fatal error: ctrlib/CANTalon.h: No such file or directory
compilation terminated.
15:23:15 **** Incremental Build of configuration Debug for project Arcade Drive ****
Info: Internal Builder is used for build
arm-frc-linux-gnueabi-g++ -std=c++1y "-IC:\\Users\\ankbh/wpilib/cpp/current/include" "-IC:\\Users\\ankbh\\Robotics\\Arcade Drive\\src" "-IC:\\Users\\ankbh/wpilib/user/cpp/include" -O0 -Og -g3 -Wall -c -fmessage-length=0 -pthread -o "src\\Robot.o" "..\\src\\Robot.cpp" 
arm-frc-linux-gnueabi-g++ "-LC:\\Users\\ankbh/wpilib/common/current/lib/linux/athena/shared" "-LC:\\Users\\ankbh/wpilib/cpp/current/reflib/linux/athena/shared" "-LC:\\Users\\ankbh/wpilib/user/cpp/lib" -pthread -rdynamic -Wl,-rpath,/opt/GenICam_v3_0_NI/bin/Linux32_ARM,-rpath,/usr/local/frc/lib -o FRCUserProgram "src\\Robot.o" -lCTRE_Phoenix -lCTRE_PhoenixCCI -lCTRE_Phoenix -lCTRE_PhoenixCCI -lwpi 
Info: Nothing to build for Arcade Drive

**** Build of configuration Debug for project Drivetrain_Test_2 ****

Nothing to build for project Drivetrain_Test_2
15:23:33 **** Incremental Build of configuration Debug for project Drivetrain_test_3 ****
Info: Internal Builder is used for build
arm-frc-linux-gnueabi-g++ "-LC:\\Users\\ankbh/wpilib/user/cpp/lib" "-LC:\\Users\\ankbh/wpilib/cpp/current/reflib/linux/athena/shared" "-LC:\\Users\\ankbh/wpilib/common/current/lib/linux/athena/shared" -pthread -rdynamic -Wl,-rpath,/opt/GenICam_v3_0_NI/bin/Linux32_ARM,-rpath,/usr/local/frc/lib -o FRCUserProgram "src\\CommandBase.o" "src\\Commands\\ExampleCommand.o" "src\\Commands\\TankDrive.o" "src\\OI.o" "src\\Robot.o" "src\\Subsystems\\Drivetrain.o" "src\\Subsystems\\ExampleSubsystem.o" -lCTRE_Phoenix -lCTRE_PhoenixCCI -lCTRE_Phoenix -lCTRE_PhoenixCCI -lwpi 
arm-frc-linux-gnueabi-g++: error: src\Subsystems\Drivetrain.o: No such file or directory
15:23:34 **** Incremental Build of configuration Debug for project Expo-bot ****
Info: Internal Builder is used for build
arm-frc-linux-gnueabi-g++ -std=c++1y "-IC:\\Users\\ankbh/wpilib/cpp/current/include" "-IC:\\Users\\ankbh\\Robotics\\Expo-bot\\src" "-IC:\\Users\\ankbh/wpilib/user/cpp/include" -O0 -Og -g3 -Wall -c -fmessage-length=0 -pthread -o "src\\CommandBase.o" "..\\src\\CommandBase.cpp" 
In file included from ..\src\CommandBase.h:6:0,
                 from ..\src\CommandBase.cpp:1:
..\src\Subsystems/Winch.h:5:29: fatal error: ctrlib/CANTalon.h: No such file or directory
compilation terminated.
15:23:35 **** Incremental Build of configuration Debug for project Mock ****
Info: Internal Builder is used for build
arm-frc-linux-gnueabi-g++ "-LC:\\Users\\ankbh/wpilib/user/cpp/lib" "-LC:\\Users\\ankbh/wpilib/cpp/current/reflib/linux/athena/shared" "-LC:\\Users\\ankbh/wpilib/common/current/lib/linux/athena/shared" -pthread -rdynamic -Wl,-rpath,/opt/GenICam_v3_0_NI/bin/Linux32_ARM,-rpath,/usr/local/frc/lib -o FRCUserProgram "src\\CommandBase.o" "src\\Commands\\AlignWithWall.o" "src\\Commands\\ArmDown.o" "src\\Commands\\ArmUp.o" "src\\Commands\\Autonomous.o" "src\\Commands\\Drive.o" "src\\Commands\\GyroTurn.o" "src\\Commands\\MoveArm.o" "src\\Commands\\MoveFromWall.o" "src\\Commands\\MoveUntilWall.o" "src\\Commands\\TankDrive.o" "src\\OI.o" "src\\Robot.o" "src\\Subsystems\\Arm.o" "src\\Subsystems\\DriveTrain.o" "src\\Utilities\\NetworkTablesInterface.o" -lCTRE_Phoenix -lCTRE_PhoenixCCI -lCTRE_Phoenix -lCTRE_PhoenixCCI -lwpi 
arm-frc-linux-gnueabi-g++: error: src\Commands\ArmUp.o: No such file or directory
15:23:36 **** Incremental Build of configuration Debug for project Mock2k17 ****
Info: Internal Builder is used for build
arm-frc-linux-gnueabi-g++ -std=c++1y "-IC:\\Users\\ankbh/wpilib/cpp/current/include" "-IC:\\Users\\ankbh\\Robotics\\Mock2k17\\src" "-IC:\\Users\\ankbh/wpilib/user/cpp/include" -O0 -Og -g3 -Wall -c -fmessage-length=0 -pthread -o "src\\Commands\\Autonomous.o" "..\\src\\Commands\\Autonomous.cpp" 
..\src\Commands\Autonomous.cpp: In constructor 'Autonomous::Autonomous()':
..\src\Commands\Autonomous.cpp:6:20: error: expected type-specifier before 'Forward'
  AddSequential(new Forward());
                    ^
..\src\Commands\Autonomous.cpp:8:20: error: expected type-specifier before 'Turn'
  AddSequential(new Turn(90));
                    ^
..\src\Commands\Autonomous.cpp:9:20: error: expected type-specifier before 'DriveUntilTarget'
  AddSequential(new DriveUntilTarget());
                    ^
..\src\Commands\Autonomous.cpp:10:20: error: expected type-specifier before 'Turn'
  AddSequential(new Turn(-90));
                    ^
..\src\Commands\Autonomous.cpp:12:20: error: expected type-specifier before 'Forward'
  AddSequential(new Forward());
                    ^
..\src\Commands\Autonomous.cpp:13:20: error: expected type-specifier before 'Park'
  AddSequential(new Park());
                    ^
..\src\Commands\Autonomous.cpp:14:20: error: expected type-specifier before 'DriveUntilWall'
  AddSequential(new DriveUntilWall());
                    ^
..\src\Commands\Autonomous.cpp:15:20: error: expected type-specifier before 'PushTarget'
  AddSequential(new PushTarget());
                    ^
Info: Nothing to build for Team-3341-PowerUp
15:23:38 **** Incremental Build of configuration Debug for project tesst ****
Info: Internal Builder is used for build
arm-frc-linux-gnueabi-g++ -std=c++1y "-IC:\\Users\\ankbh/wpilib/cpp/current/include" "-IC:\\Users\\ankbh\\Robotics\\tesst\\src" "-IC:\\Users\\ankbh/wpilib/user/cpp/include" -O0 -Og -g3 -Wall -c -fmessage-length=0 -pthread -o "src\\Robot.o" "..\\src\\Robot.cpp" 
In file included from ..\src\Commands/../CommandBase.h:13:0,
                 from ..\src\Commands/ExampleCommand.h:4,
                 from ..\src\Robot.cpp:10:
..\src\Commands/../Subsystems/Winch.h:5:29: fatal error: ctrlib/CANTalon.h: No such file or directory
compilation terminated.
15:26:02 **** Incremental Build of configuration Debug for project Team-3341-PowerUp ****
Info: Internal Builder is used for build
arm-frc-linux-gnueabi-g++ -std=c++1y "-IC:\\Users\\ankbh/wpilib/cpp/current/include" "-IC:\\Users\\ankbh\\Robotics\\Team-3341-PowerUp\\src" "-IC:\\Users\\ankbh/wpilib/user/cpp/include" -O0 -Og -g3 -Wall -c -fmessage-length=0 -pthread -o "src\\Subsystems\\DriveTrain.o" "..\\src\\Subsystems\\DriveTrain.cpp" 
arm-frc-linux-gnueabi-g++ "-LC:\\Users\\ankbh/wpilib/user/cpp/lib" "-LC:\\Users\\ankbh/wpilib/cpp/current/reflib/linux/athena/shared" "-LC:\\Users\\ankbh/wpilib/common/current/lib/linux/athena/shared" -pthread -rdynamic -Wl,-rpath,/opt/GenICam_v3_0_NI/bin/Linux32_ARM,-rpath,/usr/local/frc/lib -o FRCUserProgram "src\\CommandBase.o" "src\\Commands\\DriveForward.o" "src\\Commands\\OppositeSideSwitch.o" "src\\Commands\\SameSideSwitch.o" "src\\Commands\\TankDrive.o" "src\\Commands\\Turn.o" "src\\OI.o" "src\\Robot.o" "src\\Subsystems\\DriveTrain.o" "src\\Utilities\\WVPIDController.o" -lCTRE_Phoenix -lCTRE_PhoenixCCI -lCTRE_Phoenix -lCTRE_PhoenixCCI -lwpi 
Info: Nothing to build for Arcade Drive

**** Build of configuration Debug for project Drivetrain_Test_2 ****

Nothing to build for project Drivetrain_Test_2
15:26:06 **** Incremental Build of configuration Debug for project Drivetrain_test_3 ****
Info: Internal Builder is used for build
arm-frc-linux-gnueabi-g++ "-LC:\\Users\\ankbh/wpilib/user/cpp/lib" "-LC:\\Users\\ankbh/wpilib/cpp/current/reflib/linux/athena/shared" "-LC:\\Users\\ankbh/wpilib/common/current/lib/linux/athena/shared" -pthread -rdynamic -Wl,-rpath,/opt/GenICam_v3_0_NI/bin/Linux32_ARM,-rpath,/usr/local/frc/lib -o FRCUserProgram "src\\CommandBase.o" "src\\Commands\\ExampleCommand.o" "src\\Commands\\TankDrive.o" "src\\OI.o" "src\\Robot.o" "src\\Subsystems\\Drivetrain.o" "src\\Subsystems\\ExampleSubsystem.o" -lCTRE_Phoenix -lCTRE_PhoenixCCI -lCTRE_Phoenix -lCTRE_PhoenixCCI -lwpi 
arm-frc-linux-gnueabi-g++: error: src\Subsystems\Drivetrain.o: No such file or directory
15:26:07 **** Incremental Build of configuration Debug for project Expo-bot ****
Info: Internal Builder is used for build
arm-frc-linux-gnueabi-g++ -std=c++1y "-IC:\\Users\\ankbh/wpilib/cpp/current/include" "-IC:\\Users\\ankbh\\Robotics\\Expo-bot\\src" "-IC:\\Users\\ankbh/wpilib/user/cpp/include" -O0 -Og -g3 -Wall -c -fmessage-length=0 -pthread -o "src\\Commands\\ShootStop.o" "..\\src\\Commands\\ShootStop.cpp" 
In file included from ..\src\Commands\../CommandBase.h:6:0,
                 from ..\src\Commands\ShootStop.h:4,
                 from ..\src\Commands\ShootStop.cpp:1:
..\src\Commands\../Subsystems/Winch.h:5:29: fatal error: ctrlib/CANTalon.h: No such file or directory
compilation terminated.
15:26:09 **** Incremental Build of configuration Debug for project Mock ****
Info: Internal Builder is used for build
arm-frc-linux-gnueabi-g++ "-LC:\\Users\\ankbh/wpilib/user/cpp/lib" "-LC:\\Users\\ankbh/wpilib/cpp/current/reflib/linux/athena/shared" "-LC:\\Users\\ankbh/wpilib/common/current/lib/linux/athena/shared" -pthread -rdynamic -Wl,-rpath,/opt/GenICam_v3_0_NI/bin/Linux32_ARM,-rpath,/usr/local/frc/lib -o FRCUserProgram "src\\CommandBase.o" "src\\Commands\\AlignWithWall.o" "src\\Commands\\ArmDown.o" "src\\Commands\\ArmUp.o" "src\\Commands\\Autonomous.o" "src\\Commands\\Drive.o" "src\\Commands\\GyroTurn.o" "src\\Commands\\MoveArm.o" "src\\Commands\\MoveFromWall.o" "src\\Commands\\MoveUntilWall.o" "src\\Commands\\TankDrive.o" "src\\OI.o" "src\\Robot.o" "src\\Subsystems\\Arm.o" "src\\Subsystems\\DriveTrain.o" "src\\Utilities\\NetworkTablesInterface.o" -lCTRE_Phoenix -lCTRE_PhoenixCCI -lCTRE_Phoenix -lCTRE_PhoenixCCI -lwpi 
arm-frc-linux-gnueabi-g++: error: src\Commands\ArmUp.o: No such file or directory
15:26:09 **** Incremental Build of configuration Debug for project Mock2k17 ****
Info: Internal Builder is used for build
arm-frc-linux-gnueabi-g++ -std=c++1y "-IC:\\Users\\ankbh/wpilib/cpp/current/include" "-IC:\\Users\\ankbh\\Robotics\\Mock2k17\\src" "-IC:\\Users\\ankbh/wpilib/user/cpp/include" -O0 -Og -g3 -Wall -c -fmessage-length=0 -pthread -o "src\\Commands\\Autonomous.o" "..\\src\\Commands\\Autonomous.cpp" 
..\src\Commands\Autonomous.cpp: In constructor 'Autonomous::Autonomous()':
..\src\Commands\Autonomous.cpp:6:20: error: expected type-specifier before 'Forward'
  AddSequential(new Forward());
                    ^
..\src\Commands\Autonomous.cpp:8:20: error: expected type-specifier before 'Turn'
  AddSequential(new Turn(90));
                    ^
..\src\Commands\Autonomous.cpp:9:20: error: expected type-specifier before 'DriveUntilTarget'
  AddSequential(new DriveUntilTarget());
                    ^
..\src\Commands\Autonomous.cpp:10:20: error: expected type-specifier before 'Turn'
  AddSequential(new Turn(-90));
                    ^
..\src\Commands\Autonomous.cpp:12:20: error: expected type-specifier before 'Forward'
  AddSequential(new Forward());
                    ^
..\src\Commands\Autonomous.cpp:13:20: error: expected type-specifier before 'Park'
  AddSequential(new Park());
                    ^
..\src\Commands\Autonomous.cpp:14:20: error: expected type-specifier before 'DriveUntilWall'
  AddSequential(new DriveUntilWall());
                    ^
..\src\Commands\Autonomous.cpp:15:20: error: expected type-specifier before 'PushTarget'
  AddSequential(new PushTarget());
                    ^
Info: Nothing to build for Team-3341-PowerUp
15:26:12 **** Incremental Build of configuration Debug for project tesst ****
Info: Internal Builder is used for build
arm-frc-linux-gnueabi-g++ -std=c++1y "-IC:\\Users\\ankbh/wpilib/cpp/current/include" "-IC:\\Users\\ankbh\\Robotics\\tesst\\src" "-IC:\\Users\\ankbh/wpilib/user/cpp/include" -O0 -Og -g3 -Wall -c -fmessage-length=0 -pthread -o "src\\CommandBase.o" "..\\src\\CommandBase.cpp" 
In file included from ..\src\CommandBase.h:13:0,
                 from ..\src\CommandBase.cpp:1:
..\src\Subsystems/Winch.h:5:29: fatal error: ctrlib/CANTalon.h: No such file or directory
compilation terminated.
15:27:07 **** Incremental Build of configuration Debug for project Team-3341-PowerUp ****
Info: Internal Builder is used for build
arm-frc-linux-gnueabi-g++ "-LC:\\Users\\ankbh/wpilib/user/cpp/lib" "-LC:\\Users\\ankbh/wpilib/cpp/current/reflib/linux/athena/shared" "-LC:\\Users\\ankbh/wpilib/common/current/lib/linux/athena/shared" -pthread -rdynamic -Wl,-rpath,/opt/GenICam_v3_0_NI/bin/Linux32_ARM,-rpath,/usr/local/frc/lib -o FRCUserProgram "src\\CommandBase.o" "src\\Commands\\DriveForward.o" "src\\Commands\\OppositeSideSwitch.o" "src\\Commands\\SameSideSwitch.o" "src\\Commands\\TankDrive.o" "src\\Commands\\Turn.o" "src\\OI.o" "src\\Robot.o" "src\\Subsystems\\DriveTrain.o" "src\\Utilities\\WVPIDController.o" -lCTRE_Phoenix -lCTRE_PhoenixCCI -lCTRE_Phoenix -lCTRE_PhoenixCCI -lwpi 
Info: Nothing to build for Arcade Drive

**** Build of configuration Debug for project Drivetrain_Test_2 ****

Nothing to build for project Drivetrain_Test_2
15:27:11 **** Incremental Build of configuration Debug for project Drivetrain_test_3 ****
Info: Internal Builder is used for build
arm-frc-linux-gnueabi-g++ "-LC:\\Users\\ankbh/wpilib/user/cpp/lib" "-LC:\\Users\\ankbh/wpilib/cpp/current/reflib/linux/athena/shared" "-LC:\\Users\\ankbh/wpilib/common/current/lib/linux/athena/shared" -pthread -rdynamic -Wl,-rpath,/opt/GenICam_v3_0_NI/bin/Linux32_ARM,-rpath,/usr/local/frc/lib -o FRCUserProgram "src\\CommandBase.o" "src\\Commands\\ExampleCommand.o" "src\\Commands\\TankDrive.o" "src\\OI.o" "src\\Robot.o" "src\\Subsystems\\Drivetrain.o" "src\\Subsystems\\ExampleSubsystem.o" -lCTRE_Phoenix -lCTRE_PhoenixCCI -lCTRE_Phoenix -lCTRE_PhoenixCCI -lwpi 
arm-frc-linux-gnueabi-g++: error: src\Subsystems\Drivetrain.o: No such file or directory
15:27:11 **** Incremental Build of configuration Debug for project Expo-bot ****
Info: Internal Builder is used for build
arm-frc-linux-gnueabi-g++ -std=c++1y "-IC:\\Users\\ankbh/wpilib/cpp/current/include" "-IC:\\Users\\ankbh\\Robotics\\Expo-bot\\src" "-IC:\\Users\\ankbh/wpilib/user/cpp/include" -O0 -Og -g3 -Wall -c -fmessage-length=0 -pthread -o "src\\Robot.o" "..\\src\\Robot.cpp" 
In file included from C:\Users\ankbh\Robotics\Expo-bot\src/CommandBase.h:6:0,
                 from ..\src\Commands/drive.h:5,
                 from ..\src\Robot.cpp:9:
C:\Users\ankbh\Robotics\Expo-bot\src/Subsystems/Winch.h:5:29: fatal error: ctrlib/CANTalon.h: No such file or directory
compilation terminated.
15:27:13 **** Incremental Build of configuration Debug for project Mock ****
Info: Internal Builder is used for build
arm-frc-linux-gnueabi-g++ "-LC:\\Users\\ankbh/wpilib/user/cpp/lib" "-LC:\\Users\\ankbh/wpilib/cpp/current/reflib/linux/athena/shared" "-LC:\\Users\\ankbh/wpilib/common/current/lib/linux/athena/shared" -pthread -rdynamic -Wl,-rpath,/opt/GenICam_v3_0_NI/bin/Linux32_ARM,-rpath,/usr/local/frc/lib -o FRCUserProgram "src\\CommandBase.o" "src\\Commands\\AlignWithWall.o" "src\\Commands\\ArmDown.o" "src\\Commands\\ArmUp.o" "src\\Commands\\Autonomous.o" "src\\Commands\\Drive.o" "src\\Commands\\GyroTurn.o" "src\\Commands\\MoveArm.o" "src\\Commands\\MoveFromWall.o" "src\\Commands\\MoveUntilWall.o" "src\\Commands\\TankDrive.o" "src\\OI.o" "src\\Robot.o" "src\\Subsystems\\Arm.o" "src\\Subsystems\\DriveTrain.o" "src\\Utilities\\NetworkTablesInterface.o" -lCTRE_Phoenix -lCTRE_PhoenixCCI -lCTRE_Phoenix -lCTRE_PhoenixCCI -lwpi 
arm-frc-linux-gnueabi-g++: error: src\Commands\ArmUp.o: No such file or directory
15:27:13 **** Incremental Build of configuration Debug for project Mock2k17 ****
Info: Internal Builder is used for build
arm-frc-linux-gnueabi-g++ -std=c++1y "-IC:\\Users\\ankbh/wpilib/cpp/current/include" "-IC:\\Users\\ankbh\\Robotics\\Mock2k17\\src" "-IC:\\Users\\ankbh/wpilib/user/cpp/include" -O0 -Og -g3 -Wall -c -fmessage-length=0 -pthread -o "src\\Robot.o" "..\\src\\Robot.cpp" 
In file included from ..\src\CommandBase.h:12:0,
                 from ..\src\Robot.cpp:10:
..\src\Subsystems/DriveTrain.h:7:29: fatal error: ctrlib/CANTalon.h: No such file or directory
compilation terminated.
15:27:15 **** Incremental Build of configuration Debug for project Team-3341-PowerUp ****
Info: Internal Builder is used for build
arm-frc-linux-gnueabi-g++ -std=c++1y "-IC:\\Users\\ankbh/wpilib/cpp/current/include" "-IC:\\Users\\ankbh\\Robotics\\Team-3341-PowerUp\\src" "-IC:\\Users\\ankbh/wpilib/user/cpp/include" -O0 -Og -g3 -Wall -c -fmessage-length=0 -pthread -o "src\\Subsystems\\DriveTrain.o" "..\\src\\Subsystems\\DriveTrain.cpp" 
arm-frc-linux-gnueabi-g++ "-LC:\\Users\\ankbh/wpilib/user/cpp/lib" "-LC:\\Users\\ankbh/wpilib/cpp/current/reflib/linux/athena/shared" "-LC:\\Users\\ankbh/wpilib/common/current/lib/linux/athena/shared" -pthread -rdynamic -Wl,-rpath,/opt/GenICam_v3_0_NI/bin/Linux32_ARM,-rpath,/usr/local/frc/lib -o FRCUserProgram "src\\CommandBase.o" "src\\Commands\\DriveForward.o" "src\\Commands\\OppositeSideSwitch.o" "src\\Commands\\SameSideSwitch.o" "src\\Commands\\TankDrive.o" "src\\Commands\\Turn.o" "src\\OI.o" "src\\Robot.o" "src\\Subsystems\\DriveTrain.o" "src\\Utilities\\WVPIDController.o" -lCTRE_Phoenix -lCTRE_PhoenixCCI -lCTRE_Phoenix -lCTRE_PhoenixCCI -lwpi 
15:27:18 **** Incremental Build of configuration Debug for project tesst ****
Info: Internal Builder is used for build
arm-frc-linux-gnueabi-g++ -std=c++1y "-IC:\\Users\\ankbh/wpilib/cpp/current/include" "-IC:\\Users\\ankbh\\Robotics\\tesst\\src" "-IC:\\Users\\ankbh/wpilib/user/cpp/include" -O0 -Og -g3 -Wall -c -fmessage-length=0 -pthread -o "src\\CommandBase.o" "..\\src\\CommandBase.cpp" 
In file included from ..\src\CommandBase.h:13:0,
                 from ..\src\CommandBase.cpp:1:
..\src\Subsystems/Winch.h:5:29: fatal error: ctrlib/CANTalon.h: No such file or directory
compilation terminated.
15:35:33 **** Incremental Build of configuration Debug for project Team-3341-PowerUp ****
Info: Internal Builder is used for build
arm-frc-linux-gnueabi-g++ -std=c++1y "-IC:\\Users\\ankbh/wpilib/cpp/current/include" "-IC:\\Users\\ankbh\\Robotics\\Team-3341-PowerUp\\src" "-IC:\\Users\\ankbh/wpilib/user/cpp/include" -O0 -Og -g3 -Wall -c -fmessage-length=0 -pthread -o "src\\Commands\\OppositeSideSwitch.o" "..\\src\\Commands\\OppositeSideSwitch.cpp" 
arm-frc-linux-gnueabi-g++ -std=c++1y "-IC:\\Users\\ankbh/wpilib/cpp/current/include" "-IC:\\Users\\ankbh\\Robotics\\Team-3341-PowerUp\\src" "-IC:\\Users\\ankbh/wpilib/user/cpp/include" -O0 -Og -g3 -Wall -c -fmessage-length=0 -pthread -o "src\\Commands\\SameSideSwitch.o" "..\\src\\Commands\\SameSideSwitch.cpp" 
arm-frc-linux-gnueabi-g++ -std=c++1y "-IC:\\Users\\ankbh/wpilib/cpp/current/include" "-IC:\\Users\\ankbh\\Robotics\\Team-3341-PowerUp\\src" "-IC:\\Users\\ankbh/wpilib/user/cpp/include" -O0 -Og -g3 -Wall -c -fmessage-length=0 -pthread -o "src\\Commands\\Turn.o" "..\\src\\Commands\\Turn.cpp" 
arm-frc-linux-gnueabi-g++ -std=c++1y "-IC:\\Users\\ankbh/wpilib/cpp/current/include" "-IC:\\Users\\ankbh\\Robotics\\Team-3341-PowerUp\\src" "-IC:\\Users\\ankbh/wpilib/user/cpp/include" -O0 -Og -g3 -Wall -c -fmessage-length=0 -pthread -o "src\\Subsystems\\DriveTrain.o" "..\\src\\Subsystems\\DriveTrain.cpp" 
In file included from ..\src\Subsystems\DriveTrain.cpp:1:0:
..\src\Subsystems\DriveTrain.h: In constructor 'DriveTrain::DriveTrain()':
..\src\Subsystems\DriveTrain.h:18:17: warning: 'DriveTrain::gyro' will be initialized after [-Wreorder]
  ADXRS450_Gyro* gyro;
                 ^
..\src\Subsystems\DriveTrain.h:17:13: warning:   'ctre::phoenix::motorcontrol::can::TalonSRX* DriveTrain::arm' [-Wreorder]
  TalonSRX * arm;
             ^
..\src\Subsystems\DriveTrain.cpp:8:1: warning:   when initialized here [-Wreorder]
 DriveTrain::DriveTrain() : Subsystem("DriveTrain"), left(new TalonSRX(LEFTMOTOR)), right(new TalonSRX(RIGHTMOTOR)),
 ^
arm-frc-linux-gnueabi-g++ -std=c++1y "-IC:\\Users\\ankbh/wpilib/cpp/current/include" "-IC:\\Users\\ankbh\\Robotics\\Team-3341-PowerUp\\src" "-IC:\\Users\\ankbh/wpilib/user/cpp/include" -O0 -Og -g3 -Wall -c -fmessage-length=0 -pthread -o "src\\Commands\\DriveForward.o" "..\\src\\Commands\\DriveForward.cpp" 
..\src\Commands\DriveForward.cpp: In member function 'virtual void DriveForward::Execute()':
..\src\Commands\DriveForward.cpp:18:9: warning: unused variable 'average' [-Wunused-variable]
  double average = (drive->leftDistance() + drive->rightDistance()) / 2;
         ^
arm-frc-linux-gnueabi-g++ -std=c++1y "-IC:\\Users\\ankbh/wpilib/cpp/current/include" "-IC:\\Users\\ankbh\\Robotics\\Team-3341-PowerUp\\src" "-IC:\\Users\\ankbh/wpilib/user/cpp/include" -O0 -Og -g3 -Wall -c -fmessage-length=0 -pthread -o "src\\Commands\\moveArm.o" "..\\src\\Commands\\moveArm.cpp" 
arm-frc-linux-gnueabi-g++ -std=c++1y "-IC:\\Users\\ankbh/wpilib/cpp/current/include" "-IC:\\Users\\ankbh\\Robotics\\Team-3341-PowerUp\\src" "-IC:\\Users\\ankbh/wpilib/user/cpp/include" -O0 -Og -g3 -Wall -c -fmessage-length=0 -pthread -o "src\\Commands\\TankDrive.o" "..\\src\\Commands\\TankDrive.cpp" 
..\src\Commands\TankDrive.cpp: In member function 'virtual void TankDrive::Execute()':
..\src\Commands\TankDrive.cpp:20:9: warning: unused variable 'average' [-Wunused-variable]
  double average = (drive->leftDistance() + drive->rightDistance()) / 2;
         ^
arm-frc-linux-gnueabi-g++ -std=c++1y "-IC:\\Users\\ankbh/wpilib/cpp/current/include" "-IC:\\Users\\ankbh\\Robotics\\Team-3341-PowerUp\\src" "-IC:\\Users\\ankbh/wpilib/user/cpp/include" -O0 -Og -g3 -Wall -c -fmessage-length=0 -pthread -o "src\\Robot.o" "..\\src\\Robot.cpp" 
..\src\Robot.cpp: In member function 'virtual void Robot::TestPeriodic()':
..\src\Robot.cpp:91:39: warning: 'void frc::LiveWindow::Run()' is deprecated: no longer required [-Wdeprecated-declarations]
   frc::LiveWindow::GetInstance()->Run();
                                       ^
In file included from ..\src\Robot.cpp:6:0:
C:\Users\ankbh/wpilib/cpp/current/include/LiveWindow/LiveWindow.h:31:8: note: declared here
   void Run() { UpdateValues(); }
        ^
arm-frc-linux-gnueabi-g++ -std=c++1y "-IC:\\Users\\ankbh/wpilib/cpp/current/include" "-IC:\\Users\\ankbh\\Robotics\\Team-3341-PowerUp\\src" "-IC:\\Users\\ankbh/wpilib/user/cpp/include" -O0 -Og -g3 -Wall -c -fmessage-length=0 -pthread -o "src\\OI.o" "..\\src\\OI.cpp" 
arm-frc-linux-gnueabi-g++ -std=c++1y "-IC:\\Users\\ankbh/wpilib/cpp/current/include" "-IC:\\Users\\ankbh\\Robotics\\Team-3341-PowerUp\\src" "-IC:\\Users\\ankbh/wpilib/user/cpp/include" -O0 -Og -g3 -Wall -c -fmessage-length=0 -pthread -o "src\\CommandBase.o" "..\\src\\CommandBase.cpp" 
arm-frc-linux-gnueabi-g++ "-LC:\\Users\\ankbh/wpilib/user/cpp/lib" "-LC:\\Users\\ankbh/wpilib/cpp/current/reflib/linux/athena/shared" "-LC:\\Users\\ankbh/wpilib/common/current/lib/linux/athena/shared" -pthread -rdynamic -Wl,-rpath,/opt/GenICam_v3_0_NI/bin/Linux32_ARM,-rpath,/usr/local/frc/lib -o FRCUserProgram "src\\CommandBase.o" "src\\Commands\\DriveForward.o" "src\\Commands\\OppositeSideSwitch.o" "src\\Commands\\SameSideSwitch.o" "src\\Commands\\TankDrive.o" "src\\Commands\\Turn.o" "src\\Commands\\moveArm.o" "src\\OI.o" "src\\Robot.o" "src\\Subsystems\\DriveTrain.o" "src\\Utilities\\WVPIDController.o" -lCTRE_Phoenix -lCTRE_PhoenixCCI -lCTRE_Phoenix -lCTRE_PhoenixCCI -lwpi 
Info: Nothing to build for Arcade Drive

**** Build of configuration Debug for project Drivetrain_Test_2 ****

Nothing to build for project Drivetrain_Test_2
15:36:01 **** Incremental Build of configuration Debug for project Drivetrain_test_3 ****
Info: Internal Builder is used for build
arm-frc-linux-gnueabi-g++ "-LC:\\Users\\ankbh/wpilib/user/cpp/lib" "-LC:\\Users\\ankbh/wpilib/cpp/current/reflib/linux/athena/shared" "-LC:\\Users\\ankbh/wpilib/common/current/lib/linux/athena/shared" -pthread -rdynamic -Wl,-rpath,/opt/GenICam_v3_0_NI/bin/Linux32_ARM,-rpath,/usr/local/frc/lib -o FRCUserProgram "src\\CommandBase.o" "src\\Commands\\ExampleCommand.o" "src\\Commands\\TankDrive.o" "src\\OI.o" "src\\Robot.o" "src\\Subsystems\\Drivetrain.o" "src\\Subsystems\\ExampleSubsystem.o" -lCTRE_Phoenix -lCTRE_PhoenixCCI -lCTRE_Phoenix -lCTRE_PhoenixCCI -lwpi 
arm-frc-linux-gnueabi-g++: error: src\Subsystems\Drivetrain.o: No such file or directory
15:36:02 **** Incremental Build of configuration Debug for project Expo-bot ****
Info: Internal Builder is used for build
arm-frc-linux-gnueabi-g++ -std=c++1y "-IC:\\Users\\ankbh/wpilib/cpp/current/include" "-IC:\\Users\\ankbh\\Robotics\\Expo-bot\\src" "-IC:\\Users\\ankbh/wpilib/user/cpp/include" -O0 -Og -g3 -Wall -c -fmessage-length=0 -pthread -o "src\\Subsystems\\DriveTrainSubsystem.o" "..\\src\\Subsystems\\DriveTrainSubsystem.cpp" 
In file included from C:\Users\ankbh\Robotics\Expo-bot\src/CommandBase.h:6:0,
                 from C:\Users\ankbh\Robotics\Expo-bot\src/Commands/drive.h:5,
                 from C:\Users\ankbh\Robotics\Expo-bot\src/Robot.cpp:9,
                 from ..\src\Subsystems\DriveTrainSubsystem.cpp:3:
C:\Users\ankbh\Robotics\Expo-bot\src/Subsystems/Winch.h:5:29: fatal error: ctrlib/CANTalon.h: No such file or directory
compilation terminated.
15:36:04 **** Incremental Build of configuration Debug for project Mock ****
Info: Internal Builder is used for build
arm-frc-linux-gnueabi-g++ "-LC:\\Users\\ankbh/wpilib/user/cpp/lib" "-LC:\\Users\\ankbh/wpilib/cpp/current/reflib/linux/athena/shared" "-LC:\\Users\\ankbh/wpilib/common/current/lib/linux/athena/shared" -pthread -rdynamic -Wl,-rpath,/opt/GenICam_v3_0_NI/bin/Linux32_ARM,-rpath,/usr/local/frc/lib -o FRCUserProgram "src\\CommandBase.o" "src\\Commands\\AlignWithWall.o" "src\\Commands\\ArmDown.o" "src\\Commands\\ArmUp.o" "src\\Commands\\Autonomous.o" "src\\Commands\\Drive.o" "src\\Commands\\GyroTurn.o" "src\\Commands\\MoveArm.o" "src\\Commands\\MoveFromWall.o" "src\\Commands\\MoveUntilWall.o" "src\\Commands\\TankDrive.o" "src\\OI.o" "src\\Robot.o" "src\\Subsystems\\Arm.o" "src\\Subsystems\\DriveTrain.o" "src\\Utilities\\NetworkTablesInterface.o" -lCTRE_Phoenix -lCTRE_PhoenixCCI -lCTRE_Phoenix -lCTRE_PhoenixCCI -lwpi 
arm-frc-linux-gnueabi-g++: error: src\Commands\ArmUp.o: No such file or directory
15:36:04 **** Incremental Build of configuration Debug for project Mock2k17 ****
Info: Internal Builder is used for build
arm-frc-linux-gnueabi-g++ -std=c++1y "-IC:\\Users\\ankbh/wpilib/cpp/current/include" "-IC:\\Users\\ankbh\\Robotics\\Mock2k17\\src" "-IC:\\Users\\ankbh/wpilib/user/cpp/include" -O0 -Og -g3 -Wall -c -fmessage-length=0 -pthread -o "src\\Commands\\Turn.o" "..\\src\\Commands\\Turn.cpp" 
In file included from ..\src\Commands\../CommandBase.h:12:0,
                 from ..\src\Commands\Turn.h:4,
                 from ..\src\Commands\Turn.cpp:1:
..\src\Commands\../Subsystems/DriveTrain.h:7:29: fatal error: ctrlib/CANTalon.h: No such file or directory
compilation terminated.
Info: Nothing to build for Team-3341-PowerUp
15:36:06 **** Incremental Build of configuration Debug for project tesst ****
Info: Internal Builder is used for build
arm-frc-linux-gnueabi-g++ -std=c++1y "-IC:\\Users\\ankbh/wpilib/cpp/current/include" "-IC:\\Users\\ankbh\\Robotics\\tesst\\src" "-IC:\\Users\\ankbh/wpilib/user/cpp/include" -O0 -Og -g3 -Wall -c -fmessage-length=0 -pthread -o "src\\Commands\\moveWinch.o" "..\\src\\Commands\\moveWinch.cpp" 
In file included from ..\src\Commands\../CommandBase.h:13:0,
                 from ..\src\Commands\moveWinch.h:4,
                 from ..\src\Commands\moveWinch.cpp:1:
..\src\Commands\../Subsystems/Winch.h:5:29: fatal error: ctrlib/CANTalon.h: No such file or directory
compilation terminated.
15:56:35 **** Incremental Build of configuration Debug for project Team-3341-PowerUp ****
Info: Internal Builder is used for build
arm-frc-linux-gnueabi-g++ -std=c++1y "-IC:\\Users\\ankbh/wpilib/cpp/current/include" "-IC:\\Users\\ankbh\\Robotics\\Team-3341-PowerUp\\src" "-IC:\\Users\\ankbh/wpilib/user/cpp/include" -O0 -Og -g3 -Wall -c -fmessage-length=0 -pthread -o "src\\Commands\\SameSideSwitch.o" "..\\src\\Commands\\SameSideSwitch.cpp" 
arm-frc-linux-gnueabi-g++ -std=c++1y "-IC:\\Users\\ankbh/wpilib/cpp/current/include" "-IC:\\Users\\ankbh\\Robotics\\Team-3341-PowerUp\\src" "-IC:\\Users\\ankbh/wpilib/user/cpp/include" -O0 -Og -g3 -Wall -c -fmessage-length=0 -pthread -o "src\\Commands\\OppositeSideSwitch.o" "..\\src\\Commands\\OppositeSideSwitch.cpp" 
arm-frc-linux-gnueabi-g++ -std=c++1y "-IC:\\Users\\ankbh/wpilib/cpp/current/include" "-IC:\\Users\\ankbh\\Robotics\\Team-3341-PowerUp\\src" "-IC:\\Users\\ankbh/wpilib/user/cpp/include" -O0 -Og -g3 -Wall -c -fmessage-length=0 -pthread -o "src\\Commands\\TankDrive.o" "..\\src\\Commands\\TankDrive.cpp" 
..\src\Commands\TankDrive.cpp: In member function 'virtual void TankDrive::Execute()':
..\src\Commands\TankDrive.cpp:20:9: warning: unused variable 'average' [-Wunused-variable]
  double average = (drive->leftDistance() + drive->rightDistance()) / 2;
         ^
arm-frc-linux-gnueabi-g++ -std=c++1y "-IC:\\Users\\ankbh/wpilib/cpp/current/include" "-IC:\\Users\\ankbh\\Robotics\\Team-3341-PowerUp\\src" "-IC:\\Users\\ankbh/wpilib/user/cpp/include" -O0 -Og -g3 -Wall -c -fmessage-length=0 -pthread -o "src\\Subsystems\\Arm.o" "..\\src\\Subsystems\\Arm.cpp" 
arm-frc-linux-gnueabi-g++ -std=c++1y "-IC:\\Users\\ankbh/wpilib/cpp/current/include" "-IC:\\Users\\ankbh\\Robotics\\Team-3341-PowerUp\\src" "-IC:\\Users\\ankbh/wpilib/user/cpp/include" -O0 -Og -g3 -Wall -c -fmessage-length=0 -pthread -o "src\\CommandBase.o" "..\\src\\CommandBase.cpp" 
arm-frc-linux-gnueabi-g++ -std=c++1y "-IC:\\Users\\ankbh/wpilib/cpp/current/include" "-IC:\\Users\\ankbh\\Robotics\\Team-3341-PowerUp\\src" "-IC:\\Users\\ankbh/wpilib/user/cpp/include" -O0 -Og -g3 -Wall -c -fmessage-length=0 -pthread -o "src\\Robot.o" "..\\src\\Robot.cpp" 
..\src\Robot.cpp: In member function 'virtual void Robot::TestPeriodic()':
..\src\Robot.cpp:91:39: warning: 'void frc::LiveWindow::Run()' is deprecated: no longer required [-Wdeprecated-declarations]
   frc::LiveWindow::GetInstance()->Run();
                                       ^
In file included from ..\src\Robot.cpp:6:0:
C:\Users\ankbh/wpilib/cpp/current/include/LiveWindow/LiveWindow.h:31:8: note: declared here
   void Run() { UpdateValues(); }
        ^
arm-frc-linux-gnueabi-g++ -std=c++1y "-IC:\\Users\\ankbh/wpilib/cpp/current/include" "-IC:\\Users\\ankbh\\Robotics\\Team-3341-PowerUp\\src" "-IC:\\Users\\ankbh/wpilib/user/cpp/include" -O0 -Og -g3 -Wall -c -fmessage-length=0 -pthread -o "src\\Commands\\moveArm.o" "..\\src\\Commands\\moveArm.cpp" 
arm-frc-linux-gnueabi-g++ -std=c++1y "-IC:\\Users\\ankbh/wpilib/cpp/current/include" "-IC:\\Users\\ankbh\\Robotics\\Team-3341-PowerUp\\src" "-IC:\\Users\\ankbh/wpilib/user/cpp/include" -O0 -Og -g3 -Wall -c -fmessage-length=0 -pthread -o "src\\Subsystems\\DriveTrain.o" "..\\src\\Subsystems\\DriveTrain.cpp" 
In file included from ..\src\Subsystems\DriveTrain.cpp:1:0:
..\src\Subsystems\DriveTrain.h: In constructor 'DriveTrain::DriveTrain()':
..\src\Subsystems\DriveTrain.h:18:17: warning: 'DriveTrain::gyro' will be initialized after [-Wreorder]
  ADXRS450_Gyro* gyro;
                 ^
..\src\Subsystems\DriveTrain.h:17:13: warning:   'ctre::phoenix::motorcontrol::can::TalonSRX* DriveTrain::arm' [-Wreorder]
  TalonSRX * arm;
             ^
..\src\Subsystems\DriveTrain.cpp:8:1: warning:   when initialized here [-Wreorder]
 DriveTrain::DriveTrain() : Subsystem("DriveTrain"), left(new TalonSRX(LEFTMOTOR)), right(new TalonSRX(RIGHTMOTOR)),
 ^
arm-frc-linux-gnueabi-g++ -std=c++1y "-IC:\\Users\\ankbh/wpilib/cpp/current/include" "-IC:\\Users\\ankbh\\Robotics\\Team-3341-PowerUp\\src" "-IC:\\Users\\ankbh/wpilib/user/cpp/include" -O0 -Og -g3 -Wall -c -fmessage-length=0 -pthread -o "src\\Commands\\Turn.o" "..\\src\\Commands\\Turn.cpp" 
arm-frc-linux-gnueabi-g++ -std=c++1y "-IC:\\Users\\ankbh/wpilib/cpp/current/include" "-IC:\\Users\\ankbh\\Robotics\\Team-3341-PowerUp\\src" "-IC:\\Users\\ankbh/wpilib/user/cpp/include" -O0 -Og -g3 -Wall -c -fmessage-length=0 -pthread -o "src\\Commands\\DriveForward.o" "..\\src\\Commands\\DriveForward.cpp" 
..\src\Commands\DriveForward.cpp: In member function 'virtual void DriveForward::Execute()':
..\src\Commands\DriveForward.cpp:18:9: warning: unused variable 'average' [-Wunused-variable]
  double average = (drive->leftDistance() + drive->rightDistance()) / 2;
         ^
arm-frc-linux-gnueabi-g++ "-LC:\\Users\\ankbh/wpilib/user/cpp/lib" "-LC:\\Users\\ankbh/wpilib/cpp/current/reflib/linux/athena/shared" "-LC:\\Users\\ankbh/wpilib/common/current/lib/linux/athena/shared" -pthread -rdynamic -Wl,-rpath,/opt/GenICam_v3_0_NI/bin/Linux32_ARM,-rpath,/usr/local/frc/lib -o FRCUserProgram "src\\CommandBase.o" "src\\Commands\\DriveForward.o" "src\\Commands\\OppositeSideSwitch.o" "src\\Commands\\SameSideSwitch.o" "src\\Commands\\TankDrive.o" "src\\Commands\\Turn.o" "src\\Commands\\moveArm.o" "src\\OI.o" "src\\Robot.o" "src\\Subsystems\\Arm.o" "src\\Subsystems\\DriveTrain.o" "src\\Utilities\\WVPIDController.o" -lCTRE_Phoenix -lCTRE_PhoenixCCI -lCTRE_Phoenix -lCTRE_PhoenixCCI -lwpi 
Info: Nothing to build for Arcade Drive

**** Build of configuration Debug for project Drivetrain_Test_2 ****

Nothing to build for project Drivetrain_Test_2
15:56:54 **** Incremental Build of configuration Debug for project Drivetrain_test_3 ****
Info: Internal Builder is used for build
arm-frc-linux-gnueabi-g++ "-LC:\\Users\\ankbh/wpilib/user/cpp/lib" "-LC:\\Users\\ankbh/wpilib/cpp/current/reflib/linux/athena/shared" "-LC:\\Users\\ankbh/wpilib/common/current/lib/linux/athena/shared" -pthread -rdynamic -Wl,-rpath,/opt/GenICam_v3_0_NI/bin/Linux32_ARM,-rpath,/usr/local/frc/lib -o FRCUserProgram "src\\CommandBase.o" "src\\Commands\\ExampleCommand.o" "src\\Commands\\TankDrive.o" "src\\OI.o" "src\\Robot.o" "src\\Subsystems\\Drivetrain.o" "src\\Subsystems\\ExampleSubsystem.o" -lCTRE_Phoenix -lCTRE_PhoenixCCI -lCTRE_Phoenix -lCTRE_PhoenixCCI -lwpi 
arm-frc-linux-gnueabi-g++: error: src\Subsystems\Drivetrain.o: No such file or directory
15:56:55 **** Incremental Build of configuration Debug for project Expo-bot ****
Info: Internal Builder is used for build
arm-frc-linux-gnueabi-g++ -std=c++1y "-IC:\\Users\\ankbh/wpilib/cpp/current/include" "-IC:\\Users\\ankbh\\Robotics\\Expo-bot\\src" "-IC:\\Users\\ankbh/wpilib/user/cpp/include" -O0 -Og -g3 -Wall -c -fmessage-length=0 -pthread -o "src\\Subsystems\\DriveTrainSubsystem.o" "..\\src\\Subsystems\\DriveTrainSubsystem.cpp" 
In file included from C:\Users\ankbh\Robotics\Expo-bot\src/CommandBase.h:6:0,
                 from C:\Users\ankbh\Robotics\Expo-bot\src/Commands/drive.h:5,
                 from C:\Users\ankbh\Robotics\Expo-bot\src/Robot.cpp:9,
                 from ..\src\Subsystems\DriveTrainSubsystem.cpp:3:
C:\Users\ankbh\Robotics\Expo-bot\src/Subsystems/Winch.h:5:29: fatal error: ctrlib/CANTalon.h: No such file or directory
compilation terminated.
15:56:56 **** Incremental Build of configuration Debug for project Mock ****
Info: Internal Builder is used for build
arm-frc-linux-gnueabi-g++ "-LC:\\Users\\ankbh/wpilib/user/cpp/lib" "-LC:\\Users\\ankbh/wpilib/cpp/current/reflib/linux/athena/shared" "-LC:\\Users\\ankbh/wpilib/common/current/lib/linux/athena/shared" -pthread -rdynamic -Wl,-rpath,/opt/GenICam_v3_0_NI/bin/Linux32_ARM,-rpath,/usr/local/frc/lib -o FRCUserProgram "src\\CommandBase.o" "src\\Commands\\AlignWithWall.o" "src\\Commands\\ArmDown.o" "src\\Commands\\ArmUp.o" "src\\Commands\\Autonomous.o" "src\\Commands\\Drive.o" "src\\Commands\\GyroTurn.o" "src\\Commands\\MoveArm.o" "src\\Commands\\MoveFromWall.o" "src\\Commands\\MoveUntilWall.o" "src\\Commands\\TankDrive.o" "src\\OI.o" "src\\Robot.o" "src\\Subsystems\\Arm.o" "src\\Subsystems\\DriveTrain.o" "src\\Utilities\\NetworkTablesInterface.o" -lCTRE_Phoenix -lCTRE_PhoenixCCI -lCTRE_Phoenix -lCTRE_PhoenixCCI -lwpi 
arm-frc-linux-gnueabi-g++: error: src\Commands\ArmUp.o: No such file or directory
15:56:56 **** Incremental Build of configuration Debug for project Mock2k17 ****
Info: Internal Builder is used for build
arm-frc-linux-gnueabi-g++ -std=c++1y "-IC:\\Users\\ankbh/wpilib/cpp/current/include" "-IC:\\Users\\ankbh\\Robotics\\Mock2k17\\src" "-IC:\\Users\\ankbh/wpilib/user/cpp/include" -O0 -Og -g3 -Wall -c -fmessage-length=0 -pthread -o "src\\Commands\\DriveUntilTarget.o" "..\\src\\Commands\\DriveUntilTarget.cpp" 
In file included from ..\src\Commands\../CommandBase.h:12:0,
                 from ..\src\Commands\DriveUntilTarget.h:6,
                 from ..\src\Commands\DriveUntilTarget.cpp:1:
..\src\Commands\../Subsystems/DriveTrain.h:7:29: fatal error: ctrlib/CANTalon.h: No such file or directory
compilation terminated.
Info: Nothing to build for Team-3341-PowerUp
15:56:57 **** Incremental Build of configuration Debug for project tesst ****
Info: Internal Builder is used for build
arm-frc-linux-gnueabi-g++ -std=c++1y "-IC:\\Users\\ankbh/wpilib/cpp/current/include" "-IC:\\Users\\ankbh\\Robotics\\tesst\\src" "-IC:\\Users\\ankbh/wpilib/user/cpp/include" -O0 -Og -g3 -Wall -c -fmessage-length=0 -pthread -o "src\\Commands\\ExampleCommand.o" "..\\src\\Commands\\ExampleCommand.cpp" 
In file included from ..\src\Commands\../CommandBase.h:13:0,
                 from ..\src\Commands\ExampleCommand.h:4,
                 from ..\src\Commands\ExampleCommand.cpp:1:
..\src\Commands\../Subsystems/Winch.h:5:29: fatal error: ctrlib/CANTalon.h: No such file or directory
compilation terminated.
16:01:11 **** Incremental Build of configuration Debug for project Team-3341-PowerUp ****
Info: Internal Builder is used for build
arm-frc-linux-gnueabi-g++ -std=c++1y "-IC:\\Users\\ankbh/wpilib/cpp/current/include" "-IC:\\Users\\ankbh\\Robotics\\Team-3341-PowerUp\\src" "-IC:\\Users\\ankbh/wpilib/user/cpp/include" -O0 -Og -g3 -Wall -c -fmessage-length=0 -pthread -o "src\\Subsystems\\Arm.o" "..\\src\\Subsystems\\Arm.cpp" 
..\src\Subsystems\Arm.cpp: In member function 'virtual void Arm::InitDefaultCommand()':
..\src\Subsystems\Arm.cpp:12:24: error: expected type-specifier before 'moveArm'
  SetDefaultCommand(new moveArm());
                        ^
16:06:49 **** Incremental Build of configuration Debug for project Team-3341-PowerUp ****
Info: Internal Builder is used for build
arm-frc-linux-gnueabi-g++ -std=c++1y "-IC:\\Users\\ankbh/wpilib/cpp/current/include" "-IC:\\Users\\ankbh\\Robotics\\Team-3341-PowerUp\\src" "-IC:\\Users\\ankbh/wpilib/user/cpp/include" -O0 -Og -g3 -Wall -c -fmessage-length=0 -pthread -o "src\\Subsystems\\DriveTrain.o" "..\\src\\Subsystems\\DriveTrain.cpp" 
In file included from ..\src\Subsystems\DriveTrain.cpp:1:0:
..\src\Subsystems\DriveTrain.h: In constructor 'DriveTrain::DriveTrain()':
..\src\Subsystems\DriveTrain.h:18:17: warning: 'DriveTrain::gyro' will be initialized after [-Wreorder]
  ADXRS450_Gyro* gyro;
                 ^
..\src\Subsystems\DriveTrain.h:17:13: warning:   'ctre::phoenix::motorcontrol::can::TalonSRX* DriveTrain::arm' [-Wreorder]
  TalonSRX * arm;
             ^
..\src\Subsystems\DriveTrain.cpp:8:1: warning:   when initialized here [-Wreorder]
 DriveTrain::DriveTrain() : Subsystem("DriveTrain"), left(new TalonSRX(LEFTMOTOR)), right(new TalonSRX(RIGHTMOTOR)),
 ^
arm-frc-linux-gnueabi-g++ -std=c++1y "-IC:\\Users\\ankbh/wpilib/cpp/current/include" "-IC:\\Users\\ankbh\\Robotics\\Team-3341-PowerUp\\src" "-IC:\\Users\\ankbh/wpilib/user/cpp/include" -O0 -Og -g3 -Wall -c -fmessage-length=0 -pthread -o "src\\Robot.o" "..\\src\\Robot.cpp" 
..\src\Robot.cpp: In member function 'virtual void Robot::TestPeriodic()':
..\src\Robot.cpp:91:39: warning: 'void frc::LiveWindow::Run()' is deprecated: no longer required [-Wdeprecated-declarations]
   frc::LiveWindow::GetInstance()->Run();
                                       ^
In file included from ..\src\Robot.cpp:6:0:
C:\Users\ankbh/wpilib/cpp/current/include/LiveWindow/LiveWindow.h:31:8: note: declared here
   void Run() { UpdateValues(); }
        ^
arm-frc-linux-gnueabi-g++ -std=c++1y "-IC:\\Users\\ankbh/wpilib/cpp/current/include" "-IC:\\Users\\ankbh\\Robotics\\Team-3341-PowerUp\\src" "-IC:\\Users\\ankbh/wpilib/user/cpp/include" -O0 -Og -g3 -Wall -c -fmessage-length=0 -pthread -o "src\\Commands\\OppositeSideSwitch.o" "..\\src\\Commands\\OppositeSideSwitch.cpp" 
arm-frc-linux-gnueabi-g++ -std=c++1y "-IC:\\Users\\ankbh/wpilib/cpp/current/include" "-IC:\\Users\\ankbh\\Robotics\\Team-3341-PowerUp\\src" "-IC:\\Users\\ankbh/wpilib/user/cpp/include" -O0 -Og -g3 -Wall -c -fmessage-length=0 -pthread -o "src\\Commands\\SameSideSwitch.o" "..\\src\\Commands\\SameSideSwitch.cpp" 
arm-frc-linux-gnueabi-g++ -std=c++1y "-IC:\\Users\\ankbh/wpilib/cpp/current/include" "-IC:\\Users\\ankbh\\Robotics\\Team-3341-PowerUp\\src" "-IC:\\Users\\ankbh/wpilib/user/cpp/include" -O0 -Og -g3 -Wall -c -fmessage-length=0 -pthread -o "src\\Commands\\TankDrive.o" "..\\src\\Commands\\TankDrive.cpp" 
..\src\Commands\TankDrive.cpp: In member function 'virtual void TankDrive::Execute()':
..\src\Commands\TankDrive.cpp:20:9: warning: unused variable 'average' [-Wunused-variable]
  double average = (drive->leftDistance() + drive->rightDistance()) / 2;
         ^
arm-frc-linux-gnueabi-g++ -std=c++1y "-IC:\\Users\\ankbh/wpilib/cpp/current/include" "-IC:\\Users\\ankbh\\Robotics\\Team-3341-PowerUp\\src" "-IC:\\Users\\ankbh/wpilib/user/cpp/include" -O0 -Og -g3 -Wall -c -fmessage-length=0 -pthread -o "src\\Commands\\Turn.o" "..\\src\\Commands\\Turn.cpp" 
arm-frc-linux-gnueabi-g++ -std=c++1y "-IC:\\Users\\ankbh/wpilib/cpp/current/include" "-IC:\\Users\\ankbh\\Robotics\\Team-3341-PowerUp\\src" "-IC:\\Users\\ankbh/wpilib/user/cpp/include" -O0 -Og -g3 -Wall -c -fmessage-length=0 -pthread -o "src\\Subsystems\\Arm.o" "..\\src\\Subsystems\\Arm.cpp" 
arm-frc-linux-gnueabi-g++ -std=c++1y "-IC:\\Users\\ankbh/wpilib/cpp/current/include" "-IC:\\Users\\ankbh\\Robotics\\Team-3341-PowerUp\\src" "-IC:\\Users\\ankbh/wpilib/user/cpp/include" -O0 -Og -g3 -Wall -c -fmessage-length=0 -pthread -o "src\\Commands\\moveArm.o" "..\\src\\Commands\\moveArm.cpp" 
arm-frc-linux-gnueabi-g++ -std=c++1y "-IC:\\Users\\ankbh/wpilib/cpp/current/include" "-IC:\\Users\\ankbh\\Robotics\\Team-3341-PowerUp\\src" "-IC:\\Users\\ankbh/wpilib/user/cpp/include" -O0 -Og -g3 -Wall -c -fmessage-length=0 -pthread -o "src\\CommandBase.o" "..\\src\\CommandBase.cpp" 
arm-frc-linux-gnueabi-g++ -std=c++1y "-IC:\\Users\\ankbh/wpilib/cpp/current/include" "-IC:\\Users\\ankbh\\Robotics\\Team-3341-PowerUp\\src" "-IC:\\Users\\ankbh/wpilib/user/cpp/include" -O0 -Og -g3 -Wall -c -fmessage-length=0 -pthread -o "src\\Commands\\DriveForward.o" "..\\src\\Commands\\DriveForward.cpp" 
..\src\Commands\DriveForward.cpp: In member function 'virtual void DriveForward::Execute()':
..\src\Commands\DriveForward.cpp:18:9: warning: unused variable 'average' [-Wunused-variable]
  double average = (drive->leftDistance() + drive->rightDistance()) / 2;
         ^
arm-frc-linux-gnueabi-g++ "-LC:\\Users\\ankbh/wpilib/user/cpp/lib" "-LC:\\Users\\ankbh/wpilib/cpp/current/reflib/linux/athena/shared" "-LC:\\Users\\ankbh/wpilib/common/current/lib/linux/athena/shared" -pthread -rdynamic -Wl,-rpath,/opt/GenICam_v3_0_NI/bin/Linux32_ARM,-rpath,/usr/local/frc/lib -o FRCUserProgram "src\\CommandBase.o" "src\\Commands\\DriveForward.o" "src\\Commands\\OppositeSideSwitch.o" "src\\Commands\\SameSideSwitch.o" "src\\Commands\\TankDrive.o" "src\\Commands\\Turn.o" "src\\Commands\\moveArm.o" "src\\OI.o" "src\\Robot.o" "src\\Subsystems\\Arm.o" "src\\Subsystems\\DriveTrain.o" "src\\Utilities\\WVPIDController.o" -lCTRE_Phoenix -lCTRE_PhoenixCCI -lCTRE_Phoenix -lCTRE_PhoenixCCI -lwpi 
Info: Nothing to build for Arcade Drive

**** Build of configuration Debug for project Drivetrain_Test_2 ****

Nothing to build for project Drivetrain_Test_2
16:07:09 **** Incremental Build of configuration Debug for project Drivetrain_test_3 ****
Info: Internal Builder is used for build
arm-frc-linux-gnueabi-g++ "-LC:\\Users\\ankbh/wpilib/user/cpp/lib" "-LC:\\Users\\ankbh/wpilib/cpp/current/reflib/linux/athena/shared" "-LC:\\Users\\ankbh/wpilib/common/current/lib/linux/athena/shared" -pthread -rdynamic -Wl,-rpath,/opt/GenICam_v3_0_NI/bin/Linux32_ARM,-rpath,/usr/local/frc/lib -o FRCUserProgram "src\\CommandBase.o" "src\\Commands\\ExampleCommand.o" "src\\Commands\\TankDrive.o" "src\\OI.o" "src\\Robot.o" "src\\Subsystems\\Drivetrain.o" "src\\Subsystems\\ExampleSubsystem.o" -lCTRE_Phoenix -lCTRE_PhoenixCCI -lCTRE_Phoenix -lCTRE_PhoenixCCI -lwpi 
arm-frc-linux-gnueabi-g++: error: src\Subsystems\Drivetrain.o: No such file or directory
16:07:09 **** Incremental Build of configuration Debug for project Expo-bot ****
Info: Internal Builder is used for build
arm-frc-linux-gnueabi-g++ -std=c++1y "-IC:\\Users\\ankbh/wpilib/cpp/current/include" "-IC:\\Users\\ankbh\\Robotics\\Expo-bot\\src" "-IC:\\Users\\ankbh/wpilib/user/cpp/include" -O0 -Og -g3 -Wall -c -fmessage-length=0 -pthread -o "src\\Robot.o" "..\\src\\Robot.cpp" 
In file included from C:\Users\ankbh\Robotics\Expo-bot\src/CommandBase.h:6:0,
                 from ..\src\Commands/drive.h:5,
                 from ..\src\Robot.cpp:9:
C:\Users\ankbh\Robotics\Expo-bot\src/Subsystems/Winch.h:5:29: fatal error: ctrlib/CANTalon.h: No such file or directory
compilation terminated.
16:07:10 **** Incremental Build of configuration Debug for project Mock ****
Info: Internal Builder is used for build
arm-frc-linux-gnueabi-g++ "-LC:\\Users\\ankbh/wpilib/user/cpp/lib" "-LC:\\Users\\ankbh/wpilib/cpp/current/reflib/linux/athena/shared" "-LC:\\Users\\ankbh/wpilib/common/current/lib/linux/athena/shared" -pthread -rdynamic -Wl,-rpath,/opt/GenICam_v3_0_NI/bin/Linux32_ARM,-rpath,/usr/local/frc/lib -o FRCUserProgram "src\\CommandBase.o" "src\\Commands\\AlignWithWall.o" "src\\Commands\\ArmDown.o" "src\\Commands\\ArmUp.o" "src\\Commands\\Autonomous.o" "src\\Commands\\Drive.o" "src\\Commands\\GyroTurn.o" "src\\Commands\\MoveArm.o" "src\\Commands\\MoveFromWall.o" "src\\Commands\\MoveUntilWall.o" "src\\Commands\\TankDrive.o" "src\\OI.o" "src\\Robot.o" "src\\Subsystems\\Arm.o" "src\\Subsystems\\DriveTrain.o" "src\\Utilities\\NetworkTablesInterface.o" -lCTRE_Phoenix -lCTRE_PhoenixCCI -lCTRE_Phoenix -lCTRE_PhoenixCCI -lwpi 
arm-frc-linux-gnueabi-g++: error: src\Commands\ArmUp.o: No such file or directory
16:07:10 **** Incremental Build of configuration Debug for project Mock2k17 ****
Info: Internal Builder is used for build
arm-frc-linux-gnueabi-g++ -std=c++1y "-IC:\\Users\\ankbh/wpilib/cpp/current/include" "-IC:\\Users\\ankbh\\Robotics\\Mock2k17\\src" "-IC:\\Users\\ankbh/wpilib/user/cpp/include" -O0 -Og -g3 -Wall -c -fmessage-length=0 -pthread -o "src\\Commands\\DriveUntilTarget.o" "..\\src\\Commands\\DriveUntilTarget.cpp" 
In file included from ..\src\Commands\../CommandBase.h:12:0,
                 from ..\src\Commands\DriveUntilTarget.h:6,
                 from ..\src\Commands\DriveUntilTarget.cpp:1:
..\src\Commands\../Subsystems/DriveTrain.h:7:29: fatal error: ctrlib/CANTalon.h: No such file or directory
compilation terminated.
Info: Nothing to build for Team-3341-PowerUp
16:07:11 **** Incremental Build of configuration Debug for project tesst ****
Info: Internal Builder is used for build
arm-frc-linux-gnueabi-g++ -std=c++1y "-IC:\\Users\\ankbh/wpilib/cpp/current/include" "-IC:\\Users\\ankbh\\Robotics\\tesst\\src" "-IC:\\Users\\ankbh/wpilib/user/cpp/include" -O0 -Og -g3 -Wall -c -fmessage-length=0 -pthread -o "src\\Subsystems\\Shooter.o" "..\\src\\Subsystems\\Shooter.cpp" 
In file included from ..\src\Subsystems\Shooter.cpp:2:0:
..\src\Subsystems\../RobotMap.h:10:6: error: 'RobotDrive' in namespace 'frc' does not name a type
 frc::RobotDrive myRobot;
      ^
16:28:36 **** Rebuild of configuration Debug for project Team-3341-PowerUp ****
Info: Internal Builder is used for build
arm-frc-linux-gnueabi-g++ -std=c++1y "-IC:\\Users\\ankbh/wpilib/cpp/current/include" "-IC:\\Users\\ankbh\\Robotics\\Team-3341-PowerUp\\src" "-IC:\\Users\\ankbh/wpilib/user/cpp/include" -O0 -Og -g3 -Wall -c -fmessage-length=0 -pthread -o "src\\Commands\\MoveLiftToHeight.o" "..\\src\\Commands\\MoveLiftToHeight.cpp" 
arm-frc-linux-gnueabi-g++ -std=c++1y "-IC:\\Users\\ankbh/wpilib/cpp/current/include" "-IC:\\Users\\ankbh\\Robotics\\Team-3341-PowerUp\\src" "-IC:\\Users\\ankbh/wpilib/user/cpp/include" -O0 -Og -g3 -Wall -c -fmessage-length=0 -pthread -o "src\\Commands\\MoveLiftToMinHeight.o" "..\\src\\Commands\\MoveLiftToMinHeight.cpp" 
arm-frc-linux-gnueabi-g++ -std=c++1y "-IC:\\Users\\ankbh/wpilib/cpp/current/include" "-IC:\\Users\\ankbh\\Robotics\\Team-3341-PowerUp\\src" "-IC:\\Users\\ankbh/wpilib/user/cpp/include" -O0 -Og -g3 -Wall -c -fmessage-length=0 -pthread -o "src\\OI.o" "..\\src\\OI.cpp" 
arm-frc-linux-gnueabi-g++ -std=c++1y "-IC:\\Users\\ankbh/wpilib/cpp/current/include" "-IC:\\Users\\ankbh\\Robotics\\Team-3341-PowerUp\\src" "-IC:\\Users\\ankbh/wpilib/user/cpp/include" -O0 -Og -g3 -Wall -c -fmessage-length=0 -pthread -o "src\\Subsystems\\DriveTrain.o" "..\\src\\Subsystems\\DriveTrain.cpp" 
..\src\Subsystems\DriveTrain.cpp: In constructor 'DriveTrain::DriveTrain()':
..\src\Subsystems\DriveTrain.cpp:10:48: warning: 'frc::RobotDrive::RobotDrive(int, int)' is deprecated: Use DifferentialDrive or MecanumDrive classes instead. [-Wdeprecated-declarations]
 drivetrain(new RobotDrive(LEFTMOTOR, RIGHTMOTOR))
                                                ^
In file included from C:\Users\ankbh/wpilib/cpp/current/include/WPILib.h:73:0,
                 from ..\src\Subsystems\DriveTrain.h:5,
                 from ..\src\Subsystems\DriveTrain.cpp:1:
C:\Users\ankbh/wpilib/cpp/current/include/RobotDrive.h:45:3: note: declared here
   RobotDrive(int leftMotorChannel, int rightMotorChannel);
   ^
In file included from ..\src\Subsystems\DriveTrain.cpp:1:0:
..\src\Subsystems\DriveTrain.h:14:12: warning: 'DriveTrain::left' will be initialized after [-Wreorder]
  TalonSRX* left;
            ^
..\src\Subsystems\DriveTrain.h:13:12: warning:   'ctre::phoenix::motorcontrol::can::TalonSRX* DriveTrain::right' [-Wreorder]
  TalonSRX* right;
            ^
..\src\Subsystems\DriveTrain.cpp:7:1: warning:   when initialized here [-Wreorder]
 DriveTrain::DriveTrain() : Subsystem("DriveTrain"),
 ^
..\src\Subsystems\DriveTrain.cpp: In member function 'double DriveTrain::leftDistance()':
..\src\Subsystems\DriveTrain.cpp:36:1: warning: no return statement in function returning non-void [-Wreturn-type]
 }
 ^
..\src\Subsystems\DriveTrain.cpp: In member function 'double DriveTrain::rightDistance()':
..\src\Subsystems\DriveTrain.cpp:43:1: warning: no return statement in function returning non-void [-Wreturn-type]
 }
 ^
arm-frc-linux-gnueabi-g++ -std=c++1y "-IC:\\Users\\ankbh/wpilib/cpp/current/include" "-IC:\\Users\\ankbh\\Robotics\\Team-3341-PowerUp\\src" "-IC:\\Users\\ankbh/wpilib/user/cpp/include" -O0 -Og -g3 -Wall -c -fmessage-length=0 -pthread -o "src\\Subsystems\\Lift.o" "..\\src\\Subsystems\\Lift.cpp" 
..\src\Subsystems\Lift.cpp: In member function 'double Lift::liftDistance()':
..\src\Subsystems\Lift.cpp:46:9: warning: unused variable 'revolutions' [-Wunused-variable]
  double revolutions = relativePosition/4096;
         ^
arm-frc-linux-gnueabi-g++ -std=c++1y "-IC:\\Users\\ankbh/wpilib/cpp/current/include" "-IC:\\Users\\ankbh\\Robotics\\Team-3341-PowerUp\\src" "-IC:\\Users\\ankbh/wpilib/user/cpp/include" -O0 -Og -g3 -Wall -c -fmessage-length=0 -pthread -o "src\\Commands\\LiftPositionControl.o" "..\\src\\Commands\\LiftPositionControl.cpp" 
arm-frc-linux-gnueabi-g++ -std=c++1y "-IC:\\Users\\ankbh/wpilib/cpp/current/include" "-IC:\\Users\\ankbh\\Robotics\\Team-3341-PowerUp\\src" "-IC:\\Users\\ankbh/wpilib/user/cpp/include" -O0 -Og -g3 -Wall -c -fmessage-length=0 -pthread -o "src\\Commands\\MoveLift.o" "..\\src\\Commands\\MoveLift.cpp" 
arm-frc-linux-gnueabi-g++ -std=c++1y "-IC:\\Users\\ankbh/wpilib/cpp/current/include" "-IC:\\Users\\ankbh\\Robotics\\Team-3341-PowerUp\\src" "-IC:\\Users\\ankbh/wpilib/user/cpp/include" -O0 -Og -g3 -Wall -c -fmessage-length=0 -pthread -o "src\\CommandBase.o" "..\\src\\CommandBase.cpp" 
arm-frc-linux-gnueabi-g++ -std=c++1y "-IC:\\Users\\ankbh/wpilib/cpp/current/include" "-IC:\\Users\\ankbh\\Robotics\\Team-3341-PowerUp\\src" "-IC:\\Users\\ankbh/wpilib/user/cpp/include" -O0 -Og -g3 -Wall -c -fmessage-length=0 -pthread -o "src\\Commands\\TankDrive.o" "..\\src\\Commands\\TankDrive.cpp" 
..\src\Commands\TankDrive.cpp: In member function 'virtual void TankDrive::Execute()':
..\src\Commands\TankDrive.cpp:20:9: warning: unused variable 'average' [-Wunused-variable]
  double average = (drive->leftDistance() + drive->rightDistance()) / 2;
         ^
arm-frc-linux-gnueabi-g++ -std=c++1y "-IC:\\Users\\ankbh/wpilib/cpp/current/include" "-IC:\\Users\\ankbh\\Robotics\\Team-3341-PowerUp\\src" "-IC:\\Users\\ankbh/wpilib/user/cpp/include" -O0 -Og -g3 -Wall -c -fmessage-length=0 -pthread -o "src\\Robot.o" "..\\src\\Robot.cpp" 
..\src\Robot.cpp: In member function 'virtual void Robot::TestPeriodic()':
..\src\Robot.cpp:82:39: warning: 'void frc::LiveWindow::Run()' is deprecated: no longer required [-Wdeprecated-declarations]
   frc::LiveWindow::GetInstance()->Run();
                                       ^
In file included from ..\src\Robot.cpp:6:0:
C:\Users\ankbh/wpilib/cpp/current/include/LiveWindow/LiveWindow.h:31:8: note: declared here
   void Run() { UpdateValues(); }
        ^
arm-frc-linux-gnueabi-g++ -std=c++1y "-IC:\\Users\\ankbh/wpilib/cpp/current/include" "-IC:\\Users\\ankbh\\Robotics\\Team-3341-PowerUp\\src" "-IC:\\Users\\ankbh/wpilib/user/cpp/include" -O0 -Og -g3 -Wall -c -fmessage-length=0 -pthread -o "src\\Utilities\\WVPIDController.o" "..\\src\\Utilities\\WVPIDController.cpp" 
In file included from ..\src\Utilities\WVPIDController.cpp:1:0:
..\src\Utilities\WVPIDController.h: In constructor 'WVPIDController::WVPIDController(double, double, double, double, bool)':
..\src\Utilities\WVPIDController.h:30:9: warning: 'WVPIDController::lastPWM' will be initialized after [-Wreorder]
  double lastPWM;
         ^
..\src\Utilities\WVPIDController.h:27:9: warning:   'double WVPIDController::error' [-Wreorder]
  double error;
         ^
..\src\Utilities\WVPIDController.cpp:3:1: warning:   when initialized here [-Wreorder]
 WVPIDController::WVPIDController(double Kp, double Ki, double Kd,
 ^
arm-frc-linux-gnueabi-g++ "-LC:\\Users\\ankbh/wpilib/user/cpp/lib" "-LC:\\Users\\ankbh/wpilib/cpp/current/reflib/linux/athena/shared" "-LC:\\Users\\ankbh/wpilib/common/current/lib/linux/athena/shared" -pthread -rdynamic -Wl,-rpath,/opt/GenICam_v3_0_NI/bin/Linux32_ARM,-rpath,/usr/local/frc/lib -o FRCUserProgram "src\\CommandBase.o" "src\\Commands\\LiftPositionControl.o" "src\\Commands\\MoveLift.o" "src\\Commands\\MoveLiftToHeight.o" "src\\Commands\\MoveLiftToMinHeight.o" "src\\Commands\\TankDrive.o" "src\\OI.o" "src\\Robot.o" "src\\Subsystems\\DriveTrain.o" "src\\Subsystems\\Lift.o" "src\\Utilities\\WVPIDController.o" -lCTRE_Phoenix -lCTRE_PhoenixCCI -lCTRE_Phoenix -lCTRE_PhoenixCCI -lwpi 

**** Build of configuration Debug for project Drivetrain_Test_2 ****

Nothing to build for project Drivetrain_Test_2
16:28:59 **** Incremental Build of configuration Debug for project Drivetrain_test_3 ****
Info: Internal Builder is used for build
arm-frc-linux-gnueabi-g++ "-LC:\\Users\\ankbh/wpilib/user/cpp/lib" "-LC:\\Users\\ankbh/wpilib/cpp/current/reflib/linux/athena/shared" "-LC:\\Users\\ankbh/wpilib/common/current/lib/linux/athena/shared" -pthread -rdynamic -Wl,-rpath,/opt/GenICam_v3_0_NI/bin/Linux32_ARM,-rpath,/usr/local/frc/lib -o FRCUserProgram "src\\CommandBase.o" "src\\Commands\\ExampleCommand.o" "src\\Commands\\TankDrive.o" "src\\OI.o" "src\\Robot.o" "src\\Subsystems\\Drivetrain.o" "src\\Subsystems\\ExampleSubsystem.o" -lCTRE_Phoenix -lCTRE_PhoenixCCI -lCTRE_Phoenix -lCTRE_PhoenixCCI -lwpi 
arm-frc-linux-gnueabi-g++: error: src\Subsystems\Drivetrain.o: No such file or directory
16:29:00 **** Incremental Build of configuration Debug for project Expo-bot ****
Info: Internal Builder is used for build
arm-frc-linux-gnueabi-g++ -std=c++1y "-IC:\\Users\\ankbh/wpilib/cpp/current/include" "-IC:\\Users\\ankbh\\Robotics\\Expo-bot\\src" "-IC:\\Users\\ankbh/wpilib/user/cpp/include" -O0 -Og -g3 -Wall -c -fmessage-length=0 -pthread -o "src\\CommandBase.o" "..\\src\\CommandBase.cpp" 
In file included from ..\src\CommandBase.h:6:0,
                 from ..\src\CommandBase.cpp:1:
..\src\Subsystems/Winch.h:5:29: fatal error: ctrlib/CANTalon.h: No such file or directory
compilation terminated.
16:29:01 **** Incremental Build of configuration Debug for project Mock ****
Info: Internal Builder is used for build
arm-frc-linux-gnueabi-g++ "-LC:\\Users\\ankbh/wpilib/user/cpp/lib" "-LC:\\Users\\ankbh/wpilib/cpp/current/reflib/linux/athena/shared" "-LC:\\Users\\ankbh/wpilib/common/current/lib/linux/athena/shared" -pthread -rdynamic -Wl,-rpath,/opt/GenICam_v3_0_NI/bin/Linux32_ARM,-rpath,/usr/local/frc/lib -o FRCUserProgram "src\\CommandBase.o" "src\\Commands\\AlignWithWall.o" "src\\Commands\\ArmDown.o" "src\\Commands\\ArmUp.o" "src\\Commands\\Autonomous.o" "src\\Commands\\Drive.o" "src\\Commands\\GyroTurn.o" "src\\Commands\\MoveArm.o" "src\\Commands\\MoveFromWall.o" "src\\Commands\\MoveUntilWall.o" "src\\Commands\\TankDrive.o" "src\\OI.o" "src\\Robot.o" "src\\Subsystems\\Arm.o" "src\\Subsystems\\DriveTrain.o" "src\\Utilities\\NetworkTablesInterface.o" -lCTRE_Phoenix -lCTRE_PhoenixCCI -lCTRE_Phoenix -lCTRE_PhoenixCCI -lwpi 
arm-frc-linux-gnueabi-g++: error: src\Commands\ArmUp.o: No such file or directory
16:29:01 **** Incremental Build of configuration Debug for project Mock2k17 ****
Info: Internal Builder is used for build
arm-frc-linux-gnueabi-g++ -std=c++1y "-IC:\\Users\\ankbh/wpilib/cpp/current/include" "-IC:\\Users\\ankbh\\Robotics\\Mock2k17\\src" "-IC:\\Users\\ankbh/wpilib/user/cpp/include" -O0 -Og -g3 -Wall -c -fmessage-length=0 -pthread -o "src\\Commands\\DriveUntilTarget.o" "..\\src\\Commands\\DriveUntilTarget.cpp" 
In file included from ..\src\Commands\../CommandBase.h:12:0,
                 from ..\src\Commands\DriveUntilTarget.h:6,
                 from ..\src\Commands\DriveUntilTarget.cpp:1:
..\src\Commands\../Subsystems/DriveTrain.h:7:29: fatal error: ctrlib/CANTalon.h: No such file or directory
compilation terminated.
Info: Nothing to build for Team-3341-PowerUp
16:29:02 **** Rebuild of configuration Debug for project TestLosPen ****
Info: Internal Builder is used for build
arm-frc-linux-gnueabi-g++ -std=c++1y "-IC:\\Users\\ankbh/wpilib/cpp/current/include" "-IC:\\Users\\ankbh\\Robotics\\TestLosPen\\src" "-IC:\\Users\\ankbh/wpilib/user/cpp/include" -O0 -Og -g3 -Wall -c -fmessage-length=0 -pthread -o "src\\Robot.o" "..\\src\\Robot.cpp" 
..\src\Robot.cpp: In member function 'virtual void Robot::RobotInit()':
..\src\Robot.cpp:22:14: warning: unused variable 'leftStick' [-Wunused-variable]
   Joystick * leftStick = new Joystick(0);
              ^
..\src\Robot.cpp:23:14: warning: unused variable 'rightStick' [-Wunused-variable]
   Joystick * rightStick = new Joystick(1);
              ^
..\src\Robot.cpp:24:14: warning: unused variable 'armStick' [-Wunused-variable]
   Joystick * armStick = new Joystick(2);
              ^
arm-frc-linux-gnueabi-g++ "-LC:\\Users\\ankbh/wpilib/common/current/lib/linux/athena/shared" "-LC:\\Users\\ankbh/wpilib/cpp/current/reflib/linux/athena/shared" "-LC:\\Users\\ankbh/wpilib/user/cpp/lib" -pthread -rdynamic -Wl,-rpath,/opt/GenICam_v3_0_NI/bin/Linux32_ARM,-rpath,/usr/local/frc/lib -o FRCUserProgram "src\\Robot.o" -lCTRE_Phoenix -lCTRE_PhoenixCCI -lCTRE_Phoenix -lCTRE_PhoenixCCI -lwpi 
16:29:06 **** Incremental Build of configuration Debug for project tesst ****
Info: Internal Builder is used for build
arm-frc-linux-gnueabi-g++ -std=c++1y "-IC:\\Users\\ankbh/wpilib/cpp/current/include" "-IC:\\Users\\ankbh\\Robotics\\tesst\\src" "-IC:\\Users\\ankbh/wpilib/user/cpp/include" -O0 -Og -g3 -Wall -c -fmessage-length=0 -pthread -o "src\\CommandBase.o" "..\\src\\CommandBase.cpp" 
In file included from ..\src\CommandBase.h:13:0,
                 from ..\src\CommandBase.cpp:1:
..\src\Subsystems/Winch.h:5:29: fatal error: ctrlib/CANTalon.h: No such file or directory
compilation terminated.
16:39:37 **** Incremental Build of configuration Debug for project TestLosPen ****
Info: Internal Builder is used for build
arm-frc-linux-gnueabi-g++ -std=c++1y "-IC:\\Users\\ankbh/wpilib/cpp/current/include" "-IC:\\Users\\ankbh\\Robotics\\TestLosPen\\src" "-IC:\\Users\\ankbh/wpilib/user/cpp/include" -O0 -Og -g3 -Wall -c -fmessage-length=0 -pthread -o "src\\Robot.o" "..\\src\\Robot.cpp" 
arm-frc-linux-gnueabi-g++ "-LC:\\Users\\ankbh/wpilib/common/current/lib/linux/athena/shared" "-LC:\\Users\\ankbh/wpilib/cpp/current/reflib/linux/athena/shared" "-LC:\\Users\\ankbh/wpilib/user/cpp/lib" -pthread -rdynamic -Wl,-rpath,/opt/GenICam_v3_0_NI/bin/Linux32_ARM,-rpath,/usr/local/frc/lib -o FRCUserProgram "src\\Robot.o" -lCTRE_Phoenix -lCTRE_PhoenixCCI -lCTRE_Phoenix -lCTRE_PhoenixCCI -lwpi 

**** Build of configuration Debug for project Drivetrain_Test_2 ****

Nothing to build for project Drivetrain_Test_2
16:39:41 **** Incremental Build of configuration Debug for project Drivetrain_test_3 ****
Info: Internal Builder is used for build
arm-frc-linux-gnueabi-g++ "-LC:\\Users\\ankbh/wpilib/user/cpp/lib" "-LC:\\Users\\ankbh/wpilib/cpp/current/reflib/linux/athena/shared" "-LC:\\Users\\ankbh/wpilib/common/current/lib/linux/athena/shared" -pthread -rdynamic -Wl,-rpath,/opt/GenICam_v3_0_NI/bin/Linux32_ARM,-rpath,/usr/local/frc/lib -o FRCUserProgram "src\\CommandBase.o" "src\\Commands\\ExampleCommand.o" "src\\Commands\\TankDrive.o" "src\\OI.o" "src\\Robot.o" "src\\Subsystems\\Drivetrain.o" "src\\Subsystems\\ExampleSubsystem.o" -lCTRE_Phoenix -lCTRE_PhoenixCCI -lCTRE_Phoenix -lCTRE_PhoenixCCI -lwpi 
arm-frc-linux-gnueabi-g++: error: src\Subsystems\Drivetrain.o: No such file or directory
16:39:42 **** Incremental Build of configuration Debug for project Expo-bot ****
Info: Internal Builder is used for build
arm-frc-linux-gnueabi-g++ -std=c++1y "-IC:\\Users\\ankbh/wpilib/cpp/current/include" "-IC:\\Users\\ankbh\\Robotics\\Expo-bot\\src" "-IC:\\Users\\ankbh/wpilib/user/cpp/include" -O0 -Og -g3 -Wall -c -fmessage-length=0 -pthread -o "src\\Robot.o" "..\\src\\Robot.cpp" 
In file included from C:\Users\ankbh\Robotics\Expo-bot\src/CommandBase.h:6:0,
                 from ..\src\Commands/drive.h:5,
                 from ..\src\Robot.cpp:9:
C:\Users\ankbh\Robotics\Expo-bot\src/Subsystems/Winch.h:5:29: fatal error: ctrlib/CANTalon.h: No such file or directory
compilation terminated.
16:39:43 **** Incremental Build of configuration Debug for project Mock ****
Info: Internal Builder is used for build
arm-frc-linux-gnueabi-g++ "-LC:\\Users\\ankbh/wpilib/user/cpp/lib" "-LC:\\Users\\ankbh/wpilib/cpp/current/reflib/linux/athena/shared" "-LC:\\Users\\ankbh/wpilib/common/current/lib/linux/athena/shared" -pthread -rdynamic -Wl,-rpath,/opt/GenICam_v3_0_NI/bin/Linux32_ARM,-rpath,/usr/local/frc/lib -o FRCUserProgram "src\\CommandBase.o" "src\\Commands\\AlignWithWall.o" "src\\Commands\\ArmDown.o" "src\\Commands\\ArmUp.o" "src\\Commands\\Autonomous.o" "src\\Commands\\Drive.o" "src\\Commands\\GyroTurn.o" "src\\Commands\\MoveArm.o" "src\\Commands\\MoveFromWall.o" "src\\Commands\\MoveUntilWall.o" "src\\Commands\\TankDrive.o" "src\\OI.o" "src\\Robot.o" "src\\Subsystems\\Arm.o" "src\\Subsystems\\DriveTrain.o" "src\\Utilities\\NetworkTablesInterface.o" -lCTRE_Phoenix -lCTRE_PhoenixCCI -lCTRE_Phoenix -lCTRE_PhoenixCCI -lwpi 
arm-frc-linux-gnueabi-g++: error: src\Commands\ArmUp.o: No such file or directory
16:39:44 **** Incremental Build of configuration Debug for project Mock2k17 ****
Info: Internal Builder is used for build
arm-frc-linux-gnueabi-g++ -std=c++1y "-IC:\\Users\\ankbh/wpilib/cpp/current/include" "-IC:\\Users\\ankbh\\Robotics\\Mock2k17\\src" "-IC:\\Users\\ankbh/wpilib/user/cpp/include" -O0 -Og -g3 -Wall -c -fmessage-length=0 -pthread -o "src\\Robot.o" "..\\src\\Robot.cpp" 
In file included from ..\src\CommandBase.h:12:0,
                 from ..\src\Robot.cpp:10:
..\src\Subsystems/DriveTrain.h:7:29: fatal error: ctrlib/CANTalon.h: No such file or directory
compilation terminated.
Info: Nothing to build for Team-3341-PowerUp
Info: Nothing to build for TestLosPen
16:39:46 **** Incremental Build of configuration Debug for project tesst ****
Info: Internal Builder is used for build
arm-frc-linux-gnueabi-g++ -std=c++1y "-IC:\\Users\\ankbh/wpilib/cpp/current/include" "-IC:\\Users\\ankbh\\Robotics\\tesst\\src" "-IC:\\Users\\ankbh/wpilib/user/cpp/include" -O0 -Og -g3 -Wall -c -fmessage-length=0 -pthread -o "src\\Commands\\Drive.o" "..\\src\\Commands\\Drive.cpp" 
In file included from c:\users\ankbh\robotics\tesst\src\commandbase.h:13:0,
                 from C:\Users\ankbh\Robotics\tesst\src/Commands/Drive.h:4,
                 from ..\src\Commands\Drive.cpp:1:
c:\users\ankbh\robotics\tesst\src\Subsystems/Winch.h:5:29: fatal error: ctrlib/CANTalon.h: No such file or directory
compilation terminated.
16:43:44 **** Rebuild of configuration Debug for project Team-3341-PowerUp ****
Info: Internal Builder is used for build
arm-frc-linux-gnueabi-g++ -std=c++1y "-IC:\\Users\\ankbh/wpilib/cpp/current/include" "-IC:\\Users\\ankbh\\Robotics\\Team-3341-PowerUp\\src" "-IC:\\Users\\ankbh/wpilib/user/cpp/include" -O0 -Og -g3 -Wall -c -fmessage-length=0 -pthread -o "src\\Commands\\Turn.o" "..\\src\\Commands\\Turn.cpp" 
arm-frc-linux-gnueabi-g++ -std=c++1y "-IC:\\Users\\ankbh/wpilib/cpp/current/include" "-IC:\\Users\\ankbh\\Robotics\\Team-3341-PowerUp\\src" "-IC:\\Users\\ankbh/wpilib/user/cpp/include" -O0 -Og -g3 -Wall -c -fmessage-length=0 -pthread -o "src\\Subsystems\\DriveTrain.o" "..\\src\\Subsystems\\DriveTrain.cpp" 
arm-frc-linux-gnueabi-g++ -std=c++1y "-IC:\\Users\\ankbh/wpilib/cpp/current/include" "-IC:\\Users\\ankbh\\Robotics\\Team-3341-PowerUp\\src" "-IC:\\Users\\ankbh/wpilib/user/cpp/include" -O0 -Og -g3 -Wall -c -fmessage-length=0 -pthread -o "src\\Commands\\OppositeSideSwitch.o" "..\\src\\Commands\\OppositeSideSwitch.cpp" 
arm-frc-linux-gnueabi-g++ -std=c++1y "-IC:\\Users\\ankbh/wpilib/cpp/current/include" "-IC:\\Users\\ankbh\\Robotics\\Team-3341-PowerUp\\src" "-IC:\\Users\\ankbh/wpilib/user/cpp/include" -O0 -Og -g3 -Wall -c -fmessage-length=0 -pthread -o "src\\Utilities\\WVPIDController.o" "..\\src\\Utilities\\WVPIDController.cpp" 
arm-frc-linux-gnueabi-g++ -std=c++1y "-IC:\\Users\\ankbh/wpilib/cpp/current/include" "-IC:\\Users\\ankbh\\Robotics\\Team-3341-PowerUp\\src" "-IC:\\Users\\ankbh/wpilib/user/cpp/include" -O0 -Og -g3 -Wall -c -fmessage-length=0 -pthread -o "src\\CommandBase.o" "..\\src\\CommandBase.cpp" 
arm-frc-linux-gnueabi-g++ -std=c++1y "-IC:\\Users\\ankbh/wpilib/cpp/current/include" "-IC:\\Users\\ankbh\\Robotics\\Team-3341-PowerUp\\src" "-IC:\\Users\\ankbh/wpilib/user/cpp/include" -O0 -Og -g3 -Wall -c -fmessage-length=0 -pthread -o "src\\Commands\\DriveForward.o" "..\\src\\Commands\\DriveForward.cpp" 
..\src\Commands\DriveForward.cpp: In member function 'virtual void DriveForward::Execute()':
..\src\Commands\DriveForward.cpp:18:9: warning: unused variable 'average' [-Wunused-variable]
  double average = (drive->leftDistance() + drive->rightDistance()) / 2;
         ^
arm-frc-linux-gnueabi-g++ -std=c++1y "-IC:\\Users\\ankbh/wpilib/cpp/current/include" "-IC:\\Users\\ankbh\\Robotics\\Team-3341-PowerUp\\src" "-IC:\\Users\\ankbh/wpilib/user/cpp/include" -O0 -Og -g3 -Wall -c -fmessage-length=0 -pthread -o "src\\Robot.o" "..\\src\\Robot.cpp" 
..\src\Robot.cpp: In member function 'virtual void Robot::TestPeriodic()':
..\src\Robot.cpp:91:39: warning: 'void frc::LiveWindow::Run()' is deprecated: no longer required [-Wdeprecated-declarations]
   frc::LiveWindow::GetInstance()->Run();
                                       ^
In file included from ..\src\Robot.cpp:6:0:
C:\Users\ankbh/wpilib/cpp/current/include/LiveWindow/LiveWindow.h:31:8: note: declared here
   void Run() { UpdateValues(); }
        ^
arm-frc-linux-gnueabi-g++ -std=c++1y "-IC:\\Users\\ankbh/wpilib/cpp/current/include" "-IC:\\Users\\ankbh\\Robotics\\Team-3341-PowerUp\\src" "-IC:\\Users\\ankbh/wpilib/user/cpp/include" -O0 -Og -g3 -Wall -c -fmessage-length=0 -pthread -o "src\\Commands\\TankDrive.o" "..\\src\\Commands\\TankDrive.cpp" 
..\src\Commands\TankDrive.cpp: In member function 'virtual void TankDrive::Execute()':
..\src\Commands\TankDrive.cpp:20:9: warning: unused variable 'average' [-Wunused-variable]
  double average = (drive->leftDistance() + drive->rightDistance()) / 2;
         ^
arm-frc-linux-gnueabi-g++ -std=c++1y "-IC:\\Users\\ankbh/wpilib/cpp/current/include" "-IC:\\Users\\ankbh\\Robotics\\Team-3341-PowerUp\\src" "-IC:\\Users\\ankbh/wpilib/user/cpp/include" -O0 -Og -g3 -Wall -c -fmessage-length=0 -pthread -o "src\\OI.o" "..\\src\\OI.cpp" 
arm-frc-linux-gnueabi-g++ -std=c++1y "-IC:\\Users\\ankbh/wpilib/cpp/current/include" "-IC:\\Users\\ankbh\\Robotics\\Team-3341-PowerUp\\src" "-IC:\\Users\\ankbh/wpilib/user/cpp/include" -O0 -Og -g3 -Wall -c -fmessage-length=0 -pthread -o "src\\Commands\\SameSideSwitch.o" "..\\src\\Commands\\SameSideSwitch.cpp" 
arm-frc-linux-gnueabi-g++ "-LC:\\Users\\ankbh/wpilib/user/cpp/lib" "-LC:\\Users\\ankbh/wpilib/cpp/current/reflib/linux/athena/shared" "-LC:\\Users\\ankbh/wpilib/common/current/lib/linux/athena/shared" -pthread -rdynamic -Wl,-rpath,/opt/GenICam_v3_0_NI/bin/Linux32_ARM,-rpath,/usr/local/frc/lib -o FRCUserProgram "src\\CommandBase.o" "src\\Commands\\DriveForward.o" "src\\Commands\\OppositeSideSwitch.o" "src\\Commands\\SameSideSwitch.o" "src\\Commands\\TankDrive.o" "src\\Commands\\Turn.o" "src\\OI.o" "src\\Robot.o" "src\\Subsystems\\DriveTrain.o" "src\\Utilities\\WVPIDController.o" -lCTRE_Phoenix -lCTRE_PhoenixCCI -lCTRE_Phoenix -lCTRE_PhoenixCCI -lwpi 

**** Build of configuration Debug for project Drivetrain_Test_2 ****

Nothing to build for project Drivetrain_Test_2
16:44:11 **** Incremental Build of configuration Debug for project Drivetrain_test_3 ****
Info: Internal Builder is used for build
arm-frc-linux-gnueabi-g++ "-LC:\\Users\\ankbh/wpilib/user/cpp/lib" "-LC:\\Users\\ankbh/wpilib/cpp/current/reflib/linux/athena/shared" "-LC:\\Users\\ankbh/wpilib/common/current/lib/linux/athena/shared" -pthread -rdynamic -Wl,-rpath,/opt/GenICam_v3_0_NI/bin/Linux32_ARM,-rpath,/usr/local/frc/lib -o FRCUserProgram "src\\CommandBase.o" "src\\Commands\\ExampleCommand.o" "src\\Commands\\TankDrive.o" "src\\OI.o" "src\\Robot.o" "src\\Subsystems\\Drivetrain.o" "src\\Subsystems\\ExampleSubsystem.o" -lCTRE_Phoenix -lCTRE_PhoenixCCI -lCTRE_Phoenix -lCTRE_PhoenixCCI -lwpi 
arm-frc-linux-gnueabi-g++: error: src\Subsystems\Drivetrain.o: No such file or directory
16:44:12 **** Incremental Build of configuration Debug for project Expo-bot ****
Info: Internal Builder is used for build
arm-frc-linux-gnueabi-g++ -std=c++1y "-IC:\\Users\\ankbh/wpilib/cpp/current/include" "-IC:\\Users\\ankbh\\Robotics\\Expo-bot\\src" "-IC:\\Users\\ankbh/wpilib/user/cpp/include" -O0 -Og -g3 -Wall -c -fmessage-length=0 -pthread -o "src\\Subsystems\\DriveTrainSubsystem.o" "..\\src\\Subsystems\\DriveTrainSubsystem.cpp" 
In file included from C:\Users\ankbh\Robotics\Expo-bot\src/CommandBase.h:6:0,
                 from C:\Users\ankbh\Robotics\Expo-bot\src/Commands/drive.h:5,
                 from C:\Users\ankbh\Robotics\Expo-bot\src/Robot.cpp:9,
                 from ..\src\Subsystems\DriveTrainSubsystem.cpp:3:
C:\Users\ankbh\Robotics\Expo-bot\src/Subsystems/Winch.h:5:29: fatal error: ctrlib/CANTalon.h: No such file or directory
compilation terminated.
16:44:13 **** Incremental Build of configuration Debug for project Mock ****
Info: Internal Builder is used for build
arm-frc-linux-gnueabi-g++ "-LC:\\Users\\ankbh/wpilib/user/cpp/lib" "-LC:\\Users\\ankbh/wpilib/cpp/current/reflib/linux/athena/shared" "-LC:\\Users\\ankbh/wpilib/common/current/lib/linux/athena/shared" -pthread -rdynamic -Wl,-rpath,/opt/GenICam_v3_0_NI/bin/Linux32_ARM,-rpath,/usr/local/frc/lib -o FRCUserProgram "src\\CommandBase.o" "src\\Commands\\AlignWithWall.o" "src\\Commands\\ArmDown.o" "src\\Commands\\ArmUp.o" "src\\Commands\\Autonomous.o" "src\\Commands\\Drive.o" "src\\Commands\\GyroTurn.o" "src\\Commands\\MoveArm.o" "src\\Commands\\MoveFromWall.o" "src\\Commands\\MoveUntilWall.o" "src\\Commands\\TankDrive.o" "src\\OI.o" "src\\Robot.o" "src\\Subsystems\\Arm.o" "src\\Subsystems\\DriveTrain.o" "src\\Utilities\\NetworkTablesInterface.o" -lCTRE_Phoenix -lCTRE_PhoenixCCI -lCTRE_Phoenix -lCTRE_PhoenixCCI -lwpi 
arm-frc-linux-gnueabi-g++: error: src\Commands\ArmUp.o: No such file or directory
16:44:14 **** Incremental Build of configuration Debug for project Mock2k17 ****
Info: Internal Builder is used for build
arm-frc-linux-gnueabi-g++ -std=c++1y "-IC:\\Users\\ankbh/wpilib/cpp/current/include" "-IC:\\Users\\ankbh\\Robotics\\Mock2k17\\src" "-IC:\\Users\\ankbh/wpilib/user/cpp/include" -O0 -Og -g3 -Wall -c -fmessage-length=0 -pthread -o "src\\Commands\\DriveUntilTarget.o" "..\\src\\Commands\\DriveUntilTarget.cpp" 
In file included from ..\src\Commands\../CommandBase.h:12:0,
                 from ..\src\Commands\DriveUntilTarget.h:6,
                 from ..\src\Commands\DriveUntilTarget.cpp:1:
..\src\Commands\../Subsystems/DriveTrain.h:7:29: fatal error: ctrlib/CANTalon.h: No such file or directory
compilation terminated.
Info: Nothing to build for Team-3341-PowerUp
16:44:16 **** Incremental Build of configuration Debug for project tesst ****
Info: Internal Builder is used for build
arm-frc-linux-gnueabi-g++ -std=c++1y "-IC:\\Users\\ankbh/wpilib/cpp/current/include" "-IC:\\Users\\ankbh\\Robotics\\tesst\\src" "-IC:\\Users\\ankbh/wpilib/user/cpp/include" -O0 -Og -g3 -Wall -c -fmessage-length=0 -pthread -o "src\\Commands\\Drive.o" "..\\src\\Commands\\Drive.cpp" 
In file included from c:\users\ankbh\robotics\tesst\src\commandbase.h:13:0,
                 from C:\Users\ankbh\Robotics\tesst\src/Commands/Drive.h:4,
                 from ..\src\Commands\Drive.cpp:1:
c:\users\ankbh\robotics\tesst\src\Subsystems/Winch.h:5:29: fatal error: ctrlib/CANTalon.h: No such file or directory
compilation terminated.
16:50:29 **** Incremental Build of configuration Debug for project Team-3341-PowerUp ****
Info: Internal Builder is used for build
arm-frc-linux-gnueabi-g++ -std=c++1y "-IC:\\Users\\ankbh/wpilib/cpp/current/include" "-IC:\\Users\\ankbh\\Robotics\\Team-3341-PowerUp\\src" "-IC:\\Users\\ankbh/wpilib/user/cpp/include" -O0 -Og -g3 -Wall -c -fmessage-length=0 -pthread -o "src\\Commands\\TankDrive.o" "..\\src\\Commands\\TankDrive.cpp" 
..\src\Commands\TankDrive.cpp: In member function 'virtual void TankDrive::Execute()':
..\src\Commands\TankDrive.cpp:21:9: warning: unused variable 'average' [-Wunused-variable]
  double average = (drive->leftDistance() + drive->rightDistance()) / 2;
         ^
arm-frc-linux-gnueabi-g++ -std=c++1y "-IC:\\Users\\ankbh/wpilib/cpp/current/include" "-IC:\\Users\\ankbh\\Robotics\\Team-3341-PowerUp\\src" "-IC:\\Users\\ankbh/wpilib/user/cpp/include" -O0 -Og -g3 -Wall -c -fmessage-length=0 -pthread -o "src\\Commands\\OppositeSideSwitch.o" "..\\src\\Commands\\OppositeSideSwitch.cpp" 
arm-frc-linux-gnueabi-g++ -std=c++1y "-IC:\\Users\\ankbh/wpilib/cpp/current/include" "-IC:\\Users\\ankbh\\Robotics\\Team-3341-PowerUp\\src" "-IC:\\Users\\ankbh/wpilib/user/cpp/include" -O0 -Og -g3 -Wall -c -fmessage-length=0 -pthread -o "src\\Commands\\SameSideSwitch.o" "..\\src\\Commands\\SameSideSwitch.cpp" 
arm-frc-linux-gnueabi-g++ -std=c++1y "-IC:\\Users\\ankbh/wpilib/cpp/current/include" "-IC:\\Users\\ankbh\\Robotics\\Team-3341-PowerUp\\src" "-IC:\\Users\\ankbh/wpilib/user/cpp/include" -O0 -Og -g3 -Wall -c -fmessage-length=0 -pthread -o "src\\Commands\\Turn.o" "..\\src\\Commands\\Turn.cpp" 
arm-frc-linux-gnueabi-g++ -std=c++1y "-IC:\\Users\\ankbh/wpilib/cpp/current/include" "-IC:\\Users\\ankbh\\Robotics\\Team-3341-PowerUp\\src" "-IC:\\Users\\ankbh/wpilib/user/cpp/include" -O0 -Og -g3 -Wall -c -fmessage-length=0 -pthread -o "src\\Robot.o" "..\\src\\Robot.cpp" 
..\src\Robot.cpp: In member function 'virtual void Robot::TestPeriodic()':
..\src\Robot.cpp:91:39: warning: 'void frc::LiveWindow::Run()' is deprecated: no longer required [-Wdeprecated-declarations]
   frc::LiveWindow::GetInstance()->Run();
                                       ^
In file included from ..\src\Robot.cpp:6:0:
C:\Users\ankbh/wpilib/cpp/current/include/LiveWindow/LiveWindow.h:31:8: note: declared here
   void Run() { UpdateValues(); }
        ^
arm-frc-linux-gnueabi-g++ -std=c++1y "-IC:\\Users\\ankbh/wpilib/cpp/current/include" "-IC:\\Users\\ankbh\\Robotics\\Team-3341-PowerUp\\src" "-IC:\\Users\\ankbh/wpilib/user/cpp/include" -O0 -Og -g3 -Wall -c -fmessage-length=0 -pthread -o "src\\Subsystems\\DriveTrain.o" "..\\src\\Subsystems\\DriveTrain.cpp" 
arm-frc-linux-gnueabi-g++ -std=c++1y "-IC:\\Users\\ankbh/wpilib/cpp/current/include" "-IC:\\Users\\ankbh\\Robotics\\Team-3341-PowerUp\\src" "-IC:\\Users\\ankbh/wpilib/user/cpp/include" -O0 -Og -g3 -Wall -c -fmessage-length=0 -pthread -o "src\\CommandBase.o" "..\\src\\CommandBase.cpp" 
arm-frc-linux-gnueabi-g++ -std=c++1y "-IC:\\Users\\ankbh/wpilib/cpp/current/include" "-IC:\\Users\\ankbh\\Robotics\\Team-3341-PowerUp\\src" "-IC:\\Users\\ankbh/wpilib/user/cpp/include" -O0 -Og -g3 -Wall -c -fmessage-length=0 -pthread -o "src\\OI.o" "..\\src\\OI.cpp" 
arm-frc-linux-gnueabi-g++ -std=c++1y "-IC:\\Users\\ankbh/wpilib/cpp/current/include" "-IC:\\Users\\ankbh\\Robotics\\Team-3341-PowerUp\\src" "-IC:\\Users\\ankbh/wpilib/user/cpp/include" -O0 -Og -g3 -Wall -c -fmessage-length=0 -pthread -o "src\\Commands\\DriveForward.o" "..\\src\\Commands\\DriveForward.cpp" 
..\src\Commands\DriveForward.cpp: In member function 'virtual void DriveForward::Execute()':
..\src\Commands\DriveForward.cpp:18:9: warning: unused variable 'average' [-Wunused-variable]
  double average = (drive->leftDistance() + drive->rightDistance()) / 2;
         ^
arm-frc-linux-gnueabi-g++ "-LC:\\Users\\ankbh/wpilib/user/cpp/lib" "-LC:\\Users\\ankbh/wpilib/cpp/current/reflib/linux/athena/shared" "-LC:\\Users\\ankbh/wpilib/common/current/lib/linux/athena/shared" -pthread -rdynamic -Wl,-rpath,/opt/GenICam_v3_0_NI/bin/Linux32_ARM,-rpath,/usr/local/frc/lib -o FRCUserProgram "src\\CommandBase.o" "src\\Commands\\DriveForward.o" "src\\Commands\\OppositeSideSwitch.o" "src\\Commands\\SameSideSwitch.o" "src\\Commands\\TankDrive.o" "src\\Commands\\Turn.o" "src\\OI.o" "src\\Robot.o" "src\\Subsystems\\DriveTrain.o" "src\\Utilities\\WVPIDController.o" -lCTRE_Phoenix -lCTRE_PhoenixCCI -lCTRE_Phoenix -lCTRE_PhoenixCCI -lwpi 

**** Build of configuration Debug for project Drivetrain_Test_2 ****

Nothing to build for project Drivetrain_Test_2
16:50:54 **** Incremental Build of configuration Debug for project Drivetrain_test_3 ****
Info: Internal Builder is used for build
arm-frc-linux-gnueabi-g++ "-LC:\\Users\\ankbh/wpilib/user/cpp/lib" "-LC:\\Users\\ankbh/wpilib/cpp/current/reflib/linux/athena/shared" "-LC:\\Users\\ankbh/wpilib/common/current/lib/linux/athena/shared" -pthread -rdynamic -Wl,-rpath,/opt/GenICam_v3_0_NI/bin/Linux32_ARM,-rpath,/usr/local/frc/lib -o FRCUserProgram "src\\CommandBase.o" "src\\Commands\\ExampleCommand.o" "src\\Commands\\TankDrive.o" "src\\OI.o" "src\\Robot.o" "src\\Subsystems\\Drivetrain.o" "src\\Subsystems\\ExampleSubsystem.o" -lCTRE_Phoenix -lCTRE_PhoenixCCI -lCTRE_Phoenix -lCTRE_PhoenixCCI -lwpi 
arm-frc-linux-gnueabi-g++: error: src\Subsystems\Drivetrain.o: No such file or directory
16:50:55 **** Incremental Build of configuration Debug for project Expo-bot ****
Info: Internal Builder is used for build
arm-frc-linux-gnueabi-g++ -std=c++1y "-IC:\\Users\\ankbh/wpilib/cpp/current/include" "-IC:\\Users\\ankbh\\Robotics\\Expo-bot\\src" "-IC:\\Users\\ankbh/wpilib/user/cpp/include" -O0 -Og -g3 -Wall -c -fmessage-length=0 -pthread -o "src\\Subsystems\\Winch.o" "..\\src\\Subsystems\\Winch.cpp" 
In file included from ..\src\Subsystems\Winch.cpp:1:0:
..\src\Subsystems\Winch.h:5:29: fatal error: ctrlib/CANTalon.h: No such file or directory
compilation terminated.
16:50:56 **** Incremental Build of configuration Debug for project Mock ****
Info: Internal Builder is used for build
arm-frc-linux-gnueabi-g++ "-LC:\\Users\\ankbh/wpilib/user/cpp/lib" "-LC:\\Users\\ankbh/wpilib/cpp/current/reflib/linux/athena/shared" "-LC:\\Users\\ankbh/wpilib/common/current/lib/linux/athena/shared" -pthread -rdynamic -Wl,-rpath,/opt/GenICam_v3_0_NI/bin/Linux32_ARM,-rpath,/usr/local/frc/lib -o FRCUserProgram "src\\CommandBase.o" "src\\Commands\\AlignWithWall.o" "src\\Commands\\ArmDown.o" "src\\Commands\\ArmUp.o" "src\\Commands\\Autonomous.o" "src\\Commands\\Drive.o" "src\\Commands\\GyroTurn.o" "src\\Commands\\MoveArm.o" "src\\Commands\\MoveFromWall.o" "src\\Commands\\MoveUntilWall.o" "src\\Commands\\TankDrive.o" "src\\OI.o" "src\\Robot.o" "src\\Subsystems\\Arm.o" "src\\Subsystems\\DriveTrain.o" "src\\Utilities\\NetworkTablesInterface.o" -lCTRE_Phoenix -lCTRE_PhoenixCCI -lCTRE_Phoenix -lCTRE_PhoenixCCI -lwpi 
arm-frc-linux-gnueabi-g++: error: src\Commands\ArmUp.o: No such file or directory
16:50:57 **** Incremental Build of configuration Debug for project Mock2k17 ****
Info: Internal Builder is used for build
arm-frc-linux-gnueabi-g++ -std=c++1y "-IC:\\Users\\ankbh/wpilib/cpp/current/include" "-IC:\\Users\\ankbh\\Robotics\\Mock2k17\\src" "-IC:\\Users\\ankbh/wpilib/user/cpp/include" -O0 -Og -g3 -Wall -c -fmessage-length=0 -pthread -o "src\\Commands\\Turn.o" "..\\src\\Commands\\Turn.cpp" 
In file included from ..\src\Commands\../CommandBase.h:12:0,
                 from ..\src\Commands\Turn.h:4,
                 from ..\src\Commands\Turn.cpp:1:
..\src\Commands\../Subsystems/DriveTrain.h:7:29: fatal error: ctrlib/CANTalon.h: No such file or directory
compilation terminated.
Info: Nothing to build for Team-3341-PowerUp
16:50:59 **** Incremental Build of configuration Debug for project tesst ****
Info: Internal Builder is used for build
arm-frc-linux-gnueabi-g++ -std=c++1y "-IC:\\Users\\ankbh/wpilib/cpp/current/include" "-IC:\\Users\\ankbh\\Robotics\\tesst\\src" "-IC:\\Users\\ankbh/wpilib/user/cpp/include" -O0 -Og -g3 -Wall -c -fmessage-length=0 -pthread -o "src\\Commands\\moveWinch.o" "..\\src\\Commands\\moveWinch.cpp" 
In file included from ..\src\Commands\../CommandBase.h:13:0,
                 from ..\src\Commands\moveWinch.h:4,
                 from ..\src\Commands\moveWinch.cpp:1:
..\src\Commands\../Subsystems/Winch.h:5:29: fatal error: ctrlib/CANTalon.h: No such file or directory
compilation terminated.
16:55:52 **** Incremental Build of configuration Debug for project Team-3341-PowerUp ****
Info: Internal Builder is used for build
arm-frc-linux-gnueabi-g++ -std=c++1y "-IC:\\Users\\ankbh/wpilib/cpp/current/include" "-IC:\\Users\\ankbh\\Robotics\\Team-3341-PowerUp\\src" "-IC:\\Users\\ankbh/wpilib/user/cpp/include" -O0 -Og -g3 -Wall -c -fmessage-length=0 -pthread -o "src\\Subsystems\\DriveTrain.o" "..\\src\\Subsystems\\DriveTrain.cpp" 
arm-frc-linux-gnueabi-g++ "-LC:\\Users\\ankbh/wpilib/user/cpp/lib" "-LC:\\Users\\ankbh/wpilib/cpp/current/reflib/linux/athena/shared" "-LC:\\Users\\ankbh/wpilib/common/current/lib/linux/athena/shared" -pthread -rdynamic -Wl,-rpath,/opt/GenICam_v3_0_NI/bin/Linux32_ARM,-rpath,/usr/local/frc/lib -o FRCUserProgram "src\\CommandBase.o" "src\\Commands\\DriveForward.o" "src\\Commands\\OppositeSideSwitch.o" "src\\Commands\\SameSideSwitch.o" "src\\Commands\\TankDrive.o" "src\\Commands\\Turn.o" "src\\OI.o" "src\\Robot.o" "src\\Subsystems\\DriveTrain.o" "src\\Utilities\\WVPIDController.o" -lCTRE_Phoenix -lCTRE_PhoenixCCI -lCTRE_Phoenix -lCTRE_PhoenixCCI -lwpi 

**** Build of configuration Debug for project Drivetrain_Test_2 ****

Nothing to build for project Drivetrain_Test_2
16:55:55 **** Incremental Build of configuration Debug for project Drivetrain_test_3 ****
Info: Internal Builder is used for build
arm-frc-linux-gnueabi-g++ "-LC:\\Users\\ankbh/wpilib/user/cpp/lib" "-LC:\\Users\\ankbh/wpilib/cpp/current/reflib/linux/athena/shared" "-LC:\\Users\\ankbh/wpilib/common/current/lib/linux/athena/shared" -pthread -rdynamic -Wl,-rpath,/opt/GenICam_v3_0_NI/bin/Linux32_ARM,-rpath,/usr/local/frc/lib -o FRCUserProgram "src\\CommandBase.o" "src\\Commands\\ExampleCommand.o" "src\\Commands\\TankDrive.o" "src\\OI.o" "src\\Robot.o" "src\\Subsystems\\Drivetrain.o" "src\\Subsystems\\ExampleSubsystem.o" -lCTRE_Phoenix -lCTRE_PhoenixCCI -lCTRE_Phoenix -lCTRE_PhoenixCCI -lwpi 
arm-frc-linux-gnueabi-g++: error: src\Subsystems\Drivetrain.o: No such file or directory
16:55:56 **** Incremental Build of configuration Debug for project Expo-bot ****
Info: Internal Builder is used for build
arm-frc-linux-gnueabi-g++ -std=c++1y "-IC:\\Users\\ankbh/wpilib/cpp/current/include" "-IC:\\Users\\ankbh\\Robotics\\Expo-bot\\src" "-IC:\\Users\\ankbh/wpilib/user/cpp/include" -O0 -Og -g3 -Wall -c -fmessage-length=0 -pthread -o "src\\Subsystems\\Shooter.o" "..\\src\\Subsystems\\Shooter.cpp" 
In file included from ..\src\Subsystems\Shooter.cpp:1:0:
..\src\Subsystems\Shooter.h:4:29: fatal error: ctrlib/CANTalon.h: No such file or directory
compilation terminated.
16:55:57 **** Incremental Build of configuration Debug for project Mock ****
Info: Internal Builder is used for build
arm-frc-linux-gnueabi-g++ "-LC:\\Users\\ankbh/wpilib/user/cpp/lib" "-LC:\\Users\\ankbh/wpilib/cpp/current/reflib/linux/athena/shared" "-LC:\\Users\\ankbh/wpilib/common/current/lib/linux/athena/shared" -pthread -rdynamic -Wl,-rpath,/opt/GenICam_v3_0_NI/bin/Linux32_ARM,-rpath,/usr/local/frc/lib -o FRCUserProgram "src\\CommandBase.o" "src\\Commands\\AlignWithWall.o" "src\\Commands\\ArmDown.o" "src\\Commands\\ArmUp.o" "src\\Commands\\Autonomous.o" "src\\Commands\\Drive.o" "src\\Commands\\GyroTurn.o" "src\\Commands\\MoveArm.o" "src\\Commands\\MoveFromWall.o" "src\\Commands\\MoveUntilWall.o" "src\\Commands\\TankDrive.o" "src\\OI.o" "src\\Robot.o" "src\\Subsystems\\Arm.o" "src\\Subsystems\\DriveTrain.o" "src\\Utilities\\NetworkTablesInterface.o" -lCTRE_Phoenix -lCTRE_PhoenixCCI -lCTRE_Phoenix -lCTRE_PhoenixCCI -lwpi 
arm-frc-linux-gnueabi-g++: error: src\Commands\ArmUp.o: No such file or directory
16:55:58 **** Incremental Build of configuration Debug for project Mock2k17 ****
Info: Internal Builder is used for build
arm-frc-linux-gnueabi-g++ -std=c++1y "-IC:\\Users\\ankbh/wpilib/cpp/current/include" "-IC:\\Users\\ankbh\\Robotics\\Mock2k17\\src" "-IC:\\Users\\ankbh/wpilib/user/cpp/include" -O0 -Og -g3 -Wall -c -fmessage-length=0 -pthread -o "src\\Subsystems\\DriveTrain.o" "..\\src\\Subsystems\\DriveTrain.cpp" 
In file included from ..\src\Subsystems\DriveTrain.cpp:1:0:
..\src\Subsystems\DriveTrain.h:7:29: fatal error: ctrlib/CANTalon.h: No such file or directory
compilation terminated.
Info: Nothing to build for Team-3341-PowerUp
16:55:59 **** Incremental Build of configuration Debug for project tesst ****
Info: Internal Builder is used for build
arm-frc-linux-gnueabi-g++ -std=c++1y "-IC:\\Users\\ankbh/wpilib/cpp/current/include" "-IC:\\Users\\ankbh\\Robotics\\tesst\\src" "-IC:\\Users\\ankbh/wpilib/user/cpp/include" -O0 -Og -g3 -Wall -c -fmessage-length=0 -pthread -o "src\\CommandBase.o" "..\\src\\CommandBase.cpp" 
In file included from ..\src\CommandBase.h:13:0,
                 from ..\src\CommandBase.cpp:1:
..\src\Subsystems/Winch.h:5:29: fatal error: ctrlib/CANTalon.h: No such file or directory
compilation terminated.
16:58:24 **** Incremental Build of configuration Debug for project Team-3341-PowerUp ****
Info: Internal Builder is used for build
arm-frc-linux-gnueabi-g++ -std=c++1y "-IC:\\Users\\ankbh/wpilib/cpp/current/include" "-IC:\\Users\\ankbh\\Robotics\\Team-3341-PowerUp\\src" "-IC:\\Users\\ankbh/wpilib/user/cpp/include" -O0 -Og -g3 -Wall -c -fmessage-length=0 -pthread -o "src\\Subsystems\\DriveTrain.o" "..\\src\\Subsystems\\DriveTrain.cpp" 
arm-frc-linux-gnueabi-g++ "-LC:\\Users\\ankbh/wpilib/user/cpp/lib" "-LC:\\Users\\ankbh/wpilib/cpp/current/reflib/linux/athena/shared" "-LC:\\Users\\ankbh/wpilib/common/current/lib/linux/athena/shared" -pthread -rdynamic -Wl,-rpath,/opt/GenICam_v3_0_NI/bin/Linux32_ARM,-rpath,/usr/local/frc/lib -o FRCUserProgram "src\\CommandBase.o" "src\\Commands\\DriveForward.o" "src\\Commands\\OppositeSideSwitch.o" "src\\Commands\\SameSideSwitch.o" "src\\Commands\\TankDrive.o" "src\\Commands\\Turn.o" "src\\OI.o" "src\\Robot.o" "src\\Subsystems\\DriveTrain.o" "src\\Utilities\\WVPIDController.o" -lCTRE_Phoenix -lCTRE_PhoenixCCI -lCTRE_Phoenix -lCTRE_PhoenixCCI -lwpi 

**** Build of configuration Debug for project Drivetrain_Test_2 ****

Nothing to build for project Drivetrain_Test_2
16:58:28 **** Incremental Build of configuration Debug for project Drivetrain_test_3 ****
Info: Internal Builder is used for build
arm-frc-linux-gnueabi-g++ "-LC:\\Users\\ankbh/wpilib/user/cpp/lib" "-LC:\\Users\\ankbh/wpilib/cpp/current/reflib/linux/athena/shared" "-LC:\\Users\\ankbh/wpilib/common/current/lib/linux/athena/shared" -pthread -rdynamic -Wl,-rpath,/opt/GenICam_v3_0_NI/bin/Linux32_ARM,-rpath,/usr/local/frc/lib -o FRCUserProgram "src\\CommandBase.o" "src\\Commands\\ExampleCommand.o" "src\\Commands\\TankDrive.o" "src\\OI.o" "src\\Robot.o" "src\\Subsystems\\Drivetrain.o" "src\\Subsystems\\ExampleSubsystem.o" -lCTRE_Phoenix -lCTRE_PhoenixCCI -lCTRE_Phoenix -lCTRE_PhoenixCCI -lwpi 
arm-frc-linux-gnueabi-g++: error: src\Subsystems\Drivetrain.o: No such file or directory
16:58:28 **** Incremental Build of configuration Debug for project Expo-bot ****
Info: Internal Builder is used for build
arm-frc-linux-gnueabi-g++ -std=c++1y "-IC:\\Users\\ankbh/wpilib/cpp/current/include" "-IC:\\Users\\ankbh\\Robotics\\Expo-bot\\src" "-IC:\\Users\\ankbh/wpilib/user/cpp/include" -O0 -Og -g3 -Wall -c -fmessage-length=0 -pthread -o "src\\Commands\\drive.o" "..\\src\\Commands\\drive.cpp" 
In file included from C:\Users\ankbh\Robotics\Expo-bot\src/CommandBase.h:6:0,
                 from C:\Users\ankbh\Robotics\Expo-bot\src/Commands/drive.h:5,
                 from ..\src\Commands\drive.cpp:1:
C:\Users\ankbh\Robotics\Expo-bot\src/Subsystems/Winch.h:5:29: fatal error: ctrlib/CANTalon.h: No such file or directory
compilation terminated.
16:58:29 **** Incremental Build of configuration Debug for project Mock ****
Info: Internal Builder is used for build
arm-frc-linux-gnueabi-g++ "-LC:\\Users\\ankbh/wpilib/user/cpp/lib" "-LC:\\Users\\ankbh/wpilib/cpp/current/reflib/linux/athena/shared" "-LC:\\Users\\ankbh/wpilib/common/current/lib/linux/athena/shared" -pthread -rdynamic -Wl,-rpath,/opt/GenICam_v3_0_NI/bin/Linux32_ARM,-rpath,/usr/local/frc/lib -o FRCUserProgram "src\\CommandBase.o" "src\\Commands\\AlignWithWall.o" "src\\Commands\\ArmDown.o" "src\\Commands\\ArmUp.o" "src\\Commands\\Autonomous.o" "src\\Commands\\Drive.o" "src\\Commands\\GyroTurn.o" "src\\Commands\\MoveArm.o" "src\\Commands\\MoveFromWall.o" "src\\Commands\\MoveUntilWall.o" "src\\Commands\\TankDrive.o" "src\\OI.o" "src\\Robot.o" "src\\Subsystems\\Arm.o" "src\\Subsystems\\DriveTrain.o" "src\\Utilities\\NetworkTablesInterface.o" -lCTRE_Phoenix -lCTRE_PhoenixCCI -lCTRE_Phoenix -lCTRE_PhoenixCCI -lwpi 
arm-frc-linux-gnueabi-g++: error: src\Commands\ArmUp.o: No such file or directory
16:58:30 **** Incremental Build of configuration Debug for project Mock2k17 ****
Info: Internal Builder is used for build
arm-frc-linux-gnueabi-g++ -std=c++1y "-IC:\\Users\\ankbh/wpilib/cpp/current/include" "-IC:\\Users\\ankbh\\Robotics\\Mock2k17\\src" "-IC:\\Users\\ankbh/wpilib/user/cpp/include" -O0 -Og -g3 -Wall -c -fmessage-length=0 -pthread -o "src\\Subsystems\\DriveTrain.o" "..\\src\\Subsystems\\DriveTrain.cpp" 
In file included from ..\src\Subsystems\DriveTrain.cpp:1:0:
..\src\Subsystems\DriveTrain.h:7:29: fatal error: ctrlib/CANTalon.h: No such file or directory
compilation terminated.
Info: Nothing to build for Team-3341-PowerUp
16:58:32 **** Incremental Build of configuration Debug for project tesst ****
Info: Internal Builder is used for build
arm-frc-linux-gnueabi-g++ -std=c++1y "-IC:\\Users\\ankbh/wpilib/cpp/current/include" "-IC:\\Users\\ankbh\\Robotics\\tesst\\src" "-IC:\\Users\\ankbh/wpilib/user/cpp/include" -O0 -Og -g3 -Wall -c -fmessage-length=0 -pthread -o "src\\Commands\\Drive.o" "..\\src\\Commands\\Drive.cpp" 
In file included from c:\users\ankbh\robotics\tesst\src\commandbase.h:13:0,
                 from C:\Users\ankbh\Robotics\tesst\src/Commands/Drive.h:4,
                 from ..\src\Commands\Drive.cpp:1:
c:\users\ankbh\robotics\tesst\src\Subsystems/Winch.h:5:29: fatal error: ctrlib/CANTalon.h: No such file or directory
compilation terminated.
17:00:15 **** Incremental Build of configuration Debug for project Team-3341-PowerUp ****
Info: Internal Builder is used for build
arm-frc-linux-gnueabi-g++ -std=c++1y "-IC:\\Users\\ankbh/wpilib/cpp/current/include" "-IC:\\Users\\ankbh\\Robotics\\Team-3341-PowerUp\\src" "-IC:\\Users\\ankbh/wpilib/user/cpp/include" -O0 -Og -g3 -Wall -c -fmessage-length=0 -pthread -o "src\\Subsystems\\DriveTrain.o" "..\\src\\Subsystems\\DriveTrain.cpp" 
arm-frc-linux-gnueabi-g++ "-LC:\\Users\\ankbh/wpilib/user/cpp/lib" "-LC:\\Users\\ankbh/wpilib/cpp/current/reflib/linux/athena/shared" "-LC:\\Users\\ankbh/wpilib/common/current/lib/linux/athena/shared" -pthread -rdynamic -Wl,-rpath,/opt/GenICam_v3_0_NI/bin/Linux32_ARM,-rpath,/usr/local/frc/lib -o FRCUserProgram "src\\CommandBase.o" "src\\Commands\\DriveForward.o" "src\\Commands\\OppositeSideSwitch.o" "src\\Commands\\SameSideSwitch.o" "src\\Commands\\TankDrive.o" "src\\Commands\\Turn.o" "src\\OI.o" "src\\Robot.o" "src\\Subsystems\\DriveTrain.o" "src\\Utilities\\WVPIDController.o" -lCTRE_Phoenix -lCTRE_PhoenixCCI -lCTRE_Phoenix -lCTRE_PhoenixCCI -lwpi 

**** Build of configuration Debug for project Drivetrain_Test_2 ****

Nothing to build for project Drivetrain_Test_2
17:00:18 **** Incremental Build of configuration Debug for project Drivetrain_test_3 ****
Info: Internal Builder is used for build
arm-frc-linux-gnueabi-g++ "-LC:\\Users\\ankbh/wpilib/user/cpp/lib" "-LC:\\Users\\ankbh/wpilib/cpp/current/reflib/linux/athena/shared" "-LC:\\Users\\ankbh/wpilib/common/current/lib/linux/athena/shared" -pthread -rdynamic -Wl,-rpath,/opt/GenICam_v3_0_NI/bin/Linux32_ARM,-rpath,/usr/local/frc/lib -o FRCUserProgram "src\\CommandBase.o" "src\\Commands\\ExampleCommand.o" "src\\Commands\\TankDrive.o" "src\\OI.o" "src\\Robot.o" "src\\Subsystems\\Drivetrain.o" "src\\Subsystems\\ExampleSubsystem.o" -lCTRE_Phoenix -lCTRE_PhoenixCCI -lCTRE_Phoenix -lCTRE_PhoenixCCI -lwpi 
arm-frc-linux-gnueabi-g++: error: src\Subsystems\Drivetrain.o: No such file or directory
17:00:19 **** Incremental Build of configuration Debug for project Expo-bot ****
Info: Internal Builder is used for build
arm-frc-linux-gnueabi-g++ -std=c++1y "-IC:\\Users\\ankbh/wpilib/cpp/current/include" "-IC:\\Users\\ankbh\\Robotics\\Expo-bot\\src" "-IC:\\Users\\ankbh/wpilib/user/cpp/include" -O0 -Og -g3 -Wall -c -fmessage-length=0 -pthread -o "src\\Commands\\ShootStop.o" "..\\src\\Commands\\ShootStop.cpp" 
In file included from ..\src\Commands\../CommandBase.h:6:0,
                 from ..\src\Commands\ShootStop.h:4,
                 from ..\src\Commands\ShootStop.cpp:1:
..\src\Commands\../Subsystems/Winch.h:5:29: fatal error: ctrlib/CANTalon.h: No such file or directory
compilation terminated.
17:00:20 **** Incremental Build of configuration Debug for project Mock ****
Info: Internal Builder is used for build
arm-frc-linux-gnueabi-g++ "-LC:\\Users\\ankbh/wpilib/user/cpp/lib" "-LC:\\Users\\ankbh/wpilib/cpp/current/reflib/linux/athena/shared" "-LC:\\Users\\ankbh/wpilib/common/current/lib/linux/athena/shared" -pthread -rdynamic -Wl,-rpath,/opt/GenICam_v3_0_NI/bin/Linux32_ARM,-rpath,/usr/local/frc/lib -o FRCUserProgram "src\\CommandBase.o" "src\\Commands\\AlignWithWall.o" "src\\Commands\\ArmDown.o" "src\\Commands\\ArmUp.o" "src\\Commands\\Autonomous.o" "src\\Commands\\Drive.o" "src\\Commands\\GyroTurn.o" "src\\Commands\\MoveArm.o" "src\\Commands\\MoveFromWall.o" "src\\Commands\\MoveUntilWall.o" "src\\Commands\\TankDrive.o" "src\\OI.o" "src\\Robot.o" "src\\Subsystems\\Arm.o" "src\\Subsystems\\DriveTrain.o" "src\\Utilities\\NetworkTablesInterface.o" -lCTRE_Phoenix -lCTRE_PhoenixCCI -lCTRE_Phoenix -lCTRE_PhoenixCCI -lwpi 
arm-frc-linux-gnueabi-g++: error: src\Commands\ArmUp.o: No such file or directory
17:00:21 **** Incremental Build of configuration Debug for project Mock2k17 ****
Info: Internal Builder is used for build
arm-frc-linux-gnueabi-g++ -std=c++1y "-IC:\\Users\\ankbh/wpilib/cpp/current/include" "-IC:\\Users\\ankbh\\Robotics\\Mock2k17\\src" "-IC:\\Users\\ankbh/wpilib/user/cpp/include" -O0 -Og -g3 -Wall -c -fmessage-length=0 -pthread -o "src\\Robot.o" "..\\src\\Robot.cpp" 
In file included from ..\src\CommandBase.h:12:0,
                 from ..\src\Robot.cpp:10:
..\src\Subsystems/DriveTrain.h:7:29: fatal error: ctrlib/CANTalon.h: No such file or directory
compilation terminated.
Info: Nothing to build for Team-3341-PowerUp
17:00:23 **** Incremental Build of configuration Debug for project tesst ****
Info: Internal Builder is used for build
arm-frc-linux-gnueabi-g++ -std=c++1y "-IC:\\Users\\ankbh/wpilib/cpp/current/include" "-IC:\\Users\\ankbh\\Robotics\\tesst\\src" "-IC:\\Users\\ankbh/wpilib/user/cpp/include" -O0 -Og -g3 -Wall -c -fmessage-length=0 -pthread -o "src\\Commands\\Drive.o" "..\\src\\Commands\\Drive.cpp" 
In file included from c:\users\ankbh\robotics\tesst\src\commandbase.h:13:0,
                 from C:\Users\ankbh\Robotics\tesst\src/Commands/Drive.h:4,
                 from ..\src\Commands\Drive.cpp:1:
c:\users\ankbh\robotics\tesst\src\Subsystems/Winch.h:5:29: fatal error: ctrlib/CANTalon.h: No such file or directory
compilation terminated.
17:05:01 **** Incremental Build of configuration Debug for project Team-3341-PowerUp ****
Info: Internal Builder is used for build
arm-frc-linux-gnueabi-g++ -std=c++1y "-IC:\\Users\\ankbh/wpilib/cpp/current/include" "-IC:\\Users\\ankbh\\Robotics\\Team-3341-PowerUp\\src" "-IC:\\Users\\ankbh/wpilib/user/cpp/include" -O0 -Og -g3 -Wall -c -fmessage-length=0 -pthread -o "src\\Subsystems\\DriveTrain.o" "..\\src\\Subsystems\\DriveTrain.cpp" 
arm-frc-linux-gnueabi-g++ -std=c++1y "-IC:\\Users\\ankbh/wpilib/cpp/current/include" "-IC:\\Users\\ankbh\\Robotics\\Team-3341-PowerUp\\src" "-IC:\\Users\\ankbh/wpilib/user/cpp/include" -O0 -Og -g3 -Wall -c -fmessage-length=0 -pthread -o "src\\Commands\\DriveForward.o" "..\\src\\Commands\\DriveForward.cpp" 
..\src\Commands\DriveForward.cpp: In member function 'virtual void DriveForward::Execute()':
..\src\Commands\DriveForward.cpp:18:9: warning: unused variable 'average' [-Wunused-variable]
  double average = (drive->leftDistance() + drive->rightDistance()) / 2;
         ^
arm-frc-linux-gnueabi-g++ -std=c++1y "-IC:\\Users\\ankbh/wpilib/cpp/current/include" "-IC:\\Users\\ankbh\\Robotics\\Team-3341-PowerUp\\src" "-IC:\\Users\\ankbh/wpilib/user/cpp/include" -O0 -Og -g3 -Wall -c -fmessage-length=0 -pthread -o "src\\Commands\\OppositeSideSwitch.o" "..\\src\\Commands\\OppositeSideSwitch.cpp" 
arm-frc-linux-gnueabi-g++ -std=c++1y "-IC:\\Users\\ankbh/wpilib/cpp/current/include" "-IC:\\Users\\ankbh\\Robotics\\Team-3341-PowerUp\\src" "-IC:\\Users\\ankbh/wpilib/user/cpp/include" -O0 -Og -g3 -Wall -c -fmessage-length=0 -pthread -o "src\\Commands\\SameSideSwitch.o" "..\\src\\Commands\\SameSideSwitch.cpp" 
arm-frc-linux-gnueabi-g++ -std=c++1y "-IC:\\Users\\ankbh/wpilib/cpp/current/include" "-IC:\\Users\\ankbh\\Robotics\\Team-3341-PowerUp\\src" "-IC:\\Users\\ankbh/wpilib/user/cpp/include" -O0 -Og -g3 -Wall -c -fmessage-length=0 -pthread -o "src\\CommandBase.o" "..\\src\\CommandBase.cpp" 
arm-frc-linux-gnueabi-g++ -std=c++1y "-IC:\\Users\\ankbh/wpilib/cpp/current/include" "-IC:\\Users\\ankbh\\Robotics\\Team-3341-PowerUp\\src" "-IC:\\Users\\ankbh/wpilib/user/cpp/include" -O0 -Og -g3 -Wall -c -fmessage-length=0 -pthread -o "src\\Commands\\Turn.o" "..\\src\\Commands\\Turn.cpp" 
arm-frc-linux-gnueabi-g++ -std=c++1y "-IC:\\Users\\ankbh/wpilib/cpp/current/include" "-IC:\\Users\\ankbh\\Robotics\\Team-3341-PowerUp\\src" "-IC:\\Users\\ankbh/wpilib/user/cpp/include" -O0 -Og -g3 -Wall -c -fmessage-length=0 -pthread -o "src\\Commands\\TankDrive.o" "..\\src\\Commands\\TankDrive.cpp" 
..\src\Commands\TankDrive.cpp: In member function 'virtual void TankDrive::Execute()':
..\src\Commands\TankDrive.cpp:21:9: warning: unused variable 'average' [-Wunused-variable]
  double average = (drive->leftDistance() + drive->rightDistance()) / 2;
         ^
arm-frc-linux-gnueabi-g++ -std=c++1y "-IC:\\Users\\ankbh/wpilib/cpp/current/include" "-IC:\\Users\\ankbh\\Robotics\\Team-3341-PowerUp\\src" "-IC:\\Users\\ankbh/wpilib/user/cpp/include" -O0 -Og -g3 -Wall -c -fmessage-length=0 -pthread -o "src\\Robot.o" "..\\src\\Robot.cpp" 
..\src\Robot.cpp: In member function 'virtual void Robot::TestPeriodic()':
..\src\Robot.cpp:91:39: warning: 'void frc::LiveWindow::Run()' is deprecated: no longer required [-Wdeprecated-declarations]
   frc::LiveWindow::GetInstance()->Run();
                                       ^
In file included from ..\src\Robot.cpp:6:0:
C:\Users\ankbh/wpilib/cpp/current/include/LiveWindow/LiveWindow.h:31:8: note: declared here
   void Run() { UpdateValues(); }
        ^
arm-frc-linux-gnueabi-g++ "-LC:\\Users\\ankbh/wpilib/user/cpp/lib" "-LC:\\Users\\ankbh/wpilib/cpp/current/reflib/linux/athena/shared" "-LC:\\Users\\ankbh/wpilib/common/current/lib/linux/athena/shared" -pthread -rdynamic -Wl,-rpath,/opt/GenICam_v3_0_NI/bin/Linux32_ARM,-rpath,/usr/local/frc/lib -o FRCUserProgram "src\\CommandBase.o" "src\\Commands\\DriveForward.o" "src\\Commands\\OppositeSideSwitch.o" "src\\Commands\\SameSideSwitch.o" "src\\Commands\\TankDrive.o" "src\\Commands\\Turn.o" "src\\OI.o" "src\\Robot.o" "src\\Subsystems\\DriveTrain.o" "src\\Utilities\\WVPIDController.o" -lCTRE_Phoenix -lCTRE_PhoenixCCI -lCTRE_Phoenix -lCTRE_PhoenixCCI -lwpi 

**** Build of configuration Debug for project Drivetrain_Test_2 ****

Nothing to build for project Drivetrain_Test_2
17:05:24 **** Incremental Build of configuration Debug for project Drivetrain_test_3 ****
Info: Internal Builder is used for build
arm-frc-linux-gnueabi-g++ "-LC:\\Users\\ankbh/wpilib/user/cpp/lib" "-LC:\\Users\\ankbh/wpilib/cpp/current/reflib/linux/athena/shared" "-LC:\\Users\\ankbh/wpilib/common/current/lib/linux/athena/shared" -pthread -rdynamic -Wl,-rpath,/opt/GenICam_v3_0_NI/bin/Linux32_ARM,-rpath,/usr/local/frc/lib -o FRCUserProgram "src\\CommandBase.o" "src\\Commands\\ExampleCommand.o" "src\\Commands\\TankDrive.o" "src\\OI.o" "src\\Robot.o" "src\\Subsystems\\Drivetrain.o" "src\\Subsystems\\ExampleSubsystem.o" -lCTRE_Phoenix -lCTRE_PhoenixCCI -lCTRE_Phoenix -lCTRE_PhoenixCCI -lwpi 
arm-frc-linux-gnueabi-g++: error: src\Subsystems\Drivetrain.o: No such file or directory
17:05:24 **** Incremental Build of configuration Debug for project Expo-bot ****
Info: Internal Builder is used for build
arm-frc-linux-gnueabi-g++ -std=c++1y "-IC:\\Users\\ankbh/wpilib/cpp/current/include" "-IC:\\Users\\ankbh\\Robotics\\Expo-bot\\src" "-IC:\\Users\\ankbh/wpilib/user/cpp/include" -O0 -Og -g3 -Wall -c -fmessage-length=0 -pthread -o "src\\Commands\\ShootStop.o" "..\\src\\Commands\\ShootStop.cpp" 
In file included from ..\src\Commands\../CommandBase.h:6:0,
                 from ..\src\Commands\ShootStop.h:4,
                 from ..\src\Commands\ShootStop.cpp:1:
..\src\Commands\../Subsystems/Winch.h:5:29: fatal error: ctrlib/CANTalon.h: No such file or directory
compilation terminated.
17:05:25 **** Incremental Build of configuration Debug for project Mock ****
Info: Internal Builder is used for build
arm-frc-linux-gnueabi-g++ "-LC:\\Users\\ankbh/wpilib/user/cpp/lib" "-LC:\\Users\\ankbh/wpilib/cpp/current/reflib/linux/athena/shared" "-LC:\\Users\\ankbh/wpilib/common/current/lib/linux/athena/shared" -pthread -rdynamic -Wl,-rpath,/opt/GenICam_v3_0_NI/bin/Linux32_ARM,-rpath,/usr/local/frc/lib -o FRCUserProgram "src\\CommandBase.o" "src\\Commands\\AlignWithWall.o" "src\\Commands\\ArmDown.o" "src\\Commands\\ArmUp.o" "src\\Commands\\Autonomous.o" "src\\Commands\\Drive.o" "src\\Commands\\GyroTurn.o" "src\\Commands\\MoveArm.o" "src\\Commands\\MoveFromWall.o" "src\\Commands\\MoveUntilWall.o" "src\\Commands\\TankDrive.o" "src\\OI.o" "src\\Robot.o" "src\\Subsystems\\Arm.o" "src\\Subsystems\\DriveTrain.o" "src\\Utilities\\NetworkTablesInterface.o" -lCTRE_Phoenix -lCTRE_PhoenixCCI -lCTRE_Phoenix -lCTRE_PhoenixCCI -lwpi 
arm-frc-linux-gnueabi-g++: error: src\Commands\ArmUp.o: No such file or directory
17:05:26 **** Incremental Build of configuration Debug for project Mock2k17 ****
Info: Internal Builder is used for build
arm-frc-linux-gnueabi-g++ -std=c++1y "-IC:\\Users\\ankbh/wpilib/cpp/current/include" "-IC:\\Users\\ankbh\\Robotics\\Mock2k17\\src" "-IC:\\Users\\ankbh/wpilib/user/cpp/include" -O0 -Og -g3 -Wall -c -fmessage-length=0 -pthread -o "src\\Robot.o" "..\\src\\Robot.cpp" 
In file included from ..\src\CommandBase.h:12:0,
                 from ..\src\Robot.cpp:10:
..\src\Subsystems/DriveTrain.h:7:29: fatal error: ctrlib/CANTalon.h: No such file or directory
compilation terminated.
Info: Nothing to build for Team-3341-PowerUp
17:05:28 **** Incremental Build of configuration Debug for project tesst ****
Info: Internal Builder is used for build
arm-frc-linux-gnueabi-g++ -std=c++1y "-IC:\\Users\\ankbh/wpilib/cpp/current/include" "-IC:\\Users\\ankbh\\Robotics\\tesst\\src" "-IC:\\Users\\ankbh/wpilib/user/cpp/include" -O0 -Og -g3 -Wall -c -fmessage-length=0 -pthread -o "src\\Commands\\Drive.o" "..\\src\\Commands\\Drive.cpp" 
In file included from c:\users\ankbh\robotics\tesst\src\commandbase.h:13:0,
                 from C:\Users\ankbh\Robotics\tesst\src/Commands/Drive.h:4,
                 from ..\src\Commands\Drive.cpp:1:
c:\users\ankbh\robotics\tesst\src\Subsystems/Winch.h:5:29: fatal error: ctrlib/CANTalon.h: No such file or directory
compilation terminated.
17:54:19 **** Incremental Build of configuration Debug for project Team-3341-PowerUp ****
Info: Internal Builder is used for build
arm-frc-linux-gnueabi-g++ "-LC:\\Users\\ankbh/wpilib/user/cpp/lib" "-LC:\\Users\\ankbh/wpilib/cpp/current/reflib/linux/athena/shared" "-LC:\\Users\\ankbh/wpilib/common/current/lib/linux/athena/shared" -pthread -rdynamic -Wl,-rpath,/opt/GenICam_v3_0_NI/bin/Linux32_ARM,-rpath,/usr/local/frc/lib -o FRCUserProgram "src\\CommandBase.o" "src\\Commands\\DriveForward.o" "src\\Commands\\OppositeSideSwitch.o" "src\\Commands\\SameSideSwitch.o" "src\\Commands\\TankDrive.o" "src\\Commands\\Turn.o" "src\\OI.o" "src\\Robot.o" "src\\Subsystems\\DriveTrain.o" "src\\Utilities\\WVPIDController.o" -lCTRE_Phoenix -lCTRE_PhoenixCCI -lCTRE_Phoenix -lCTRE_PhoenixCCI -lwpi 

**** Build of configuration Debug for project Drivetrain_Test_2 ****

Nothing to build for project Drivetrain_Test_2
17:54:24 **** Incremental Build of configuration Debug for project Drivetrain_test_3 ****
Info: Internal Builder is used for build
arm-frc-linux-gnueabi-g++ "-LC:\\Users\\ankbh/wpilib/user/cpp/lib" "-LC:\\Users\\ankbh/wpilib/cpp/current/reflib/linux/athena/shared" "-LC:\\Users\\ankbh/wpilib/common/current/lib/linux/athena/shared" -pthread -rdynamic -Wl,-rpath,/opt/GenICam_v3_0_NI/bin/Linux32_ARM,-rpath,/usr/local/frc/lib -o FRCUserProgram "src\\CommandBase.o" "src\\Commands\\ExampleCommand.o" "src\\Commands\\TankDrive.o" "src\\OI.o" "src\\Robot.o" "src\\Subsystems\\Drivetrain.o" "src\\Subsystems\\ExampleSubsystem.o" -lCTRE_Phoenix -lCTRE_PhoenixCCI -lCTRE_Phoenix -lCTRE_PhoenixCCI -lwpi 
arm-frc-linux-gnueabi-g++: error: src\Subsystems\Drivetrain.o: No such file or directory
17:54:24 **** Incremental Build of configuration Debug for project Expo-bot ****
Info: Internal Builder is used for build
arm-frc-linux-gnueabi-g++ -std=c++1y "-IC:\\Users\\ankbh/wpilib/cpp/current/include" "-IC:\\Users\\ankbh\\Robotics\\Expo-bot\\src" "-IC:\\Users\\ankbh/wpilib/user/cpp/include" -O0 -Og -g3 -Wall -c -fmessage-length=0 -pthread -o "src\\Subsystems\\Winch.o" "..\\src\\Subsystems\\Winch.cpp" 
In file included from ..\src\Subsystems\Winch.cpp:1:0:
..\src\Subsystems\Winch.h:5:29: fatal error: ctrlib/CANTalon.h: No such file or directory
compilation terminated.
17:54:25 **** Incremental Build of configuration Debug for project Mock ****
Info: Internal Builder is used for build
arm-frc-linux-gnueabi-g++ "-LC:\\Users\\ankbh/wpilib/user/cpp/lib" "-LC:\\Users\\ankbh/wpilib/cpp/current/reflib/linux/athena/shared" "-LC:\\Users\\ankbh/wpilib/common/current/lib/linux/athena/shared" -pthread -rdynamic -Wl,-rpath,/opt/GenICam_v3_0_NI/bin/Linux32_ARM,-rpath,/usr/local/frc/lib -o FRCUserProgram "src\\CommandBase.o" "src\\Commands\\AlignWithWall.o" "src\\Commands\\ArmDown.o" "src\\Commands\\ArmUp.o" "src\\Commands\\Autonomous.o" "src\\Commands\\Drive.o" "src\\Commands\\GyroTurn.o" "src\\Commands\\MoveArm.o" "src\\Commands\\MoveFromWall.o" "src\\Commands\\MoveUntilWall.o" "src\\Commands\\TankDrive.o" "src\\OI.o" "src\\Robot.o" "src\\Subsystems\\Arm.o" "src\\Subsystems\\DriveTrain.o" "src\\Utilities\\NetworkTablesInterface.o" -lCTRE_Phoenix -lCTRE_PhoenixCCI -lCTRE_Phoenix -lCTRE_PhoenixCCI -lwpi 
arm-frc-linux-gnueabi-g++: error: src\Commands\ArmUp.o: No such file or directory
17:54:26 **** Incremental Build of configuration Debug for project Mock2k17 ****
Info: Internal Builder is used for build
arm-frc-linux-gnueabi-g++ -std=c++1y "-IC:\\Users\\ankbh/wpilib/cpp/current/include" "-IC:\\Users\\ankbh\\Robotics\\Mock2k17\\src" "-IC:\\Users\\ankbh/wpilib/user/cpp/include" -O0 -Og -g3 -Wall -c -fmessage-length=0 -pthread -o "src\\Robot.o" "..\\src\\Robot.cpp" 
In file included from ..\src\CommandBase.h:12:0,
                 from ..\src\Robot.cpp:10:
..\src\Subsystems/DriveTrain.h:7:29: fatal error: ctrlib/CANTalon.h: No such file or directory
compilation terminated.
17:54:27 **** Incremental Build of configuration Debug for project Team-3341-PowerUp ****
Info: Internal Builder is used for build
arm-frc-linux-gnueabi-g++ -std=c++1y "-IC:\\Users\\ankbh/wpilib/cpp/current/include" "-IC:\\Users\\ankbh\\Robotics\\Team-3341-PowerUp\\src" "-IC:\\Users\\ankbh/wpilib/user/cpp/include" -O0 -Og -g3 -Wall -c -fmessage-length=0 -pthread -o "src\\Commands\\TankDrive.o" "..\\src\\Commands\\TankDrive.cpp" 
..\src\Commands\TankDrive.cpp: In member function 'virtual void TankDrive::Execute()':
..\src\Commands\TankDrive.cpp:21:9: warning: unused variable 'average' [-Wunused-variable]
  double average = (drive->leftDistance() + drive->rightDistance()) / 2;
         ^
arm-frc-linux-gnueabi-g++ "-LC:\\Users\\ankbh/wpilib/user/cpp/lib" "-LC:\\Users\\ankbh/wpilib/cpp/current/reflib/linux/athena/shared" "-LC:\\Users\\ankbh/wpilib/common/current/lib/linux/athena/shared" -pthread -rdynamic -Wl,-rpath,/opt/GenICam_v3_0_NI/bin/Linux32_ARM,-rpath,/usr/local/frc/lib -o FRCUserProgram "src\\CommandBase.o" "src\\Commands\\DriveForward.o" "src\\Commands\\OppositeSideSwitch.o" "src\\Commands\\SameSideSwitch.o" "src\\Commands\\TankDrive.o" "src\\Commands\\Turn.o" "src\\OI.o" "src\\Robot.o" "src\\Subsystems\\DriveTrain.o" "src\\Utilities\\WVPIDController.o" -lCTRE_Phoenix -lCTRE_PhoenixCCI -lCTRE_Phoenix -lCTRE_PhoenixCCI -lwpi 
17:54:30 **** Incremental Build of configuration Debug for project tesst ****
Info: Internal Builder is used for build
arm-frc-linux-gnueabi-g++ -std=c++1y "-IC:\\Users\\ankbh/wpilib/cpp/current/include" "-IC:\\Users\\ankbh\\Robotics\\tesst\\src" "-IC:\\Users\\ankbh/wpilib/user/cpp/include" -O0 -Og -g3 -Wall -c -fmessage-length=0 -pthread -o "src\\Robot.o" "..\\src\\Robot.cpp" 
In file included from ..\src\Commands/../CommandBase.h:13:0,
                 from ..\src\Commands/ExampleCommand.h:4,
                 from ..\src\Robot.cpp:10:
..\src\Commands/../Subsystems/Winch.h:5:29: fatal error: ctrlib/CANTalon.h: No such file or directory
compilation terminated.
17:57:09 **** Incremental Build of configuration Debug for project Team-3341-PowerUp ****
Info: Internal Builder is used for build
arm-frc-linux-gnueabi-g++ -std=c++1y "-IC:\\Users\\ankbh/wpilib/cpp/current/include" "-IC:\\Users\\ankbh\\Robotics\\Team-3341-PowerUp\\src" "-IC:\\Users\\ankbh/wpilib/user/cpp/include" -O0 -Og -g3 -Wall -c -fmessage-length=0 -pthread -o "src\\Subsystems\\DriveTrain.o" "..\\src\\Subsystems\\DriveTrain.cpp" 
arm-frc-linux-gnueabi-g++ "-LC:\\Users\\ankbh/wpilib/user/cpp/lib" "-LC:\\Users\\ankbh/wpilib/cpp/current/reflib/linux/athena/shared" "-LC:\\Users\\ankbh/wpilib/common/current/lib/linux/athena/shared" -pthread -rdynamic -Wl,-rpath,/opt/GenICam_v3_0_NI/bin/Linux32_ARM,-rpath,/usr/local/frc/lib -o FRCUserProgram "src\\CommandBase.o" "src\\Commands\\DriveForward.o" "src\\Commands\\OppositeSideSwitch.o" "src\\Commands\\SameSideSwitch.o" "src\\Commands\\TankDrive.o" "src\\Commands\\Turn.o" "src\\OI.o" "src\\Robot.o" "src\\Subsystems\\DriveTrain.o" "src\\Utilities\\WVPIDController.o" -lCTRE_Phoenix -lCTRE_PhoenixCCI -lCTRE_Phoenix -lCTRE_PhoenixCCI -lwpi 

**** Build of configuration Debug for project Drivetrain_Test_2 ****

Nothing to build for project Drivetrain_Test_2
17:57:12 **** Incremental Build of configuration Debug for project Drivetrain_test_3 ****
Info: Internal Builder is used for build
arm-frc-linux-gnueabi-g++ "-LC:\\Users\\ankbh/wpilib/user/cpp/lib" "-LC:\\Users\\ankbh/wpilib/cpp/current/reflib/linux/athena/shared" "-LC:\\Users\\ankbh/wpilib/common/current/lib/linux/athena/shared" -pthread -rdynamic -Wl,-rpath,/opt/GenICam_v3_0_NI/bin/Linux32_ARM,-rpath,/usr/local/frc/lib -o FRCUserProgram "src\\CommandBase.o" "src\\Commands\\ExampleCommand.o" "src\\Commands\\TankDrive.o" "src\\OI.o" "src\\Robot.o" "src\\Subsystems\\Drivetrain.o" "src\\Subsystems\\ExampleSubsystem.o" -lCTRE_Phoenix -lCTRE_PhoenixCCI -lCTRE_Phoenix -lCTRE_PhoenixCCI -lwpi 
arm-frc-linux-gnueabi-g++: error: src\Subsystems\Drivetrain.o: No such file or directory
17:57:13 **** Incremental Build of configuration Debug for project Expo-bot ****
Info: Internal Builder is used for build
arm-frc-linux-gnueabi-g++ -std=c++1y "-IC:\\Users\\ankbh/wpilib/cpp/current/include" "-IC:\\Users\\ankbh\\Robotics\\Expo-bot\\src" "-IC:\\Users\\ankbh/wpilib/user/cpp/include" -O0 -Og -g3 -Wall -c -fmessage-length=0 -pthread -o "src\\Robot.o" "..\\src\\Robot.cpp" 
In file included from C:\Users\ankbh\Robotics\Expo-bot\src/CommandBase.h:6:0,
                 from ..\src\Commands/drive.h:5,
                 from ..\src\Robot.cpp:9:
C:\Users\ankbh\Robotics\Expo-bot\src/Subsystems/Winch.h:5:29: fatal error: ctrlib/CANTalon.h: No such file or directory
compilation terminated.
17:57:14 **** Incremental Build of configuration Debug for project Mock ****
Info: Internal Builder is used for build
arm-frc-linux-gnueabi-g++ "-LC:\\Users\\ankbh/wpilib/user/cpp/lib" "-LC:\\Users\\ankbh/wpilib/cpp/current/reflib/linux/athena/shared" "-LC:\\Users\\ankbh/wpilib/common/current/lib/linux/athena/shared" -pthread -rdynamic -Wl,-rpath,/opt/GenICam_v3_0_NI/bin/Linux32_ARM,-rpath,/usr/local/frc/lib -o FRCUserProgram "src\\CommandBase.o" "src\\Commands\\AlignWithWall.o" "src\\Commands\\ArmDown.o" "src\\Commands\\ArmUp.o" "src\\Commands\\Autonomous.o" "src\\Commands\\Drive.o" "src\\Commands\\GyroTurn.o" "src\\Commands\\MoveArm.o" "src\\Commands\\MoveFromWall.o" "src\\Commands\\MoveUntilWall.o" "src\\Commands\\TankDrive.o" "src\\OI.o" "src\\Robot.o" "src\\Subsystems\\Arm.o" "src\\Subsystems\\DriveTrain.o" "src\\Utilities\\NetworkTablesInterface.o" -lCTRE_Phoenix -lCTRE_PhoenixCCI -lCTRE_Phoenix -lCTRE_PhoenixCCI -lwpi 
arm-frc-linux-gnueabi-g++: error: src\Commands\ArmUp.o: No such file or directory
17:57:14 **** Incremental Build of configuration Debug for project Mock2k17 ****
Info: Internal Builder is used for build
arm-frc-linux-gnueabi-g++ -std=c++1y "-IC:\\Users\\ankbh/wpilib/cpp/current/include" "-IC:\\Users\\ankbh\\Robotics\\Mock2k17\\src" "-IC:\\Users\\ankbh/wpilib/user/cpp/include" -O0 -Og -g3 -Wall -c -fmessage-length=0 -pthread -o "src\\Commands\\Turn.o" "..\\src\\Commands\\Turn.cpp" 
In file included from ..\src\Commands\../CommandBase.h:12:0,
                 from ..\src\Commands\Turn.h:4,
                 from ..\src\Commands\Turn.cpp:1:
..\src\Commands\../Subsystems/DriveTrain.h:7:29: fatal error: ctrlib/CANTalon.h: No such file or directory
compilation terminated.
Info: Nothing to build for Team-3341-PowerUp
17:57:15 **** Incremental Build of configuration Debug for project tesst ****
Info: Internal Builder is used for build
arm-frc-linux-gnueabi-g++ -std=c++1y "-IC:\\Users\\ankbh/wpilib/cpp/current/include" "-IC:\\Users\\ankbh\\Robotics\\tesst\\src" "-IC:\\Users\\ankbh/wpilib/user/cpp/include" -O0 -Og -g3 -Wall -c -fmessage-length=0 -pthread -o "src\\Robot.o" "..\\src\\Robot.cpp" 
In file included from ..\src\Commands/../CommandBase.h:13:0,
                 from ..\src\Commands/ExampleCommand.h:4,
                 from ..\src\Robot.cpp:10:
..\src\Commands/../Subsystems/Winch.h:5:29: fatal error: ctrlib/CANTalon.h: No such file or directory
compilation terminated.
18:47:38 **** Incremental Build of configuration Debug for project Team-3341-PowerUp ****
Info: Internal Builder is used for build
arm-frc-linux-gnueabi-g++ "-LC:\\Users\\ankbh/wpilib/user/cpp/lib" "-LC:\\Users\\ankbh/wpilib/cpp/current/reflib/linux/athena/shared" "-LC:\\Users\\ankbh/wpilib/common/current/lib/linux/athena/shared" -pthread -rdynamic -Wl,-rpath,/opt/GenICam_v3_0_NI/bin/Linux32_ARM,-rpath,/usr/local/frc/lib -o FRCUserProgram "src\\CommandBase.o" "src\\Commands\\DriveForward.o" "src\\Commands\\OppositeSideSwitch.o" "src\\Commands\\SameSideSwitch.o" "src\\Commands\\TankDrive.o" "src\\Commands\\Turn.o" "src\\OI.o" "src\\Robot.o" "src\\Subsystems\\DriveTrain.o" "src\\Utilities\\WVPIDController.o" -lCTRE_Phoenix -lCTRE_PhoenixCCI -lCTRE_Phoenix -lCTRE_PhoenixCCI -lwpi 

**** Build of configuration Debug for project Drivetrain_Test_2 ****

Nothing to build for project Drivetrain_Test_2
18:47:40 **** Incremental Build of configuration Debug for project Drivetrain_test_3 ****
Info: Internal Builder is used for build
arm-frc-linux-gnueabi-g++ "-LC:\\Users\\ankbh/wpilib/user/cpp/lib" "-LC:\\Users\\ankbh/wpilib/cpp/current/reflib/linux/athena/shared" "-LC:\\Users\\ankbh/wpilib/common/current/lib/linux/athena/shared" -pthread -rdynamic -Wl,-rpath,/opt/GenICam_v3_0_NI/bin/Linux32_ARM,-rpath,/usr/local/frc/lib -o FRCUserProgram "src\\CommandBase.o" "src\\Commands\\ExampleCommand.o" "src\\Commands\\TankDrive.o" "src\\OI.o" "src\\Robot.o" "src\\Subsystems\\Drivetrain.o" "src\\Subsystems\\ExampleSubsystem.o" -lCTRE_Phoenix -lCTRE_PhoenixCCI -lCTRE_Phoenix -lCTRE_PhoenixCCI -lwpi 
arm-frc-linux-gnueabi-g++: error: src\Subsystems\Drivetrain.o: No such file or directory
18:47:41 **** Incremental Build of configuration Debug for project Expo-bot ****
Info: Internal Builder is used for build
arm-frc-linux-gnueabi-g++ -std=c++1y "-IC:\\Users\\ankbh/wpilib/cpp/current/include" "-IC:\\Users\\ankbh\\Robotics\\Expo-bot\\src" "-IC:\\Users\\ankbh/wpilib/user/cpp/include" -O0 -Og -g3 -Wall -c -fmessage-length=0 -pthread -o "src\\Commands\\drive.o" "..\\src\\Commands\\drive.cpp" 
In file included from C:\Users\ankbh\Robotics\Expo-bot\src/CommandBase.h:6:0,
                 from C:\Users\ankbh\Robotics\Expo-bot\src/Commands/drive.h:5,
                 from ..\src\Commands\drive.cpp:1:
C:\Users\ankbh\Robotics\Expo-bot\src/Subsystems/Winch.h:5:29: fatal error: ctrlib/CANTalon.h: No such file or directory
compilation terminated.
18:47:42 **** Incremental Build of configuration Debug for project Mock ****
Info: Internal Builder is used for build
arm-frc-linux-gnueabi-g++ "-LC:\\Users\\ankbh/wpilib/user/cpp/lib" "-LC:\\Users\\ankbh/wpilib/cpp/current/reflib/linux/athena/shared" "-LC:\\Users\\ankbh/wpilib/common/current/lib/linux/athena/shared" -pthread -rdynamic -Wl,-rpath,/opt/GenICam_v3_0_NI/bin/Linux32_ARM,-rpath,/usr/local/frc/lib -o FRCUserProgram "src\\CommandBase.o" "src\\Commands\\AlignWithWall.o" "src\\Commands\\ArmDown.o" "src\\Commands\\ArmUp.o" "src\\Commands\\Autonomous.o" "src\\Commands\\Drive.o" "src\\Commands\\GyroTurn.o" "src\\Commands\\MoveArm.o" "src\\Commands\\MoveFromWall.o" "src\\Commands\\MoveUntilWall.o" "src\\Commands\\TankDrive.o" "src\\OI.o" "src\\Robot.o" "src\\Subsystems\\Arm.o" "src\\Subsystems\\DriveTrain.o" "src\\Utilities\\NetworkTablesInterface.o" -lCTRE_Phoenix -lCTRE_PhoenixCCI -lCTRE_Phoenix -lCTRE_PhoenixCCI -lwpi 
arm-frc-linux-gnueabi-g++: error: src\Commands\ArmUp.o: No such file or directory
18:47:42 **** Incremental Build of configuration Debug for project Mock2k17 ****
Info: Internal Builder is used for build
arm-frc-linux-gnueabi-g++ -std=c++1y "-IC:\\Users\\ankbh/wpilib/cpp/current/include" "-IC:\\Users\\ankbh\\Robotics\\Mock2k17\\src" "-IC:\\Users\\ankbh/wpilib/user/cpp/include" -O0 -Og -g3 -Wall -c -fmessage-length=0 -pthread -o "src\\Robot.o" "..\\src\\Robot.cpp" 
In file included from ..\src\CommandBase.h:12:0,
                 from ..\src\Robot.cpp:10:
..\src\Subsystems/DriveTrain.h:7:29: fatal error: ctrlib/CANTalon.h: No such file or directory
compilation terminated.
18:47:43 **** Incremental Build of configuration Debug for project Team-3341-PowerUp ****
Info: Internal Builder is used for build
arm-frc-linux-gnueabi-g++ -std=c++1y "-IC:\\Users\\ankbh/wpilib/cpp/current/include" "-IC:\\Users\\ankbh\\Robotics\\Team-3341-PowerUp\\src" "-IC:\\Users\\ankbh/wpilib/user/cpp/include" -O0 -Og -g3 -Wall -c -fmessage-length=0 -pthread -o "src\\Subsystems\\DriveTrain.o" "..\\src\\Subsystems\\DriveTrain.cpp" 
arm-frc-linux-gnueabi-g++ "-LC:\\Users\\ankbh/wpilib/user/cpp/lib" "-LC:\\Users\\ankbh/wpilib/cpp/current/reflib/linux/athena/shared" "-LC:\\Users\\ankbh/wpilib/common/current/lib/linux/athena/shared" -pthread -rdynamic -Wl,-rpath,/opt/GenICam_v3_0_NI/bin/Linux32_ARM,-rpath,/usr/local/frc/lib -o FRCUserProgram "src\\CommandBase.o" "src\\Commands\\DriveForward.o" "src\\Commands\\OppositeSideSwitch.o" "src\\Commands\\SameSideSwitch.o" "src\\Commands\\TankDrive.o" "src\\Commands\\Turn.o" "src\\OI.o" "src\\Robot.o" "src\\Subsystems\\DriveTrain.o" "src\\Utilities\\WVPIDController.o" -lCTRE_Phoenix -lCTRE_PhoenixCCI -lCTRE_Phoenix -lCTRE_PhoenixCCI -lwpi 
18:47:46 **** Incremental Build of configuration Debug for project tesst ****
Info: Internal Builder is used for build
arm-frc-linux-gnueabi-g++ -std=c++1y "-IC:\\Users\\ankbh/wpilib/cpp/current/include" "-IC:\\Users\\ankbh\\Robotics\\tesst\\src" "-IC:\\Users\\ankbh/wpilib/user/cpp/include" -O0 -Og -g3 -Wall -c -fmessage-length=0 -pthread -o "src\\Commands\\PosLoopThing.o" "..\\src\\Commands\\PosLoopThing.cpp" 
In file included from ..\src\Commands\../CommandBase.h:13:0,
                 from ..\src\Commands\PosLoopThing.h:4,
                 from ..\src\Commands\PosLoopThing.cpp:1:
..\src\Commands\../Subsystems/Winch.h:5:29: fatal error: ctrlib/CANTalon.h: No such file or directory
compilation terminated.
19:41:27 **** Incremental Build of configuration Debug for project Team-3341-PowerUp ****
Info: Internal Builder is used for build
arm-frc-linux-gnueabi-g++ -std=c++1y "-IC:\\Users\\ankbh/wpilib/cpp/current/include" "-IC:\\Users\\ankbh\\Robotics\\Team-3341-PowerUp\\src" "-IC:\\Users\\ankbh/wpilib/user/cpp/include" -O0 -Og -g3 -Wall -c -fmessage-length=0 -pthread -o "src\\Commands\\TankDrive.o" "..\\src\\Commands\\TankDrive.cpp" 
..\src\Commands\TankDrive.cpp: In member function 'virtual void TankDrive::Execute()':
..\src\Commands\TankDrive.cpp:21:9: warning: unused variable 'average' [-Wunused-variable]
  double average = (drive->leftDistance() + drive->rightDistance()) / 2;
         ^
arm-frc-linux-gnueabi-g++ -std=c++1y "-IC:\\Users\\ankbh/wpilib/cpp/current/include" "-IC:\\Users\\ankbh\\Robotics\\Team-3341-PowerUp\\src" "-IC:\\Users\\ankbh/wpilib/user/cpp/include" -O0 -Og -g3 -Wall -c -fmessage-length=0 -pthread -o "src\\Subsystems\\DriveTrain.o" "..\\src\\Subsystems\\DriveTrain.cpp" 
arm-frc-linux-gnueabi-g++ "-LC:\\Users\\ankbh/wpilib/user/cpp/lib" "-LC:\\Users\\ankbh/wpilib/cpp/current/reflib/linux/athena/shared" "-LC:\\Users\\ankbh/wpilib/common/current/lib/linux/athena/shared" -pthread -rdynamic -Wl,-rpath,/opt/GenICam_v3_0_NI/bin/Linux32_ARM,-rpath,/usr/local/frc/lib -o FRCUserProgram "src\\CommandBase.o" "src\\Commands\\DriveForward.o" "src\\Commands\\OppositeSideSwitch.o" "src\\Commands\\SameSideSwitch.o" "src\\Commands\\TankDrive.o" "src\\Commands\\Turn.o" "src\\OI.o" "src\\Robot.o" "src\\Subsystems\\DriveTrain.o" "src\\Utilities\\WVPIDController.o" -lCTRE_Phoenix -lCTRE_PhoenixCCI -lCTRE_Phoenix -lCTRE_PhoenixCCI -lwpi 

**** Build of configuration Debug for project Drivetrain_Test_2 ****

Nothing to build for project Drivetrain_Test_2
19:41:32 **** Incremental Build of configuration Debug for project Drivetrain_test_3 ****
Info: Internal Builder is used for build
arm-frc-linux-gnueabi-g++ "-LC:\\Users\\ankbh/wpilib/user/cpp/lib" "-LC:\\Users\\ankbh/wpilib/cpp/current/reflib/linux/athena/shared" "-LC:\\Users\\ankbh/wpilib/common/current/lib/linux/athena/shared" -pthread -rdynamic -Wl,-rpath,/opt/GenICam_v3_0_NI/bin/Linux32_ARM,-rpath,/usr/local/frc/lib -o FRCUserProgram "src\\CommandBase.o" "src\\Commands\\ExampleCommand.o" "src\\Commands\\TankDrive.o" "src\\OI.o" "src\\Robot.o" "src\\Subsystems\\Drivetrain.o" "src\\Subsystems\\ExampleSubsystem.o" -lCTRE_Phoenix -lCTRE_PhoenixCCI -lCTRE_Phoenix -lCTRE_PhoenixCCI -lwpi 
arm-frc-linux-gnueabi-g++: error: src\Subsystems\Drivetrain.o: No such file or directory
19:41:32 **** Incremental Build of configuration Debug for project Expo-bot ****
Info: Internal Builder is used for build
arm-frc-linux-gnueabi-g++ -std=c++1y "-IC:\\Users\\ankbh/wpilib/cpp/current/include" "-IC:\\Users\\ankbh\\Robotics\\Expo-bot\\src" "-IC:\\Users\\ankbh/wpilib/user/cpp/include" -O0 -Og -g3 -Wall -c -fmessage-length=0 -pthread -o "src\\Commands\\drive.o" "..\\src\\Commands\\drive.cpp" 
In file included from C:\Users\ankbh\Robotics\Expo-bot\src/CommandBase.h:6:0,
                 from C:\Users\ankbh\Robotics\Expo-bot\src/Commands/drive.h:5,
                 from ..\src\Commands\drive.cpp:1:
C:\Users\ankbh\Robotics\Expo-bot\src/Subsystems/Winch.h:5:29: fatal error: ctrlib/CANTalon.h: No such file or directory
compilation terminated.
19:41:33 **** Incremental Build of configuration Debug for project Mock ****
Info: Internal Builder is used for build
arm-frc-linux-gnueabi-g++ "-LC:\\Users\\ankbh/wpilib/user/cpp/lib" "-LC:\\Users\\ankbh/wpilib/cpp/current/reflib/linux/athena/shared" "-LC:\\Users\\ankbh/wpilib/common/current/lib/linux/athena/shared" -pthread -rdynamic -Wl,-rpath,/opt/GenICam_v3_0_NI/bin/Linux32_ARM,-rpath,/usr/local/frc/lib -o FRCUserProgram "src\\CommandBase.o" "src\\Commands\\AlignWithWall.o" "src\\Commands\\ArmDown.o" "src\\Commands\\ArmUp.o" "src\\Commands\\Autonomous.o" "src\\Commands\\Drive.o" "src\\Commands\\GyroTurn.o" "src\\Commands\\MoveArm.o" "src\\Commands\\MoveFromWall.o" "src\\Commands\\MoveUntilWall.o" "src\\Commands\\TankDrive.o" "src\\OI.o" "src\\Robot.o" "src\\Subsystems\\Arm.o" "src\\Subsystems\\DriveTrain.o" "src\\Utilities\\NetworkTablesInterface.o" -lCTRE_Phoenix -lCTRE_PhoenixCCI -lCTRE_Phoenix -lCTRE_PhoenixCCI -lwpi 
arm-frc-linux-gnueabi-g++: error: src\Commands\ArmUp.o: No such file or directory
19:41:34 **** Incremental Build of configuration Debug for project Mock2k17 ****
Info: Internal Builder is used for build
arm-frc-linux-gnueabi-g++ -std=c++1y "-IC:\\Users\\ankbh/wpilib/cpp/current/include" "-IC:\\Users\\ankbh\\Robotics\\Mock2k17\\src" "-IC:\\Users\\ankbh/wpilib/user/cpp/include" -O0 -Og -g3 -Wall -c -fmessage-length=0 -pthread -o "src\\Robot.o" "..\\src\\Robot.cpp" 
In file included from ..\src\CommandBase.h:12:0,
                 from ..\src\Robot.cpp:10:
..\src\Subsystems/DriveTrain.h:7:29: fatal error: ctrlib/CANTalon.h: No such file or directory
compilation terminated.
Info: Nothing to build for Team-3341-PowerUp
19:41:35 **** Incremental Build of configuration Debug for project tesst ****
Info: Internal Builder is used for build
arm-frc-linux-gnueabi-g++ -std=c++1y "-IC:\\Users\\ankbh/wpilib/cpp/current/include" "-IC:\\Users\\ankbh\\Robotics\\tesst\\src" "-IC:\\Users\\ankbh/wpilib/user/cpp/include" -O0 -Og -g3 -Wall -c -fmessage-length=0 -pthread -o "src\\Subsystems\\Winch.o" "..\\src\\Subsystems\\Winch.cpp" 
In file included from ..\src\Subsystems\Winch.cpp:1:0:
..\src\Subsystems\Winch.h:5:29: fatal error: ctrlib/CANTalon.h: No such file or directory
compilation terminated.
19:42:37 **** Incremental Build of configuration Debug for project Team-3341-PowerUp ****
Info: Internal Builder is used for build
arm-frc-linux-gnueabi-g++ -std=c++1y "-IC:\\Users\\ankbh/wpilib/cpp/current/include" "-IC:\\Users\\ankbh\\Robotics\\Team-3341-PowerUp\\src" "-IC:\\Users\\ankbh/wpilib/user/cpp/include" -O0 -Og -g3 -Wall -c -fmessage-length=0 -pthread -o "src\\Subsystems\\DriveTrain.o" "..\\src\\Subsystems\\DriveTrain.cpp" 
arm-frc-linux-gnueabi-g++ "-LC:\\Users\\ankbh/wpilib/user/cpp/lib" "-LC:\\Users\\ankbh/wpilib/cpp/current/reflib/linux/athena/shared" "-LC:\\Users\\ankbh/wpilib/common/current/lib/linux/athena/shared" -pthread -rdynamic -Wl,-rpath,/opt/GenICam_v3_0_NI/bin/Linux32_ARM,-rpath,/usr/local/frc/lib -o FRCUserProgram "src\\CommandBase.o" "src\\Commands\\DriveForward.o" "src\\Commands\\OppositeSideSwitch.o" "src\\Commands\\SameSideSwitch.o" "src\\Commands\\TankDrive.o" "src\\Commands\\Turn.o" "src\\OI.o" "src\\Robot.o" "src\\Subsystems\\DriveTrain.o" "src\\Utilities\\WVPIDController.o" -lCTRE_Phoenix -lCTRE_PhoenixCCI -lCTRE_Phoenix -lCTRE_PhoenixCCI -lwpi 

**** Build of configuration Debug for project Drivetrain_Test_2 ****

Nothing to build for project Drivetrain_Test_2
19:42:40 **** Incremental Build of configuration Debug for project Drivetrain_test_3 ****
Info: Internal Builder is used for build
arm-frc-linux-gnueabi-g++ "-LC:\\Users\\ankbh/wpilib/user/cpp/lib" "-LC:\\Users\\ankbh/wpilib/cpp/current/reflib/linux/athena/shared" "-LC:\\Users\\ankbh/wpilib/common/current/lib/linux/athena/shared" -pthread -rdynamic -Wl,-rpath,/opt/GenICam_v3_0_NI/bin/Linux32_ARM,-rpath,/usr/local/frc/lib -o FRCUserProgram "src\\CommandBase.o" "src\\Commands\\ExampleCommand.o" "src\\Commands\\TankDrive.o" "src\\OI.o" "src\\Robot.o" "src\\Subsystems\\Drivetrain.o" "src\\Subsystems\\ExampleSubsystem.o" -lCTRE_Phoenix -lCTRE_PhoenixCCI -lCTRE_Phoenix -lCTRE_PhoenixCCI -lwpi 
arm-frc-linux-gnueabi-g++: error: src\Subsystems\Drivetrain.o: No such file or directory
19:42:40 **** Incremental Build of configuration Debug for project Expo-bot ****
Info: Internal Builder is used for build
arm-frc-linux-gnueabi-g++ -std=c++1y "-IC:\\Users\\ankbh/wpilib/cpp/current/include" "-IC:\\Users\\ankbh\\Robotics\\Expo-bot\\src" "-IC:\\Users\\ankbh/wpilib/user/cpp/include" -O0 -Og -g3 -Wall -c -fmessage-length=0 -pthread -o "src\\CommandBase.o" "..\\src\\CommandBase.cpp" 
In file included from ..\src\CommandBase.h:6:0,
                 from ..\src\CommandBase.cpp:1:
..\src\Subsystems/Winch.h:5:29: fatal error: ctrlib/CANTalon.h: No such file or directory
compilation terminated.
19:42:41 **** Incremental Build of configuration Debug for project Mock ****
Info: Internal Builder is used for build
arm-frc-linux-gnueabi-g++ "-LC:\\Users\\ankbh/wpilib/user/cpp/lib" "-LC:\\Users\\ankbh/wpilib/cpp/current/reflib/linux/athena/shared" "-LC:\\Users\\ankbh/wpilib/common/current/lib/linux/athena/shared" -pthread -rdynamic -Wl,-rpath,/opt/GenICam_v3_0_NI/bin/Linux32_ARM,-rpath,/usr/local/frc/lib -o FRCUserProgram "src\\CommandBase.o" "src\\Commands\\AlignWithWall.o" "src\\Commands\\ArmDown.o" "src\\Commands\\ArmUp.o" "src\\Commands\\Autonomous.o" "src\\Commands\\Drive.o" "src\\Commands\\GyroTurn.o" "src\\Commands\\MoveArm.o" "src\\Commands\\MoveFromWall.o" "src\\Commands\\MoveUntilWall.o" "src\\Commands\\TankDrive.o" "src\\OI.o" "src\\Robot.o" "src\\Subsystems\\Arm.o" "src\\Subsystems\\DriveTrain.o" "src\\Utilities\\NetworkTablesInterface.o" -lCTRE_Phoenix -lCTRE_PhoenixCCI -lCTRE_Phoenix -lCTRE_PhoenixCCI -lwpi 
arm-frc-linux-gnueabi-g++: error: src\Commands\ArmUp.o: No such file or directory
19:42:42 **** Incremental Build of configuration Debug for project Mock2k17 ****
Info: Internal Builder is used for build
arm-frc-linux-gnueabi-g++ -std=c++1y "-IC:\\Users\\ankbh/wpilib/cpp/current/include" "-IC:\\Users\\ankbh\\Robotics\\Mock2k17\\src" "-IC:\\Users\\ankbh/wpilib/user/cpp/include" -O0 -Og -g3 -Wall -c -fmessage-length=0 -pthread -o "src\\Commands\\Autonomous.o" "..\\src\\Commands\\Autonomous.cpp" 
..\src\Commands\Autonomous.cpp: In constructor 'Autonomous::Autonomous()':
..\src\Commands\Autonomous.cpp:6:20: error: expected type-specifier before 'Forward'
  AddSequential(new Forward());
                    ^
..\src\Commands\Autonomous.cpp:8:20: error: expected type-specifier before 'Turn'
  AddSequential(new Turn(90));
                    ^
..\src\Commands\Autonomous.cpp:9:20: error: expected type-specifier before 'DriveUntilTarget'
  AddSequential(new DriveUntilTarget());
                    ^
..\src\Commands\Autonomous.cpp:10:20: error: expected type-specifier before 'Turn'
  AddSequential(new Turn(-90));
                    ^
..\src\Commands\Autonomous.cpp:12:20: error: expected type-specifier before 'Forward'
  AddSequential(new Forward());
                    ^
..\src\Commands\Autonomous.cpp:13:20: error: expected type-specifier before 'Park'
  AddSequential(new Park());
                    ^
..\src\Commands\Autonomous.cpp:14:20: error: expected type-specifier before 'DriveUntilWall'
  AddSequential(new DriveUntilWall());
                    ^
..\src\Commands\Autonomous.cpp:15:20: error: expected type-specifier before 'PushTarget'
  AddSequential(new PushTarget());
                    ^
Info: Nothing to build for Team-3341-PowerUp
19:42:43 **** Incremental Build of configuration Debug for project tesst ****
Info: Internal Builder is used for build
arm-frc-linux-gnueabi-g++ -std=c++1y "-IC:\\Users\\ankbh/wpilib/cpp/current/include" "-IC:\\Users\\ankbh\\Robotics\\tesst\\src" "-IC:\\Users\\ankbh/wpilib/user/cpp/include" -O0 -Og -g3 -Wall -c -fmessage-length=0 -pthread -o "src\\CommandBase.o" "..\\src\\CommandBase.cpp" 
In file included from ..\src\CommandBase.h:13:0,
                 from ..\src\CommandBase.cpp:1:
..\src\Subsystems/Winch.h:5:29: fatal error: ctrlib/CANTalon.h: No such file or directory
compilation terminated.
17:19:40 **** Rebuild of configuration Debug for project Team-3341-PowerUp ****
Info: Internal Builder is used for build
arm-frc-linux-gnueabi-g++ -std=c++1y "-IC:\\Users\\ankbh/wpilib/cpp/current/include" "-IC:\\Users\\ankbh\\Robotics\\Team-3341-PowerUp\\src" "-IC:\\Users\\ankbh/wpilib/user/cpp/include" -O0 -Og -g3 -Wall -c -fmessage-length=0 -pthread -o "src\\Robot.o" "..\\src\\Robot.cpp" 
In file included from ..\src\OI.h:4:0,
                 from ..\src\CommandBase.h:9,
                 from ..\src\Robot.cpp:11:
..\src\Commands/Intake.h:6:35: error: expected class-name before '{' token
 class Intake : public CommandBase {
                                   ^
In file included from ..\src\OI.h:5:0,
                 from ..\src\CommandBase.h:9,
                 from ..\src\Robot.cpp:11:
..\src\Commands/Output.h:6:35: error: expected class-name before '{' token
 class Output : public CommandBase {
                                   ^
..\src\Robot.cpp: In member function 'virtual void Robot::TestPeriodic()':
..\src\Robot.cpp:93:39: warning: 'void frc::LiveWindow::Run()' is deprecated: no longer required [-Wdeprecated-declarations]
   frc::LiveWindow::GetInstance()->Run();
                                       ^
In file included from ..\src\Robot.cpp:6:0:
C:\Users\ankbh/wpilib/cpp/current/include/LiveWindow/LiveWindow.h:31:8: note: declared here
   void Run() { UpdateValues(); }
        ^
17:24:08 **** Incremental Build of configuration Debug for project Team-3341-PowerUp ****
Info: Internal Builder is used for build
arm-frc-linux-gnueabi-g++ -std=c++1y "-IC:\\Users\\ankbh/wpilib/cpp/current/include" "-IC:\\Users\\ankbh\\Robotics\\Team-3341-PowerUp\\src" "-IC:\\Users\\ankbh/wpilib/user/cpp/include" -O0 -Og -g3 -Wall -c -fmessage-length=0 -pthread -o "src\\Robot.o" "..\\src\\Robot.cpp" 
In file included from ..\src\OI.h:4:0,
                 from ..\src\CommandBase.h:9,
                 from ..\src\Robot.cpp:11:
..\src\Commands/Intake.h:6:35: error: expected class-name before '{' token
 class Intake : public CommandBase {
                                   ^
In file included from ..\src\OI.h:5:0,
                 from ..\src\CommandBase.h:9,
                 from ..\src\Robot.cpp:11:
..\src\Commands/Output.h:7:35: error: expected class-name before '{' token
 class Output : public CommandBase {
                                   ^
..\src\Robot.cpp: In member function 'virtual void Robot::TestPeriodic()':
..\src\Robot.cpp:93:39: warning: 'void frc::LiveWindow::Run()' is deprecated: no longer required [-Wdeprecated-declarations]
   frc::LiveWindow::GetInstance()->Run();
                                       ^
In file included from ..\src\Robot.cpp:6:0:
C:\Users\ankbh/wpilib/cpp/current/include/LiveWindow/LiveWindow.h:31:8: note: declared here
   void Run() { UpdateValues(); }
        ^
17:25:22 **** Incremental Build of configuration Debug for project Team-3341-PowerUp ****
Info: Internal Builder is used for build
arm-frc-linux-gnueabi-g++ -std=c++1y "-IC:\\Users\\ankbh/wpilib/cpp/current/include" "-IC:\\Users\\ankbh\\Robotics\\Team-3341-PowerUp\\src" "-IC:\\Users\\ankbh/wpilib/user/cpp/include" -O0 -Og -g3 -Wall -c -fmessage-length=0 -pthread -o "src\\Commands\\TankDrive.o" "..\\src\\Commands\\TankDrive.cpp" 
In file included from ..\src\Commands\../OI.h:4:0,
                 from ..\src\Commands\../CommandBase.h:9,
                 from ..\src\Commands\TankDrive.h:4,
                 from ..\src\Commands\TankDrive.cpp:1:
..\src\Commands\../Commands/Intake.h:6:35: error: expected class-name before '{' token
 class Intake : public CommandBase {
                                   ^
In file included from ..\src\Commands\../OI.h:5:0,
                 from ..\src\Commands\../CommandBase.h:9,
                 from ..\src\Commands\TankDrive.h:4,
                 from ..\src\Commands\TankDrive.cpp:1:
..\src\Commands\../Commands/Output.h:6:35: error: expected class-name before '{' token
 class Output : public CommandBase {
                                   ^
..\src\Commands\TankDrive.cpp: In member function 'virtual void TankDrive::Execute()':
..\src\Commands\TankDrive.cpp:20:9: warning: unused variable 'average' [-Wunused-variable]
  double average = (drive->leftDistance() + drive->rightDistance()) / 2;
         ^

**** Build of configuration Debug for project Drivetrain_Test_2 ****

Nothing to build for project Drivetrain_Test_2
17:25:31 **** Incremental Build of configuration Debug for project Drivetrain_test_3 ****
Info: Internal Builder is used for build
arm-frc-linux-gnueabi-g++ "-LC:\\Users\\ankbh/wpilib/user/cpp/lib" "-LC:\\Users\\ankbh/wpilib/cpp/current/reflib/linux/athena/shared" "-LC:\\Users\\ankbh/wpilib/common/current/lib/linux/athena/shared" -pthread -rdynamic -Wl,-rpath,/opt/GenICam_v3_0_NI/bin/Linux32_ARM,-rpath,/usr/local/frc/lib -o FRCUserProgram "src\\CommandBase.o" "src\\Commands\\ExampleCommand.o" "src\\Commands\\TankDrive.o" "src\\OI.o" "src\\Robot.o" "src\\Subsystems\\Drivetrain.o" "src\\Subsystems\\ExampleSubsystem.o" -lCTRE_Phoenix -lCTRE_PhoenixCCI -lCTRE_Phoenix -lCTRE_PhoenixCCI -lwpi 
arm-frc-linux-gnueabi-g++: error: src\Subsystems\Drivetrain.o: No such file or directory
17:25:32 **** Incremental Build of configuration Debug for project Expo-bot ****
Info: Internal Builder is used for build
arm-frc-linux-gnueabi-g++ -std=c++1y "-IC:\\Users\\ankbh/wpilib/cpp/current/include" "-IC:\\Users\\ankbh\\Robotics\\Expo-bot\\src" "-IC:\\Users\\ankbh/wpilib/user/cpp/include" -O0 -Og -g3 -Wall -c -fmessage-length=0 -pthread -o "src\\Subsystems\\DriveTrainSubsystem.o" "..\\src\\Subsystems\\DriveTrainSubsystem.cpp" 
In file included from C:\Users\ankbh\Robotics\Expo-bot\src/CommandBase.h:6:0,
                 from C:\Users\ankbh\Robotics\Expo-bot\src/Commands/drive.h:5,
                 from C:\Users\ankbh\Robotics\Expo-bot\src/Robot.cpp:9,
                 from ..\src\Subsystems\DriveTrainSubsystem.cpp:3:
C:\Users\ankbh\Robotics\Expo-bot\src/Subsystems/Winch.h:5:29: fatal error: ctrlib/CANTalon.h: No such file or directory
compilation terminated.
17:25:36 **** Incremental Build of configuration Debug for project Mock ****
Info: Internal Builder is used for build
arm-frc-linux-gnueabi-g++ "-LC:\\Users\\ankbh/wpilib/user/cpp/lib" "-LC:\\Users\\ankbh/wpilib/cpp/current/reflib/linux/athena/shared" "-LC:\\Users\\ankbh/wpilib/common/current/lib/linux/athena/shared" -pthread -rdynamic -Wl,-rpath,/opt/GenICam_v3_0_NI/bin/Linux32_ARM,-rpath,/usr/local/frc/lib -o FRCUserProgram "src\\CommandBase.o" "src\\Commands\\AlignWithWall.o" "src\\Commands\\ArmDown.o" "src\\Commands\\ArmUp.o" "src\\Commands\\Autonomous.o" "src\\Commands\\Drive.o" "src\\Commands\\GyroTurn.o" "src\\Commands\\MoveArm.o" "src\\Commands\\MoveFromWall.o" "src\\Commands\\MoveUntilWall.o" "src\\Commands\\TankDrive.o" "src\\OI.o" "src\\Robot.o" "src\\Subsystems\\Arm.o" "src\\Subsystems\\DriveTrain.o" "src\\Utilities\\NetworkTablesInterface.o" -lCTRE_Phoenix -lCTRE_PhoenixCCI -lCTRE_Phoenix -lCTRE_PhoenixCCI -lwpi 
arm-frc-linux-gnueabi-g++: error: src\Commands\ArmUp.o: No such file or directory
17:25:37 **** Incremental Build of configuration Debug for project Mock2k17 ****
Info: Internal Builder is used for build
arm-frc-linux-gnueabi-g++ -std=c++1y "-IC:\\Users\\ankbh/wpilib/cpp/current/include" "-IC:\\Users\\ankbh\\Robotics\\Mock2k17\\src" "-IC:\\Users\\ankbh/wpilib/user/cpp/include" -O0 -Og -g3 -Wall -c -fmessage-length=0 -pthread -o "src\\Commands\\Turn.o" "..\\src\\Commands\\Turn.cpp" 
In file included from ..\src\Commands\../CommandBase.h:12:0,
                 from ..\src\Commands\Turn.h:4,
                 from ..\src\Commands\Turn.cpp:1:
..\src\Commands\../Subsystems/DriveTrain.h:7:29: fatal error: ctrlib/CANTalon.h: No such file or directory
compilation terminated.
17:25:39 **** Incremental Build of configuration Debug for project Team-3341-PowerUp ****
Info: Internal Builder is used for build
arm-frc-linux-gnueabi-g++ -std=c++1y "-IC:\\Users\\ankbh/wpilib/cpp/current/include" "-IC:\\Users\\ankbh\\Robotics\\Team-3341-PowerUp\\src" "-IC:\\Users\\ankbh/wpilib/user/cpp/include" -O0 -Og -g3 -Wall -c -fmessage-length=0 -pthread -o "src\\OI.o" "..\\src\\OI.cpp" 
In file included from ..\src\Commands/Intake.h:4:0,
                 from ..\src\OI.h:4,
                 from ..\src\OI.cpp:1:
..\src\Commands/../CommandBase.h:26:25: error: 'OI' was not declared in this scope
  static std::unique_ptr<OI> oi;\
                         ^
..\src\Commands/../CommandBase.h:26:27: error: template argument 1 is invalid
  static std::unique_ptr<OI> oi;\
                           ^
..\src\Commands/../CommandBase.h:26:27: error: template argument 2 is invalid
..\src\OI.cpp: In constructor 'OI::OI()':
..\src\OI.cpp:6:47: error: expression cannot be used as a function
  intakeButton = new JoystickButton(leftStick(2));
                                               ^
..\src\OI.cpp:7:47: error: expression cannot be used as a function
  outputButton = new JoystickButton(leftStick(3));
                                               ^
17:25:42 **** Incremental Build of configuration Debug for project tesst ****
Info: Internal Builder is used for build
arm-frc-linux-gnueabi-g++ -std=c++1y "-IC:\\Users\\ankbh/wpilib/cpp/current/include" "-IC:\\Users\\ankbh\\Robotics\\tesst\\src" "-IC:\\Users\\ankbh/wpilib/user/cpp/include" -O0 -Og -g3 -Wall -c -fmessage-length=0 -pthread -o "src\\CommandBase.o" "..\\src\\CommandBase.cpp" 
In file included from ..\src\CommandBase.h:13:0,
                 from ..\src\CommandBase.cpp:1:
..\src\Subsystems/Winch.h:5:29: fatal error: ctrlib/CANTalon.h: No such file or directory
compilation terminated.
17:27:52 **** Incremental Build of configuration Debug for project Team-3341-PowerUp ****
Info: Internal Builder is used for build
arm-frc-linux-gnueabi-g++ -std=c++1y "-IC:\\Users\\ankbh/wpilib/cpp/current/include" "-IC:\\Users\\ankbh\\Robotics\\Team-3341-PowerUp\\src" "-IC:\\Users\\ankbh/wpilib/user/cpp/include" -O0 -Og -g3 -Wall -c -fmessage-length=0 -pthread -o "src\\CommandBase.o" "..\\src\\CommandBase.cpp" 
In file included from ..\src\OI.h:4:0,
                 from ..\src\CommandBase.h:9,
                 from ..\src\CommandBase.cpp:1:
..\src\Commands/Intake.h:6:35: error: expected class-name before '{' token
 class Intake : public CommandBase {
                                   ^
In file included from ..\src\OI.h:5:0,
                 from ..\src\CommandBase.h:9,
                 from ..\src\CommandBase.cpp:1:
..\src\Commands/Output.h:6:35: error: expected class-name before '{' token
 class Output : public CommandBase {
                                   ^
17:30:01 **** Incremental Build of configuration Debug for project Team-3341-PowerUp ****
Info: Internal Builder is used for build
arm-frc-linux-gnueabi-g++ -std=c++1y "-IC:\\Users\\ankbh/wpilib/cpp/current/include" "-IC:\\Users\\ankbh\\Robotics\\Team-3341-PowerUp\\src" "-IC:\\Users\\ankbh/wpilib/user/cpp/include" -O0 -Og -g3 -Wall -c -fmessage-length=0 -pthread -o "src\\Commands\\SameSideSwitch.o" "..\\src\\Commands\\SameSideSwitch.cpp" 
In file included from c:\users\ankbh\robotics\team-3341-powerup\src\OI.h:4:0,
                 from c:\users\ankbh\robotics\team-3341-powerup\src\commandbase.h:9,
                 from C:\Users\ankbh\Robotics\Team-3341-PowerUp\src/Commands/DriveForward.h:4,
                 from ..\src\Commands\SameSideSwitch.cpp:2:
c:\users\ankbh\robotics\team-3341-powerup\src\Commands/Intake.h:6:35: error: expected class-name before '{' token
 class Intake : public CommandBase {
                                   ^
In file included from c:\users\ankbh\robotics\team-3341-powerup\src\OI.h:5:0,
                 from c:\users\ankbh\robotics\team-3341-powerup\src\commandbase.h:9,
                 from C:\Users\ankbh\Robotics\Team-3341-PowerUp\src/Commands/DriveForward.h:4,
                 from ..\src\Commands\SameSideSwitch.cpp:2:
c:\users\ankbh\robotics\team-3341-powerup\src\Commands/Output.h:6:35: error: expected class-name before '{' token
 class Output : public CommandBase {
                                   ^
17:30:28 **** Incremental Build of configuration Debug for project Team-3341-PowerUp ****
Info: Internal Builder is used for build
arm-frc-linux-gnueabi-g++ -std=c++1y "-IC:\\Users\\ankbh/wpilib/cpp/current/include" "-IC:\\Users\\ankbh\\Robotics\\Team-3341-PowerUp\\src" "-IC:\\Users\\ankbh/wpilib/user/cpp/include" -O0 -Og -g3 -Wall -c -fmessage-length=0 -pthread -o "src\\Commands\\TankDrive.o" "..\\src\\Commands\\TankDrive.cpp" 
In file included from ..\src\Commands\../OI.h:4:0,
                 from ..\src\Commands\../CommandBase.h:9,
                 from ..\src\Commands\TankDrive.h:4,
                 from ..\src\Commands\TankDrive.cpp:1:
..\src\Commands\../Commands/Intake.h:6:35: error: expected class-name before '{' token
 class Intake : public CommandBase {
                                   ^
In file included from ..\src\Commands\../OI.h:5:0,
                 from ..\src\Commands\../CommandBase.h:9,
                 from ..\src\Commands\TankDrive.h:4,
                 from ..\src\Commands\TankDrive.cpp:1:
..\src\Commands\../Commands/Output.h:6:35: error: expected class-name before '{' token
 class Output : public CommandBase {
                                   ^
..\src\Commands\TankDrive.cpp: In member function 'virtual void TankDrive::Execute()':
..\src\Commands\TankDrive.cpp:20:9: warning: unused variable 'average' [-Wunused-variable]
  double average = (drive->leftDistance() + drive->rightDistance()) / 2;
         ^
17:43:47 **** Incremental Build of configuration Debug for project Team-3341-PowerUp ****
Info: Internal Builder is used for build
arm-frc-linux-gnueabi-g++ -std=c++1y "-IC:\\Users\\ankbh/wpilib/cpp/current/include" "-IC:\\Users\\ankbh\\Robotics\\Team-3341-PowerUp\\src" "-IC:\\Users\\ankbh/wpilib/user/cpp/include" -O0 -Og -g3 -Wall -c -fmessage-length=0 -pthread -o "src\\Commands\\OppositeSideSwitch.o" "..\\src\\Commands\\OppositeSideSwitch.cpp" 
In file included from c:\users\ankbh\robotics\team-3341-powerup\src\OI.h:4:0,
                 from c:\users\ankbh\robotics\team-3341-powerup\src\commandbase.h:9,
                 from C:\Users\ankbh\Robotics\Team-3341-PowerUp\src/Commands/DriveForward.h:4,
                 from ..\src\Commands\OppositeSideSwitch.cpp:2:
c:\users\ankbh\robotics\team-3341-powerup\src\Commands/Intake.h:6:35: error: expected class-name before '{' token
 class Intake : public CommandBase {
                                   ^
In file included from c:\users\ankbh\robotics\team-3341-powerup\src\OI.h:5:0,
                 from c:\users\ankbh\robotics\team-3341-powerup\src\commandbase.h:9,
                 from C:\Users\ankbh\Robotics\Team-3341-PowerUp\src/Commands/DriveForward.h:4,
                 from ..\src\Commands\OppositeSideSwitch.cpp:2:
c:\users\ankbh\robotics\team-3341-powerup\src\Commands/Output.h:6:35: error: expected class-name before '{' token
 class Output : public CommandBase {
                                   ^
17:46:35 **** Incremental Build of configuration Debug for project Team-3341-PowerUp ****
Info: Internal Builder is used for build
arm-frc-linux-gnueabi-g++ -std=c++1y "-IC:\\Users\\ankbh/wpilib/cpp/current/include" "-IC:\\Users\\ankbh\\Robotics\\Team-3341-PowerUp\\src" "-IC:\\Users\\ankbh/wpilib/user/cpp/include" -O0 -Og -g3 -Wall -c -fmessage-length=0 -pthread -o "src\\Commands\\Output.o" "..\\src\\Commands\\Output.cpp" 
In file included from ..\src\Commands\../OI.h:4:0,
                 from ..\src\Commands\../CommandBase.h:9,
                 from ..\src\Commands\Output.h:4,
                 from ..\src\Commands\Output.cpp:1:
..\src\Commands\../Commands/Intake.h:6:35: error: expected class-name before '{' token
 class Intake : public CommandBase {
                                   ^

**** Build of configuration Debug for project Drivetrain_Test_2 ****

Nothing to build for project Drivetrain_Test_2
17:46:40 **** Incremental Build of configuration Debug for project Drivetrain_test_3 ****
Info: Internal Builder is used for build
arm-frc-linux-gnueabi-g++ "-LC:\\Users\\ankbh/wpilib/user/cpp/lib" "-LC:\\Users\\ankbh/wpilib/cpp/current/reflib/linux/athena/shared" "-LC:\\Users\\ankbh/wpilib/common/current/lib/linux/athena/shared" -pthread -rdynamic -Wl,-rpath,/opt/GenICam_v3_0_NI/bin/Linux32_ARM,-rpath,/usr/local/frc/lib -o FRCUserProgram "src\\CommandBase.o" "src\\Commands\\ExampleCommand.o" "src\\Commands\\TankDrive.o" "src\\OI.o" "src\\Robot.o" "src\\Subsystems\\Drivetrain.o" "src\\Subsystems\\ExampleSubsystem.o" -lCTRE_Phoenix -lCTRE_PhoenixCCI -lCTRE_Phoenix -lCTRE_PhoenixCCI -lwpi 
arm-frc-linux-gnueabi-g++: error: src\Subsystems\Drivetrain.o: No such file or directory
17:46:40 **** Incremental Build of configuration Debug for project Expo-bot ****
Info: Internal Builder is used for build
arm-frc-linux-gnueabi-g++ -std=c++1y "-IC:\\Users\\ankbh/wpilib/cpp/current/include" "-IC:\\Users\\ankbh\\Robotics\\Expo-bot\\src" "-IC:\\Users\\ankbh/wpilib/user/cpp/include" -O0 -Og -g3 -Wall -c -fmessage-length=0 -pthread -o "src\\Robot.o" "..\\src\\Robot.cpp" 
In file included from C:\Users\ankbh\Robotics\Expo-bot\src/CommandBase.h:6:0,
                 from ..\src\Commands/drive.h:5,
                 from ..\src\Robot.cpp:9:
C:\Users\ankbh\Robotics\Expo-bot\src/Subsystems/Winch.h:5:29: fatal error: ctrlib/CANTalon.h: No such file or directory
compilation terminated.
17:46:42 **** Incremental Build of configuration Debug for project Mock ****
Info: Internal Builder is used for build
arm-frc-linux-gnueabi-g++ "-LC:\\Users\\ankbh/wpilib/user/cpp/lib" "-LC:\\Users\\ankbh/wpilib/cpp/current/reflib/linux/athena/shared" "-LC:\\Users\\ankbh/wpilib/common/current/lib/linux/athena/shared" -pthread -rdynamic -Wl,-rpath,/opt/GenICam_v3_0_NI/bin/Linux32_ARM,-rpath,/usr/local/frc/lib -o FRCUserProgram "src\\CommandBase.o" "src\\Commands\\AlignWithWall.o" "src\\Commands\\ArmDown.o" "src\\Commands\\ArmUp.o" "src\\Commands\\Autonomous.o" "src\\Commands\\Drive.o" "src\\Commands\\GyroTurn.o" "src\\Commands\\MoveArm.o" "src\\Commands\\MoveFromWall.o" "src\\Commands\\MoveUntilWall.o" "src\\Commands\\TankDrive.o" "src\\OI.o" "src\\Robot.o" "src\\Subsystems\\Arm.o" "src\\Subsystems\\DriveTrain.o" "src\\Utilities\\NetworkTablesInterface.o" -lCTRE_Phoenix -lCTRE_PhoenixCCI -lCTRE_Phoenix -lCTRE_PhoenixCCI -lwpi 
arm-frc-linux-gnueabi-g++: error: src\Commands\ArmUp.o: No such file or directory
17:46:42 **** Incremental Build of configuration Debug for project Mock2k17 ****
Info: Internal Builder is used for build
arm-frc-linux-gnueabi-g++ -std=c++1y "-IC:\\Users\\ankbh/wpilib/cpp/current/include" "-IC:\\Users\\ankbh\\Robotics\\Mock2k17\\src" "-IC:\\Users\\ankbh/wpilib/user/cpp/include" -O0 -Og -g3 -Wall -c -fmessage-length=0 -pthread -o "src\\Subsystems\\DriveTrain.o" "..\\src\\Subsystems\\DriveTrain.cpp" 
In file included from ..\src\Subsystems\DriveTrain.cpp:1:0:
..\src\Subsystems\DriveTrain.h:7:29: fatal error: ctrlib/CANTalon.h: No such file or directory
compilation terminated.
17:46:44 **** Incremental Build of configuration Debug for project Team-3341-PowerUp ****
Info: Internal Builder is used for build
arm-frc-linux-gnueabi-g++ -std=c++1y "-IC:\\Users\\ankbh/wpilib/cpp/current/include" "-IC:\\Users\\ankbh\\Robotics\\Team-3341-PowerUp\\src" "-IC:\\Users\\ankbh/wpilib/user/cpp/include" -O0 -Og -g3 -Wall -c -fmessage-length=0 -pthread -o "src\\Commands\\DriveForward.o" "..\\src\\Commands\\DriveForward.cpp" 
In file included from ..\src\Commands\../OI.h:4:0,
                 from ..\src\Commands\../CommandBase.h:9,
                 from ..\src\Commands\DriveForward.h:4,
                 from ..\src\Commands\DriveForward.cpp:1:
..\src\Commands\../Commands/Intake.h:6:35: error: expected class-name before '{' token
 class Intake : public CommandBase {
                                   ^
In file included from ..\src\Commands\../OI.h:5:0,
                 from ..\src\Commands\../CommandBase.h:9,
                 from ..\src\Commands\DriveForward.h:4,
                 from ..\src\Commands\DriveForward.cpp:1:
..\src\Commands\../Commands/Output.h:6:35: error: expected class-name before '{' token
 class Output : public CommandBase {
                                   ^
..\src\Commands\DriveForward.cpp: In member function 'virtual void DriveForward::Execute()':
..\src\Commands\DriveForward.cpp:18:9: warning: unused variable 'average' [-Wunused-variable]
  double average = (drive->leftDistance() + drive->rightDistance()) / 2;
         ^
17:46:47 **** Incremental Build of configuration Debug for project tesst ****
Info: Internal Builder is used for build
arm-frc-linux-gnueabi-g++ -std=c++1y "-IC:\\Users\\ankbh/wpilib/cpp/current/include" "-IC:\\Users\\ankbh\\Robotics\\tesst\\src" "-IC:\\Users\\ankbh/wpilib/user/cpp/include" -O0 -Og -g3 -Wall -c -fmessage-length=0 -pthread -o "src\\Commands\\moveWinch.o" "..\\src\\Commands\\moveWinch.cpp" 
In file included from ..\src\Commands\../CommandBase.h:13:0,
                 from ..\src\Commands\moveWinch.h:4,
                 from ..\src\Commands\moveWinch.cpp:1:
..\src\Commands\../Subsystems/Winch.h:5:29: fatal error: ctrlib/CANTalon.h: No such file or directory
compilation terminated.
17:47:25 **** Incremental Build of configuration Debug for project Team-3341-PowerUp ****
Info: Internal Builder is used for build
arm-frc-linux-gnueabi-g++ -std=c++1y "-IC:\\Users\\ankbh/wpilib/cpp/current/include" "-IC:\\Users\\ankbh\\Robotics\\Team-3341-PowerUp\\src" "-IC:\\Users\\ankbh/wpilib/user/cpp/include" -O0 -Og -g3 -Wall -c -fmessage-length=0 -pthread -o "src\\Utilities\\WVPIDController.o" "..\\src\\Utilities\\WVPIDController.cpp" 
arm-frc-linux-gnueabi-g++ -std=c++1y "-IC:\\Users\\ankbh/wpilib/cpp/current/include" "-IC:\\Users\\ankbh\\Robotics\\Team-3341-PowerUp\\src" "-IC:\\Users\\ankbh/wpilib/user/cpp/include" -O0 -Og -g3 -Wall -c -fmessage-length=0 -pthread -o "src\\Commands\\Turn.o" "..\\src\\Commands\\Turn.cpp" 
In file included from ..\src\Commands\../OI.h:4:0,
                 from ..\src\Commands\../CommandBase.h:9,
                 from ..\src\Commands\Turn.h:4,
                 from ..\src\Commands\Turn.cpp:1:
..\src\Commands\../Commands/Intake.h:6:35: error: expected class-name before '{' token
 class Intake : public CommandBase {
                                   ^
In file included from ..\src\Commands\../OI.h:5:0,
                 from ..\src\Commands\../CommandBase.h:9,
                 from ..\src\Commands\Turn.h:4,
                 from ..\src\Commands\Turn.cpp:1:
..\src\Commands\../Commands/Output.h:6:35: error: expected class-name before '{' token
 class Output : public CommandBase {
                                   ^

**** Build of configuration Debug for project Drivetrain_Test_2 ****

Nothing to build for project Drivetrain_Test_2
17:47:32 **** Incremental Build of configuration Debug for project Drivetrain_test_3 ****
Info: Internal Builder is used for build
arm-frc-linux-gnueabi-g++ "-LC:\\Users\\ankbh/wpilib/user/cpp/lib" "-LC:\\Users\\ankbh/wpilib/cpp/current/reflib/linux/athena/shared" "-LC:\\Users\\ankbh/wpilib/common/current/lib/linux/athena/shared" -pthread -rdynamic -Wl,-rpath,/opt/GenICam_v3_0_NI/bin/Linux32_ARM,-rpath,/usr/local/frc/lib -o FRCUserProgram "src\\CommandBase.o" "src\\Commands\\ExampleCommand.o" "src\\Commands\\TankDrive.o" "src\\OI.o" "src\\Robot.o" "src\\Subsystems\\Drivetrain.o" "src\\Subsystems\\ExampleSubsystem.o" -lCTRE_Phoenix -lCTRE_PhoenixCCI -lCTRE_Phoenix -lCTRE_PhoenixCCI -lwpi 
arm-frc-linux-gnueabi-g++: error: src\Subsystems\Drivetrain.o: No such file or directory
17:47:33 **** Incremental Build of configuration Debug for project Expo-bot ****
Info: Internal Builder is used for build
arm-frc-linux-gnueabi-g++ -std=c++1y "-IC:\\Users\\ankbh/wpilib/cpp/current/include" "-IC:\\Users\\ankbh\\Robotics\\Expo-bot\\src" "-IC:\\Users\\ankbh/wpilib/user/cpp/include" -O0 -Og -g3 -Wall -c -fmessage-length=0 -pthread -o "src\\Commands\\drive.o" "..\\src\\Commands\\drive.cpp" 
In file included from C:\Users\ankbh\Robotics\Expo-bot\src/CommandBase.h:6:0,
                 from C:\Users\ankbh\Robotics\Expo-bot\src/Commands/drive.h:5,
                 from ..\src\Commands\drive.cpp:1:
C:\Users\ankbh\Robotics\Expo-bot\src/Subsystems/Winch.h:5:29: fatal error: ctrlib/CANTalon.h: No such file or directory
compilation terminated.
17:47:34 **** Incremental Build of configuration Debug for project Mock ****
Info: Internal Builder is used for build
arm-frc-linux-gnueabi-g++ "-LC:\\Users\\ankbh/wpilib/user/cpp/lib" "-LC:\\Users\\ankbh/wpilib/cpp/current/reflib/linux/athena/shared" "-LC:\\Users\\ankbh/wpilib/common/current/lib/linux/athena/shared" -pthread -rdynamic -Wl,-rpath,/opt/GenICam_v3_0_NI/bin/Linux32_ARM,-rpath,/usr/local/frc/lib -o FRCUserProgram "src\\CommandBase.o" "src\\Commands\\AlignWithWall.o" "src\\Commands\\ArmDown.o" "src\\Commands\\ArmUp.o" "src\\Commands\\Autonomous.o" "src\\Commands\\Drive.o" "src\\Commands\\GyroTurn.o" "src\\Commands\\MoveArm.o" "src\\Commands\\MoveFromWall.o" "src\\Commands\\MoveUntilWall.o" "src\\Commands\\TankDrive.o" "src\\OI.o" "src\\Robot.o" "src\\Subsystems\\Arm.o" "src\\Subsystems\\DriveTrain.o" "src\\Utilities\\NetworkTablesInterface.o" -lCTRE_Phoenix -lCTRE_PhoenixCCI -lCTRE_Phoenix -lCTRE_PhoenixCCI -lwpi 
arm-frc-linux-gnueabi-g++: error: src\Commands\ArmUp.o: No such file or directory
17:47:35 **** Incremental Build of configuration Debug for project Mock2k17 ****
Info: Internal Builder is used for build
arm-frc-linux-gnueabi-g++ -std=c++1y "-IC:\\Users\\ankbh/wpilib/cpp/current/include" "-IC:\\Users\\ankbh\\Robotics\\Mock2k17\\src" "-IC:\\Users\\ankbh/wpilib/user/cpp/include" -O0 -Og -g3 -Wall -c -fmessage-length=0 -pthread -o "src\\Commands\\Autonomous.o" "..\\src\\Commands\\Autonomous.cpp" 
..\src\Commands\Autonomous.cpp: In constructor 'Autonomous::Autonomous()':
..\src\Commands\Autonomous.cpp:6:20: error: expected type-specifier before 'Forward'
  AddSequential(new Forward());
                    ^
..\src\Commands\Autonomous.cpp:8:20: error: expected type-specifier before 'Turn'
  AddSequential(new Turn(90));
                    ^
..\src\Commands\Autonomous.cpp:9:20: error: expected type-specifier before 'DriveUntilTarget'
  AddSequential(new DriveUntilTarget());
                    ^
..\src\Commands\Autonomous.cpp:10:20: error: expected type-specifier before 'Turn'
  AddSequential(new Turn(-90));
                    ^
..\src\Commands\Autonomous.cpp:12:20: error: expected type-specifier before 'Forward'
  AddSequential(new Forward());
                    ^
..\src\Commands\Autonomous.cpp:13:20: error: expected type-specifier before 'Park'
  AddSequential(new Park());
                    ^
..\src\Commands\Autonomous.cpp:14:20: error: expected type-specifier before 'DriveUntilWall'
  AddSequential(new DriveUntilWall());
                    ^
..\src\Commands\Autonomous.cpp:15:20: error: expected type-specifier before 'PushTarget'
  AddSequential(new PushTarget());
                    ^
17:47:38 **** Incremental Build of configuration Debug for project Team-3341-PowerUp ****
Info: Internal Builder is used for build
arm-frc-linux-gnueabi-g++ -std=c++1y "-IC:\\Users\\ankbh/wpilib/cpp/current/include" "-IC:\\Users\\ankbh\\Robotics\\Team-3341-PowerUp\\src" "-IC:\\Users\\ankbh/wpilib/user/cpp/include" -O0 -Og -g3 -Wall -c -fmessage-length=0 -pthread -o "src\\Commands\\Output.o" "..\\src\\Commands\\Output.cpp" 
In file included from ..\src\Commands\../OI.h:4:0,
                 from ..\src\Commands\../CommandBase.h:9,
                 from ..\src\Commands\Output.h:4,
                 from ..\src\Commands\Output.cpp:1:
..\src\Commands\../Commands/Intake.h:6:35: error: expected class-name before '{' token
 class Intake : public CommandBase {
                                   ^
17:47:40 **** Incremental Build of configuration Debug for project tesst ****
Info: Internal Builder is used for build
arm-frc-linux-gnueabi-g++ -std=c++1y "-IC:\\Users\\ankbh/wpilib/cpp/current/include" "-IC:\\Users\\ankbh\\Robotics\\tesst\\src" "-IC:\\Users\\ankbh/wpilib/user/cpp/include" -O0 -Og -g3 -Wall -c -fmessage-length=0 -pthread -o "src\\Commands\\PosLoopThing.o" "..\\src\\Commands\\PosLoopThing.cpp" 
In file included from ..\src\Commands\../CommandBase.h:13:0,
                 from ..\src\Commands\PosLoopThing.h:4,
                 from ..\src\Commands\PosLoopThing.cpp:1:
..\src\Commands\../Subsystems/Winch.h:5:29: fatal error: ctrlib/CANTalon.h: No such file or directory
compilation terminated.
18:00:50 **** Incremental Build of configuration Debug for project Team-3341-PowerUp ****
Info: Internal Builder is used for build
arm-frc-linux-gnueabi-g++ -std=c++1y "-IC:\\Users\\ankbh/wpilib/cpp/current/include" "-IC:\\Users\\ankbh\\Robotics\\Team-3341-PowerUp\\src" "-IC:\\Users\\ankbh/wpilib/user/cpp/include" -O0 -Og -g3 -Wall -c -fmessage-length=0 -pthread -o "src\\OI.o" "..\\src\\OI.cpp" 
In file included from ..\src\OI.h:4:0,
                 from ..\src\OI.cpp:1:
..\src\Commands/Intake.h:5:22: fatal error: Acquirer.h: No such file or directory
compilation terminated.
18:01:13 **** Incremental Build of configuration Debug for project Team-3341-PowerUp ****
Info: Internal Builder is used for build
arm-frc-linux-gnueabi-g++ -std=c++1y "-IC:\\Users\\ankbh/wpilib/cpp/current/include" "-IC:\\Users\\ankbh\\Robotics\\Team-3341-PowerUp\\src" "-IC:\\Users\\ankbh/wpilib/user/cpp/include" -O0 -Og -g3 -Wall -c -fmessage-length=0 -pthread -o "src\\Commands\\OppositeSideSwitch.o" "..\\src\\Commands\\OppositeSideSwitch.cpp" 
In file included from c:\users\ankbh\robotics\team-3341-powerup\src\OI.h:4:0,
                 from c:\users\ankbh\robotics\team-3341-powerup\src\commandbase.h:9,
                 from C:\Users\ankbh\Robotics\Team-3341-PowerUp\src/Commands/DriveForward.h:4,
                 from ..\src\Commands\OppositeSideSwitch.cpp:2:
c:\users\ankbh\robotics\team-3341-powerup\src\Commands/Intake.h:7:35: error: expected class-name before '{' token
 class Intake : public CommandBase {
                                   ^
In file included from c:\users\ankbh\robotics\team-3341-powerup\src\OI.h:5:0,
                 from c:\users\ankbh\robotics\team-3341-powerup\src\commandbase.h:9,
                 from C:\Users\ankbh\Robotics\Team-3341-PowerUp\src/Commands/DriveForward.h:4,
                 from ..\src\Commands\OppositeSideSwitch.cpp:2:
c:\users\ankbh\robotics\team-3341-powerup\src\Commands/Output.h:6:35: error: expected class-name before '{' token
 class Output : public CommandBase {
                                   ^
18:10:13 **** Incremental Build of configuration Debug for project Team-3341-PowerUp ****
Info: Internal Builder is used for build
arm-frc-linux-gnueabi-g++ -std=c++1y "-IC:\\Users\\ankbh/wpilib/cpp/current/include" "-IC:\\Users\\ankbh\\Robotics\\Team-3341-PowerUp\\src" "-IC:\\Users\\ankbh/wpilib/user/cpp/include" -O0 -Og -g3 -Wall -c -fmessage-length=0 -pthread -o "src\\Commands\\Output.o" "..\\src\\Commands\\Output.cpp" 
In file included from ..\src\Commands\../OI.h:4:0,
                 from ..\src\Commands\../CommandBase.h:9,
                 from ..\src\Commands\Output.h:4,
                 from ..\src\Commands\Output.cpp:1:
..\src\Commands\../Commands/Intake.h:7:35: error: expected class-name before '{' token
 class Intake : public CommandBase {
                                   ^
18:10:50 **** Incremental Build of configuration Debug for project Team-3341-PowerUp ****
Info: Internal Builder is used for build
arm-frc-linux-gnueabi-g++ -std=c++1y "-IC:\\Users\\ankbh/wpilib/cpp/current/include" "-IC:\\Users\\ankbh\\Robotics\\Team-3341-PowerUp\\src" "-IC:\\Users\\ankbh/wpilib/user/cpp/include" -O0 -Og -g3 -Wall -c -fmessage-length=0 -pthread -o "src\\Commands\\OppositeSideSwitch.o" "..\\src\\Commands\\OppositeSideSwitch.cpp" 
In file included from c:\users\ankbh\robotics\team-3341-powerup\src\OI.h:4:0,
                 from c:\users\ankbh\robotics\team-3341-powerup\src\commandbase.h:9,
                 from C:\Users\ankbh\Robotics\Team-3341-PowerUp\src/Commands/DriveForward.h:4,
                 from ..\src\Commands\OppositeSideSwitch.cpp:2:
c:\users\ankbh\robotics\team-3341-powerup\src\Commands/Intake.h:7:35: error: expected class-name before '{' token
 class Intake : public CommandBase {
                                   ^
In file included from c:\users\ankbh\robotics\team-3341-powerup\src\OI.h:5:0,
                 from c:\users\ankbh\robotics\team-3341-powerup\src\commandbase.h:9,
                 from C:\Users\ankbh\Robotics\Team-3341-PowerUp\src/Commands/DriveForward.h:4,
                 from ..\src\Commands\OppositeSideSwitch.cpp:2:
c:\users\ankbh\robotics\team-3341-powerup\src\Commands/Output.h:6:35: error: expected class-name before '{' token
 class Output : public CommandBase {
                                   ^
18:11:11 **** Incremental Build of configuration Debug for project Team-3341-PowerUp ****
Info: Internal Builder is used for build
arm-frc-linux-gnueabi-g++ -std=c++1y "-IC:\\Users\\ankbh/wpilib/cpp/current/include" "-IC:\\Users\\ankbh\\Robotics\\Team-3341-PowerUp\\src" "-IC:\\Users\\ankbh/wpilib/user/cpp/include" -O0 -Og -g3 -Wall -c -fmessage-length=0 -pthread -o "src\\Commands\\Intake.o" "..\\src\\Commands\\Intake.cpp" 
In file included from ..\src\Commands\../OI.h:5:0,
                 from ..\src\Commands\../CommandBase.h:9,
                 from ..\src\Commands\Intake.h:4,
                 from ..\src\Commands\Intake.cpp:1:
..\src\Commands\../Commands/Output.h:6:35: error: expected class-name before '{' token
 class Output : public CommandBase {
                                   ^
18:11:42 **** Incremental Build of configuration Debug for project Team-3341-PowerUp ****
Info: Internal Builder is used for build
arm-frc-linux-gnueabi-g++ -std=c++1y "-IC:\\Users\\ankbh/wpilib/cpp/current/include" "-IC:\\Users\\ankbh\\Robotics\\Team-3341-PowerUp\\src" "-IC:\\Users\\ankbh/wpilib/user/cpp/include" -O0 -Og -g3 -Wall -c -fmessage-length=0 -pthread -o "src\\OI.o" "..\\src\\OI.cpp" 
In file included from ..\src\Commands/Intake.h:4:0,
                 from ..\src\OI.h:4,
                 from ..\src\OI.cpp:1:
..\src\Commands/../CommandBase.h:26:25: error: 'OI' was not declared in this scope
  static std::unique_ptr<OI> oi;\
                         ^
..\src\Commands/../CommandBase.h:26:27: error: template argument 1 is invalid
  static std::unique_ptr<OI> oi;\
                           ^
..\src\Commands/../CommandBase.h:26:27: error: template argument 2 is invalid
..\src\OI.cpp: In constructor 'OI::OI()':
..\src\OI.cpp:6:47: error: expression cannot be used as a function
  intakeButton = new JoystickButton(leftStick(2));
                                               ^
..\src\OI.cpp:7:47: error: expression cannot be used as a function
  outputButton = new JoystickButton(leftStick(3));
                                               ^
18:12:13 **** Incremental Build of configuration Debug for project Team-3341-PowerUp ****
Info: Internal Builder is used for build
arm-frc-linux-gnueabi-g++ -std=c++1y "-IC:\\Users\\ankbh/wpilib/cpp/current/include" "-IC:\\Users\\ankbh\\Robotics\\Team-3341-PowerUp\\src" "-IC:\\Users\\ankbh/wpilib/user/cpp/include" -O0 -Og -g3 -Wall -c -fmessage-length=0 -pthread -o "src\\Commands\\Intake.o" "..\\src\\Commands\\Intake.cpp" 
In file included from ..\src\Commands\../OI.h:5:0,
                 from ..\src\Commands\../CommandBase.h:9,
                 from ..\src\Commands\Intake.h:4,
                 from ..\src\Commands\Intake.cpp:1:
..\src\Commands\../Commands/Output.h:7:35: error: expected class-name before '{' token
 class Output : public CommandBase {
                                   ^
19:17:07 **** Build of configuration Debug for project Team-3341-PowerUp-VasFork ****
make all 
Cannot run program "make": Launching failed

Error: Program "make" not found in PATH
PATH=[C:\ProgramData\Oracle\Java\javapath;C:\Program Files (x86)\Intel\iCLS Client\;C:\Program Files\Intel\iCLS Client\;C:\windows\system32;C:\windows;C:\windows\System32\Wbem;C:\windows\System32\WindowsPowerShell\v1.0\;C:\Program Files (x86)\Intel\Intel(R) Management Engine Components\DAL;C:\Program Files\Intel\Intel(R) Management Engine Components\DAL;C:\Program Files (x86)\Intel\Intel(R) Management Engine Components\IPT;C:\Program Files\Intel\Intel(R) Management Engine Components\IPT;C:\ProgramData\Oracle\Java\javapath;C:\Program Files (x86)\Intel\iCLS Client\;C:\Program Files\Intel\iCLS Client\;C:\windows\system32;C:\windows;C:\windows\System32\Wbem;C:\windows\System32\WindowsPowerShell\v1.0\;C:\Program Files (x86)\Intel\Intel(R) Management Engine Components\DAL;C:\Program Files\Intel\Intel(R) Management Engine Components\DAL;C:\Program Files (x86)\Intel\Intel(R) Management Engine Components\IPT;C:\Program Files\Intel\Intel(R) Management Engine Components\IPT;C:\Users\ankbh\AppData\Local\GitHubDesktop\bin;C:\frc\bin]
19:19:01 **** Incremental Build of configuration Debug for project Team-3341-PowerUp-VasFork ****
make all 
Cannot run program "make": Launching failed

Error: Program "make" not found in PATH
PATH=[C:\ProgramData\Oracle\Java\javapath;C:\Program Files (x86)\Intel\iCLS Client\;C:\Program Files\Intel\iCLS Client\;C:\windows\system32;C:\windows;C:\windows\System32\Wbem;C:\windows\System32\WindowsPowerShell\v1.0\;C:\Program Files (x86)\Intel\Intel(R) Management Engine Components\DAL;C:\Program Files\Intel\Intel(R) Management Engine Components\DAL;C:\Program Files (x86)\Intel\Intel(R) Management Engine Components\IPT;C:\Program Files\Intel\Intel(R) Management Engine Components\IPT;C:\ProgramData\Oracle\Java\javapath;C:\Program Files (x86)\Intel\iCLS Client\;C:\Program Files\Intel\iCLS Client\;C:\windows\system32;C:\windows;C:\windows\System32\Wbem;C:\windows\System32\WindowsPowerShell\v1.0\;C:\Program Files (x86)\Intel\Intel(R) Management Engine Components\DAL;C:\Program Files\Intel\Intel(R) Management Engine Components\DAL;C:\Program Files (x86)\Intel\Intel(R) Management Engine Components\IPT;C:\Program Files\Intel\Intel(R) Management Engine Components\IPT;C:\Users\ankbh\AppData\Local\GitHubDesktop\bin;C:\frc\bin]
19:20:02 **** Incremental Build of configuration Debug for project Team-3341-PowerUp-VasFork ****
make all 
Cannot run program "make": Launching failed

Error: Program "make" not found in PATH
PATH=[C:\frc\bin;C:\ProgramData\Oracle\Java\javapath;C:\Program Files (x86)\Intel\iCLS Client\;C:\Program Files\Intel\iCLS Client\;C:\windows\system32;C:\windows;C:\windows\System32\Wbem;C:\windows\System32\WindowsPowerShell\v1.0\;C:\Program Files (x86)\Intel\Intel(R) Management Engine Components\DAL;C:\Program Files\Intel\Intel(R) Management Engine Components\DAL;C:\Program Files (x86)\Intel\Intel(R) Management Engine Components\IPT;C:\Program Files\Intel\Intel(R) Management Engine Components\IPT;C:\ProgramData\Oracle\Java\javapath;C:\Program Files (x86)\Intel\iCLS Client\;C:\Program Files\Intel\iCLS Client\;C:\windows\system32;C:\windows;C:\windows\System32\Wbem;C:\windows\System32\WindowsPowerShell\v1.0\;C:\Program Files (x86)\Intel\Intel(R) Management Engine Components\DAL;C:\Program Files\Intel\Intel(R) Management Engine Components\DAL;C:\Program Files (x86)\Intel\Intel(R) Management Engine Components\IPT;C:\Program Files\Intel\Intel(R) Management Engine Components\IPT;C:\Users\ankbh\AppData\Local\GitHubDesktop\bin]
19:23:01 **** Build of configuration Debug for project VasFork ****
make all 
Cannot run program "make": Launching failed

Error: Program "make" not found in PATH
PATH=[C:\ProgramData\Oracle\Java\javapath;C:\Program Files (x86)\Intel\iCLS Client\;C:\Program Files\Intel\iCLS Client\;C:\windows\system32;C:\windows;C:\windows\System32\Wbem;C:\windows\System32\WindowsPowerShell\v1.0\;C:\Program Files (x86)\Intel\Intel(R) Management Engine Components\DAL;C:\Program Files\Intel\Intel(R) Management Engine Components\DAL;C:\Program Files (x86)\Intel\Intel(R) Management Engine Components\IPT;C:\Program Files\Intel\Intel(R) Management Engine Components\IPT;C:\ProgramData\Oracle\Java\javapath;C:\Program Files (x86)\Intel\iCLS Client\;C:\Program Files\Intel\iCLS Client\;C:\windows\system32;C:\windows;C:\windows\System32\Wbem;C:\windows\System32\WindowsPowerShell\v1.0\;C:\Program Files (x86)\Intel\Intel(R) Management Engine Components\DAL;C:\Program Files\Intel\Intel(R) Management Engine Components\DAL;C:\Program Files (x86)\Intel\Intel(R) Management Engine Components\IPT;C:\Program Files\Intel\Intel(R) Management Engine Components\IPT;C:\Users\ankbh\AppData\Local\GitHubDesktop\bin;C:\frc\bin]
19:24:47 **** Rebuild of configuration Debug for project VasFork ****
Info: Internal Builder is used for build
arm-frc-linux-gnueabi-g++ -std=c++1y "-IC:\\Users\\ankbh/wpilib/cpp/current/include" "-IC:\\Users\\ankbh\\Robotics\\VasFork\\src" "-IC:\\Users\\ankbh/wpilib/user/cpp/include" -O0 -Og -g3 -Wall -c -fmessage-length=0 -pthread -o "src\\Commands\\ReleaseCrate.o" "..\\src\\Commands\\ReleaseCrate.cpp" 
arm-frc-linux-gnueabi-g++ -std=c++1y "-IC:\\Users\\ankbh/wpilib/cpp/current/include" "-IC:\\Users\\ankbh\\Robotics\\VasFork\\src" "-IC:\\Users\\ankbh/wpilib/user/cpp/include" -O0 -Og -g3 -Wall -c -fmessage-length=0 -pthread -o "src\\OI.o" "..\\src\\OI.cpp" 
..\src\OI.cpp: In constructor 'OI::OI()':
..\src\OI.cpp:12:17: error: 'catcherButtons' was not declared in this scope
  catcherButtons();
                 ^
..\src\OI.cpp: At global scope:
..\src\OI.cpp:19:20: error: ISO C++ forbids declaration of 'catcherButtons' with no type [-fpermissive]
 OI::catcherButtons()
                    ^
..\src\OI.cpp:19:20: error: no 'int OI::catcherButtons()' member function declared in class 'OI'
19:26:12 **** Incremental Build of configuration Debug for project VasFork ****
Info: Internal Builder is used for build
arm-frc-linux-gnueabi-g++ -std=c++1y "-IC:\\Users\\ankbh/wpilib/cpp/current/include" "-IC:\\Users\\ankbh\\Robotics\\VasFork\\src" "-IC:\\Users\\ankbh/wpilib/user/cpp/include" -O0 -Og -g3 -Wall -c -fmessage-length=0 -pthread -o "src\\Subsystems\\Catcher.o" "..\\src\\Subsystems\\Catcher.cpp" 
..\src\Subsystems\Catcher.cpp: In constructor 'Catcher::Catcher()':
..\src\Subsystems\Catcher.cpp:5:10: error: expected type-specifier before 'CANTalon'
 left(new CANTalon(CATCH_LEFT_CAN_ID)),
          ^
..\src\Subsystems\Catcher.cpp:6:11: error: expected type-specifier before 'CANTalon'
 right(new CANTalon(CATCH_RIGHT_CAN_ID))
           ^
In file included from ..\src\Subsystems\Catcher.cpp:1:0:
..\src\Subsystems\Catcher.h:14:16: warning: 'Catcher::left' will be initialized after [-Wreorder]
  WPI_TalonSRX* left;
                ^
..\src\Subsystems\Catcher.h:13:16: warning:   'ctre::phoenix::motorcontrol::can::WPI_TalonSRX* Catcher::right' [-Wreorder]
  WPI_TalonSRX* right;
                ^
..\src\Subsystems\Catcher.cpp:4:1: warning:   when initialized here [-Wreorder]
 Catcher::Catcher(): Subsystem("Catcher"),
 ^
..\src\Subsystems\Catcher.cpp: In member function 'double Catcher::getSpeedLeft()':
..\src\Subsystems\Catcher.cpp:89:15: error: 'class ctre::phoenix::motorcontrol::can::WPI_TalonSRX' has no member named 'GetEncVel'
  return left->GetEncVel();
               ^
..\src\Subsystems\Catcher.cpp: In member function 'double Catcher::getSpeedright()':
..\src\Subsystems\Catcher.cpp:94:16: error: 'class ctre::phoenix::motorcontrol::can::WPI_TalonSRX' has no member named 'GetEncVel'
  return right->GetEncVel();
                ^
23:05:01 **** Incremental Build of configuration Debug for project VasFork ****
Info: Internal Builder is used for build
arm-frc-linux-gnueabi-g++ -std=c++1y "-IC:\\Users\\ankbh/wpilib/cpp/current/include" "-IC:\\Users\\ankbh\\Robotics\\VasFork\\src" "-IC:\\Users\\ankbh/wpilib/user/cpp/include" -O0 -Og -g3 -Wall -c -fmessage-length=0 -pthread -o "src\\Commands\\ExampleCommand.o" "..\\src\\Commands\\ExampleCommand.cpp" 
arm-frc-linux-gnueabi-g++ -std=c++1y "-IC:\\Users\\ankbh/wpilib/cpp/current/include" "-IC:\\Users\\ankbh\\Robotics\\VasFork\\src" "-IC:\\Users\\ankbh/wpilib/user/cpp/include" -O0 -Og -g3 -Wall -c -fmessage-length=0 -pthread -o "src\\Commands\\MyAutoCommand.o" "..\\src\\Commands\\MyAutoCommand.cpp" 
arm-frc-linux-gnueabi-g++ -std=c++1y "-IC:\\Users\\ankbh/wpilib/cpp/current/include" "-IC:\\Users\\ankbh\\Robotics\\VasFork\\src" "-IC:\\Users\\ankbh/wpilib/user/cpp/include" -O0 -Og -g3 -Wall -c -fmessage-length=0 -pthread -o "src\\OI.o" "..\\src\\OI.cpp" 
..\src\OI.cpp: In member function 'void OI::catcherButtons()':
..\src\OI.cpp:26:2: error: 'getCrate' was not declared in this scope
  getCrate = new JoystickButton(leftStick, 2);
  ^
..\src\OI.cpp:27:2: error: 'getBall2' was not declared in this scope
  getBall2->WhenPressed(new AcquireCrate());
  ^
23:13:24 **** Incremental Build of configuration Debug for project VasFork ****
Info: Internal Builder is used for build
arm-frc-linux-gnueabi-g++ -std=c++1y "-IC:\\Users\\ankbh/wpilib/cpp/current/include" "-IC:\\Users\\ankbh\\Robotics\\VasFork\\src" "-IC:\\Users\\ankbh/wpilib/user/cpp/include" -O0 -Og -g3 -Wall -c -fmessage-length=0 -pthread -o "src\\Commands\\AcquireCrate.o" "..\\src\\Commands\\AcquireCrate.cpp" 
arm-frc-linux-gnueabi-g++ -std=c++1y "-IC:\\Users\\ankbh/wpilib/cpp/current/include" "-IC:\\Users\\ankbh\\Robotics\\VasFork\\src" "-IC:\\Users\\ankbh/wpilib/user/cpp/include" -O0 -Og -g3 -Wall -c -fmessage-length=0 -pthread -o "src\\Robot.o" "..\\src\\Robot.cpp" 
..\src\Robot.cpp:16:37: error: #include expects "FILENAME" or <FILENAME>
..\src\Robot.cpp:17:29: error: #include expects "FILENAME" or <FILENAME>
..\src\Robot.cpp: In member function 'virtual void Robot::RobotInit()':
..\src\Robot.cpp:25:42: error: expected type-specifier before 'DriveForward'
   chooser.AddDefault("Default Auto", new DriveForward(10));
                                          ^
..\src\Robot.cpp: In member function 'virtual void Robot::TestPeriodic()':
..\src\Robot.cpp:94:39: warning: 'void frc::LiveWindow::Run()' is deprecated: no longer required [-Wdeprecated-declarations]
   frc::LiveWindow::GetInstance()->Run();
                                       ^
In file included from ..\src\Robot.cpp:6:0:
C:\Users\ankbh/wpilib/cpp/current/include/LiveWindow/LiveWindow.h:31:8: note: declared here
   void Run() { UpdateValues(); }
        ^
23:14:02 **** Incremental Build of configuration Debug for project VasFork ****
Info: Internal Builder is used for build
arm-frc-linux-gnueabi-g++ -std=c++1y "-IC:\\Users\\ankbh/wpilib/cpp/current/include" "-IC:\\Users\\ankbh\\Robotics\\VasFork\\src" "-IC:\\Users\\ankbh/wpilib/user/cpp/include" -O0 -Og -g3 -Wall -c -fmessage-length=0 -pthread -o "src\\CommandBase.o" "..\\src\\CommandBase.cpp" 
..\src\CommandBase.cpp: In static member function 'static void CommandBase::initialize()':
..\src\CommandBase.cpp:22:27: error: expected primary-expression before 'oi'
  oi = std::unique_ptr<OI> oi();
                           ^
23:18:11 **** Incremental Build of configuration Debug for project VasFork ****
Info: Internal Builder is used for build
arm-frc-linux-gnueabi-g++ -std=c++1y "-IC:\\Users\\ankbh/wpilib/cpp/current/include" "-IC:\\Users\\ankbh\\Robotics\\VasFork\\src" "-IC:\\Users\\ankbh/wpilib/user/cpp/include" -O0 -Og -g3 -Wall -c -fmessage-length=0 -pthread -o "src\\Subsystems\\ExampleSubsystem.o" "..\\src\\Subsystems\\ExampleSubsystem.cpp" 
arm-frc-linux-gnueabi-g++ -std=c++1y "-IC:\\Users\\ankbh/wpilib/cpp/current/include" "-IC:\\Users\\ankbh\\Robotics\\VasFork\\src" "-IC:\\Users\\ankbh/wpilib/user/cpp/include" -O0 -Og -g3 -Wall -c -fmessage-length=0 -pthread -o "src\\OI.o" "..\\src\\OI.cpp" 
arm-frc-linux-gnueabi-g++ -std=c++1y "-IC:\\Users\\ankbh/wpilib/cpp/current/include" "-IC:\\Users\\ankbh\\Robotics\\VasFork\\src" "-IC:\\Users\\ankbh/wpilib/user/cpp/include" -O0 -Og -g3 -Wall -c -fmessage-length=0 -pthread -o "src\\Subsystems\\Catcher.o" "..\\src\\Subsystems\\Catcher.cpp" 
In file included from ..\src\Subsystems\Catcher.cpp:1:0:
..\src\Subsystems\Catcher.h: In constructor 'Catcher::Catcher()':
..\src\Subsystems\Catcher.h:16:13: warning: 'Catcher::left' will be initialized after [-Wreorder]
  TalonSRX * left;
             ^
..\src\Subsystems\Catcher.h:14:12: warning:   'ctre::phoenix::motorcontrol::can::TalonSRX* Catcher::right' [-Wreorder]
  TalonSRX* right;
            ^
..\src\Subsystems\Catcher.cpp:6:1: warning:   when initialized here [-Wreorder]
 Catcher::Catcher(): Subsystem("Catcher"),
 ^
arm-frc-linux-gnueabi-g++ -std=c++1y "-IC:\\Users\\ankbh/wpilib/cpp/current/include" "-IC:\\Users\\ankbh\\Robotics\\VasFork\\src" "-IC:\\Users\\ankbh/wpilib/user/cpp/include" -O0 -Og -g3 -Wall -c -fmessage-length=0 -pthread -o "src\\Commands\\TankDrive.o" "..\\src\\Commands\\TankDrive.cpp" 
..\src\Commands\TankDrive.cpp: In member function 'virtual void TankDrive::Execute()':
..\src\Commands\TankDrive.cpp:20:9: warning: unused variable 'average' [-Wunused-variable]
  double average = (drive->leftDistance() + drive->rightDistance()) / 2;
         ^
arm-frc-linux-gnueabi-g++ -std=c++1y "-IC:\\Users\\ankbh/wpilib/cpp/current/include" "-IC:\\Users\\ankbh\\Robotics\\VasFork\\src" "-IC:\\Users\\ankbh/wpilib/user/cpp/include" -O0 -Og -g3 -Wall -c -fmessage-length=0 -pthread -o "src\\Robot.o" "..\\src\\Robot.cpp" 
..\src\Robot.cpp: In member function 'virtual void Robot::RobotInit()':
..\src\Robot.cpp:25:42: error: expected type-specifier before 'DriveForward'
   chooser.AddDefault("Default Auto", new DriveForward(10));
                                          ^
..\src\Robot.cpp: In member function 'virtual void Robot::TestPeriodic()':
..\src\Robot.cpp:94:39: warning: 'void frc::LiveWindow::Run()' is deprecated: no longer required [-Wdeprecated-declarations]
   frc::LiveWindow::GetInstance()->Run();
                                       ^
In file included from ..\src\Robot.cpp:6:0:
C:\Users\ankbh/wpilib/cpp/current/include/LiveWindow/LiveWindow.h:31:8: note: declared here
   void Run() { UpdateValues(); }
        ^
23:19:17 **** Incremental Build of configuration Debug for project VasFork ****
Info: Internal Builder is used for build
arm-frc-linux-gnueabi-g++ -std=c++1y "-IC:\\Users\\ankbh/wpilib/cpp/current/include" "-IC:\\Users\\ankbh\\Robotics\\VasFork\\src" "-IC:\\Users\\ankbh/wpilib/user/cpp/include" -O0 -Og -g3 -Wall -c -fmessage-length=0 -pthread -o "src\\CommandBase.o" "..\\src\\CommandBase.cpp" 
arm-frc-linux-gnueabi-g++ -std=c++1y "-IC:\\Users\\ankbh/wpilib/cpp/current/include" "-IC:\\Users\\ankbh\\Robotics\\VasFork\\src" "-IC:\\Users\\ankbh/wpilib/user/cpp/include" -O0 -Og -g3 -Wall -c -fmessage-length=0 -pthread -o "src\\Commands\\StopCatcher.o" "..\\src\\Commands\\StopCatcher.cpp" 
arm-frc-linux-gnueabi-g++ -std=c++1y "-IC:\\Users\\ankbh/wpilib/cpp/current/include" "-IC:\\Users\\ankbh\\Robotics\\VasFork\\src" "-IC:\\Users\\ankbh/wpilib/user/cpp/include" -O0 -Og -g3 -Wall -c -fmessage-length=0 -pthread -o "src\\Robot.o" "..\\src\\Robot.cpp" 
..\src\Robot.cpp: In member function 'virtual void Robot::RobotInit()':
..\src\Robot.cpp:25:42: error: expected type-specifier before 'DriveForward'
   chooser.AddDefault("Default Auto", new DriveForward(10));
                                          ^
..\src\Robot.cpp: In member function 'virtual void Robot::TestPeriodic()':
..\src\Robot.cpp:94:39: warning: 'void frc::LiveWindow::Run()' is deprecated: no longer required [-Wdeprecated-declarations]
   frc::LiveWindow::GetInstance()->Run();
                                       ^
In file included from ..\src\Robot.cpp:6:0:
C:\Users\ankbh/wpilib/cpp/current/include/LiveWindow/LiveWindow.h:31:8: note: declared here
   void Run() { UpdateValues(); }
        ^
23:20:42 **** Incremental Build of configuration Debug for project VasFork ****
Info: Internal Builder is used for build
arm-frc-linux-gnueabi-g++ -std=c++1y "-IC:\\Users\\ankbh/wpilib/cpp/current/include" "-IC:\\Users\\ankbh\\Robotics\\VasFork\\src" "-IC:\\Users\\ankbh/wpilib/user/cpp/include" -O0 -Og -g3 -Wall -c -fmessage-length=0 -pthread -o "src\\Robot.o" "..\\src\\Robot.cpp" 
arm-frc-linux-gnueabi-g++ -std=c++1y "-IC:\\Users\\ankbh/wpilib/cpp/current/include" "-IC:\\Users\\ankbh\\Robotics\\VasFork\\src" "-IC:\\Users\\ankbh/wpilib/user/cpp/include" -O0 -Og -g3 -Wall -c -fmessage-length=0 -pthread -o "src\\Subsystems\\DriveTrain.o" "..\\src\\Subsystems\\DriveTrain.cpp" 
arm-frc-linux-gnueabi-g++ "-LC:\\Users\\ankbh/wpilib/common/current/lib/linux/athena/shared" "-LC:\\Users\\ankbh/wpilib/cpp/current/reflib/linux/athena/shared" "-LC:\\Users\\ankbh/wpilib/user/cpp/lib" -pthread -rdynamic -Wl,-rpath,/opt/GenICam_v3_0_NI/bin/Linux32_ARM,-rpath,/usr/local/frc/lib -o FRCUserProgram "src\\CommandBase.o" "src\\Commands\\AcquireCrate.o" "src\\Commands\\ExampleCommand.o" "src\\Commands\\MyAutoCommand.o" "src\\Commands\\ReleaseCrate.o" "src\\Commands\\StopCatcher.o" "src\\Commands\\TankDrive.o" "src\\OI.o" "src\\Robot.o" "src\\Subsystems\\Catcher.o" "src\\Subsystems\\DriveTrain.o" "src\\Subsystems\\ExampleSubsystem.o" -lCTRE_Phoenix -lCTRE_PhoenixCCI -lCTRE_Phoenix -lCTRE_PhoenixCCI -lwpi 
src\Commands\AcquireCrate.o:(.data+0x0): multiple definition of `CATCH_RIGHT_CAN_ID'
src\CommandBase.o:(.data+0x0): first defined here
src\Commands\AcquireCrate.o: In function `AcquireCrate::Initialize()':
C:\Users\ankbh\Robotics\VasFork\Debug/..\src\Commands/AcquireCrate.cpp:11: multiple definition of `CATCH_LEFT_CAN_ID'
src\CommandBase.o:C:\Users\ankbh\Robotics\VasFork\Debug/..\src/CommandBase.cpp:25: first defined here
src\Commands\ReleaseCrate.o:(.data+0x0): multiple definition of `CATCH_RIGHT_CAN_ID'
src\CommandBase.o:C:\Users\ankbh\Robotics\VasFork\Debug/..\src/CommandBase.cpp:25: first defined here
src\Commands\ReleaseCrate.o: In function `std::__cxx11::basic_string<char, std::char_traits<char>, std::allocator<char> >::_M_is_local() const':
C:\Users\ankbh\Robotics\VasFork\Debug/..\src\Commands/ReleaseCrate.cpp:13: multiple definition of `CATCH_LEFT_CAN_ID'
src\CommandBase.o:C:\Users\ankbh\Robotics\VasFork\Debug/..\src/CommandBase.cpp:25: first defined here
src\Commands\StopCatcher.o:(.data+0x0): multiple definition of `CATCH_RIGHT_CAN_ID'
src\CommandBase.o:C:\Users\ankbh\Robotics\VasFork\Debug/..\src/CommandBase.cpp:25: first defined here
src\Commands\StopCatcher.o: In function `std::__cxx11::basic_string<char, std::char_traits<char>, std::allocator<char> >::_M_is_local() const':
C:\Users\ankbh\Robotics\VasFork\Debug/..\src\Commands/StopCatcher.cpp:25: multiple definition of `CATCH_LEFT_CAN_ID'
src\CommandBase.o:C:\Users\ankbh\Robotics\VasFork\Debug/..\src/CommandBase.cpp:25: first defined here
src\Commands\TankDrive.o:(.data+0x0): multiple definition of `CATCH_RIGHT_CAN_ID'
src\CommandBase.o:C:\Users\ankbh\Robotics\VasFork\Debug/..\src/CommandBase.cpp:25: first defined here
src\Commands\TankDrive.o: In function `__gnu_cxx::new_allocator<std::_Rb_tree_node<frc::Subsystem*> >::deallocate(std::_Rb_tree_node<frc::Subsystem*>*, unsigned int)':
C:\Users\ankbh\Robotics\VasFork\Debug/..\src\Commands/TankDrive.cpp:27: multiple definition of `CATCH_LEFT_CAN_ID'
src\CommandBase.o:C:\Users\ankbh\Robotics\VasFork\Debug/..\src/CommandBase.cpp:25: first defined here
src\OI.o:(.data+0x0): multiple definition of `CATCH_RIGHT_CAN_ID'
src\CommandBase.o:C:\Users\ankbh\Robotics\VasFork\Debug/..\src/CommandBase.cpp:25: first defined here
src\OI.o: In function `OI::catcherButtons()':
C:\Users\ankbh\Robotics\VasFork\Debug/..\src/OI.cpp:20: multiple definition of `CATCH_LEFT_CAN_ID'
src\CommandBase.o:C:\Users\ankbh\Robotics\VasFork\Debug/..\src/CommandBase.cpp:25: first defined here
src\Robot.o:(.data+0x0): multiple definition of `CATCH_RIGHT_CAN_ID'
src\CommandBase.o:C:\Users\ankbh\Robotics\VasFork\Debug/..\src/CommandBase.cpp:25: first defined here
src\Robot.o: In function `$d':
C:\Users\ankbh/wpilib/cpp/current/include/SmartDashboard/SendableChooser.inc:77: multiple definition of `CATCH_LEFT_CAN_ID'
src\CommandBase.o:C:\Users\ankbh\Robotics\VasFork\Debug/..\src/CommandBase.cpp:25: first defined here
src\Subsystems\Catcher.o: In function `.LANCHOR1':
Catcher.cpp:(.data+0x0): multiple definition of `CATCH_RIGHT_CAN_ID'
src\CommandBase.o:C:\Users\ankbh\Robotics\VasFork\Debug/..\src/CommandBase.cpp:25: first defined here
src\Subsystems\Catcher.o: In function `Catcher::~Catcher()':
C:\Users\ankbh\Robotics\VasFork\Debug/..\src\Subsystems/Catcher.cpp:12: multiple definition of `CATCH_LEFT_CAN_ID'
src\CommandBase.o:C:\Users\ankbh\Robotics\VasFork\Debug/..\src/CommandBase.cpp:25: first defined here
src\Subsystems\DriveTrain.o:(.data+0x0): multiple definition of `CATCH_RIGHT_CAN_ID'
src\CommandBase.o:C:\Users\ankbh\Robotics\VasFork\Debug/..\src/CommandBase.cpp:25: first defined here
src\Subsystems\DriveTrain.o: In function `$d':
C:\Users\ankbh\Robotics\VasFork\Debug/..\src\Subsystems/DriveTrain.cpp:115: multiple definition of `CATCH_LEFT_CAN_ID'
src\CommandBase.o:C:\Users\ankbh\Robotics\VasFork\Debug/..\src/CommandBase.cpp:25: first defined here
src\Subsystems\ExampleSubsystem.o:(.data+0x0): multiple definition of `CATCH_RIGHT_CAN_ID'
src\CommandBase.o:C:\Users\ankbh\Robotics\VasFork\Debug/..\src/CommandBase.cpp:25: first defined here
src\Subsystems\ExampleSubsystem.o: In function `ExampleSubsystem::ExampleSubsystem()':
C:\Users\ankbh\Robotics\VasFork\Debug/..\src\Subsystems/ExampleSubsystem.cpp:12: multiple definition of `CATCH_LEFT_CAN_ID'
src\CommandBase.o:C:\Users\ankbh\Robotics\VasFork\Debug/..\src/CommandBase.cpp:25: first defined here
collect2.exe: error: ld returned 1 exit status
23:21:05 **** Incremental Build of configuration Debug for project VasFork ****
Info: Internal Builder is used for build
arm-frc-linux-gnueabi-g++ "-LC:\\Users\\ankbh/wpilib/common/current/lib/linux/athena/shared" "-LC:\\Users\\ankbh/wpilib/cpp/current/reflib/linux/athena/shared" "-LC:\\Users\\ankbh/wpilib/user/cpp/lib" -pthread -rdynamic -Wl,-rpath,/opt/GenICam_v3_0_NI/bin/Linux32_ARM,-rpath,/usr/local/frc/lib -o FRCUserProgram "src\\CommandBase.o" "src\\Commands\\AcquireCrate.o" "src\\Commands\\ExampleCommand.o" "src\\Commands\\MyAutoCommand.o" "src\\Commands\\ReleaseCrate.o" "src\\Commands\\StopCatcher.o" "src\\Commands\\TankDrive.o" "src\\OI.o" "src\\Robot.o" "src\\Subsystems\\Catcher.o" "src\\Subsystems\\DriveTrain.o" "src\\Subsystems\\ExampleSubsystem.o" -lCTRE_Phoenix -lCTRE_PhoenixCCI -lCTRE_Phoenix -lCTRE_PhoenixCCI -lwpi 
src\Commands\AcquireCrate.o:(.data+0x0): multiple definition of `CATCH_RIGHT_CAN_ID'
src\CommandBase.o:(.data+0x0): first defined here
src\Commands\AcquireCrate.o: In function `AcquireCrate::Initialize()':
C:\Users\ankbh\Robotics\VasFork\Debug/..\src\Commands/AcquireCrate.cpp:11: multiple definition of `CATCH_LEFT_CAN_ID'
src\CommandBase.o:C:\Users\ankbh\Robotics\VasFork\Debug/..\src/CommandBase.cpp:25: first defined here
src\Commands\ReleaseCrate.o:(.data+0x0): multiple definition of `CATCH_RIGHT_CAN_ID'
src\CommandBase.o:C:\Users\ankbh\Robotics\VasFork\Debug/..\src/CommandBase.cpp:25: first defined here
src\Commands\ReleaseCrate.o: In function `std::__cxx11::basic_string<char, std::char_traits<char>, std::allocator<char> >::_M_is_local() const':
C:\Users\ankbh\Robotics\VasFork\Debug/..\src\Commands/ReleaseCrate.cpp:13: multiple definition of `CATCH_LEFT_CAN_ID'
src\CommandBase.o:C:\Users\ankbh\Robotics\VasFork\Debug/..\src/CommandBase.cpp:25: first defined here
src\Commands\StopCatcher.o:(.data+0x0): multiple definition of `CATCH_RIGHT_CAN_ID'
src\CommandBase.o:C:\Users\ankbh\Robotics\VasFork\Debug/..\src/CommandBase.cpp:25: first defined here
src\Commands\StopCatcher.o: In function `std::__cxx11::basic_string<char, std::char_traits<char>, std::allocator<char> >::_M_is_local() const':
C:\Users\ankbh\Robotics\VasFork\Debug/..\src\Commands/StopCatcher.cpp:25: multiple definition of `CATCH_LEFT_CAN_ID'
src\CommandBase.o:C:\Users\ankbh\Robotics\VasFork\Debug/..\src/CommandBase.cpp:25: first defined here
src\Commands\TankDrive.o:(.data+0x0): multiple definition of `CATCH_RIGHT_CAN_ID'
src\CommandBase.o:C:\Users\ankbh\Robotics\VasFork\Debug/..\src/CommandBase.cpp:25: first defined here
src\Commands\TankDrive.o: In function `__gnu_cxx::new_allocator<std::_Rb_tree_node<frc::Subsystem*> >::deallocate(std::_Rb_tree_node<frc::Subsystem*>*, unsigned int)':
C:\Users\ankbh\Robotics\VasFork\Debug/..\src\Commands/TankDrive.cpp:27: multiple definition of `CATCH_LEFT_CAN_ID'
src\CommandBase.o:C:\Users\ankbh\Robotics\VasFork\Debug/..\src/CommandBase.cpp:25: first defined here
src\OI.o:(.data+0x0): multiple definition of `CATCH_RIGHT_CAN_ID'
src\CommandBase.o:C:\Users\ankbh\Robotics\VasFork\Debug/..\src/CommandBase.cpp:25: first defined here
src\OI.o: In function `OI::catcherButtons()':
C:\Users\ankbh\Robotics\VasFork\Debug/..\src/OI.cpp:20: multiple definition of `CATCH_LEFT_CAN_ID'
src\CommandBase.o:C:\Users\ankbh\Robotics\VasFork\Debug/..\src/CommandBase.cpp:25: first defined here
src\Robot.o:(.data+0x0): multiple definition of `CATCH_RIGHT_CAN_ID'
src\CommandBase.o:C:\Users\ankbh\Robotics\VasFork\Debug/..\src/CommandBase.cpp:25: first defined here
src\Robot.o: In function `$d':
C:\Users\ankbh/wpilib/cpp/current/include/SmartDashboard/SendableChooser.inc:77: multiple definition of `CATCH_LEFT_CAN_ID'
src\CommandBase.o:C:\Users\ankbh\Robotics\VasFork\Debug/..\src/CommandBase.cpp:25: first defined here
src\Subsystems\Catcher.o: In function `.LANCHOR1':
Catcher.cpp:(.data+0x0): multiple definition of `CATCH_RIGHT_CAN_ID'
src\CommandBase.o:C:\Users\ankbh\Robotics\VasFork\Debug/..\src/CommandBase.cpp:25: first defined here
src\Subsystems\Catcher.o: In function `Catcher::~Catcher()':
C:\Users\ankbh\Robotics\VasFork\Debug/..\src\Subsystems/Catcher.cpp:12: multiple definition of `CATCH_LEFT_CAN_ID'
src\CommandBase.o:C:\Users\ankbh\Robotics\VasFork\Debug/..\src/CommandBase.cpp:25: first defined here
src\Subsystems\DriveTrain.o:(.data+0x0): multiple definition of `CATCH_RIGHT_CAN_ID'
src\CommandBase.o:C:\Users\ankbh\Robotics\VasFork\Debug/..\src/CommandBase.cpp:25: first defined here
src\Subsystems\DriveTrain.o: In function `$d':
C:\Users\ankbh\Robotics\VasFork\Debug/..\src\Subsystems/DriveTrain.cpp:115: multiple definition of `CATCH_LEFT_CAN_ID'
src\CommandBase.o:C:\Users\ankbh\Robotics\VasFork\Debug/..\src/CommandBase.cpp:25: first defined here
src\Subsystems\ExampleSubsystem.o:(.data+0x0): multiple definition of `CATCH_RIGHT_CAN_ID'
src\CommandBase.o:C:\Users\ankbh\Robotics\VasFork\Debug/..\src/CommandBase.cpp:25: first defined here
src\Subsystems\ExampleSubsystem.o: In function `ExampleSubsystem::ExampleSubsystem()':
C:\Users\ankbh\Robotics\VasFork\Debug/..\src\Subsystems/ExampleSubsystem.cpp:12: multiple definition of `CATCH_LEFT_CAN_ID'
src\CommandBase.o:C:\Users\ankbh\Robotics\VasFork\Debug/..\src/CommandBase.cpp:25: first defined here
collect2.exe: error: ld returned 1 exit status
23:22:00 **** Incremental Build of configuration Debug for project VasFork ****
Info: Internal Builder is used for build
arm-frc-linux-gnueabi-g++ "-LC:\\Users\\ankbh/wpilib/common/current/lib/linux/athena/shared" "-LC:\\Users\\ankbh/wpilib/cpp/current/reflib/linux/athena/shared" "-LC:\\Users\\ankbh/wpilib/user/cpp/lib" -pthread -rdynamic -Wl,-rpath,/opt/GenICam_v3_0_NI/bin/Linux32_ARM,-rpath,/usr/local/frc/lib -o FRCUserProgram "src\\CommandBase.o" "src\\Commands\\AcquireCrate.o" "src\\Commands\\ExampleCommand.o" "src\\Commands\\MyAutoCommand.o" "src\\Commands\\ReleaseCrate.o" "src\\Commands\\StopCatcher.o" "src\\Commands\\TankDrive.o" "src\\OI.o" "src\\Robot.o" "src\\Subsystems\\Catcher.o" "src\\Subsystems\\DriveTrain.o" "src\\Subsystems\\ExampleSubsystem.o" -lCTRE_Phoenix -lCTRE_PhoenixCCI -lCTRE_Phoenix -lCTRE_PhoenixCCI -lwpi 
src\Commands\AcquireCrate.o:(.data+0x0): multiple definition of `CATCH_RIGHT_CAN_ID'
src\CommandBase.o:(.data+0x0): first defined here
src\Commands\AcquireCrate.o: In function `AcquireCrate::Initialize()':
C:\Users\ankbh\Robotics\VasFork\Debug/..\src\Commands/AcquireCrate.cpp:11: multiple definition of `CATCH_LEFT_CAN_ID'
src\CommandBase.o:C:\Users\ankbh\Robotics\VasFork\Debug/..\src/CommandBase.cpp:25: first defined here
src\Commands\ReleaseCrate.o:(.data+0x0): multiple definition of `CATCH_RIGHT_CAN_ID'
src\CommandBase.o:C:\Users\ankbh\Robotics\VasFork\Debug/..\src/CommandBase.cpp:25: first defined here
src\Commands\ReleaseCrate.o: In function `std::__cxx11::basic_string<char, std::char_traits<char>, std::allocator<char> >::_M_is_local() const':
C:\Users\ankbh\Robotics\VasFork\Debug/..\src\Commands/ReleaseCrate.cpp:13: multiple definition of `CATCH_LEFT_CAN_ID'
src\CommandBase.o:C:\Users\ankbh\Robotics\VasFork\Debug/..\src/CommandBase.cpp:25: first defined here
src\Commands\StopCatcher.o:(.data+0x0): multiple definition of `CATCH_RIGHT_CAN_ID'
src\CommandBase.o:C:\Users\ankbh\Robotics\VasFork\Debug/..\src/CommandBase.cpp:25: first defined here
src\Commands\StopCatcher.o: In function `std::__cxx11::basic_string<char, std::char_traits<char>, std::allocator<char> >::_M_is_local() const':
C:\Users\ankbh\Robotics\VasFork\Debug/..\src\Commands/StopCatcher.cpp:25: multiple definition of `CATCH_LEFT_CAN_ID'
src\CommandBase.o:C:\Users\ankbh\Robotics\VasFork\Debug/..\src/CommandBase.cpp:25: first defined here
src\Commands\TankDrive.o:(.data+0x0): multiple definition of `CATCH_RIGHT_CAN_ID'
src\CommandBase.o:C:\Users\ankbh\Robotics\VasFork\Debug/..\src/CommandBase.cpp:25: first defined here
src\Commands\TankDrive.o: In function `__gnu_cxx::new_allocator<std::_Rb_tree_node<frc::Subsystem*> >::deallocate(std::_Rb_tree_node<frc::Subsystem*>*, unsigned int)':
C:\Users\ankbh\Robotics\VasFork\Debug/..\src\Commands/TankDrive.cpp:27: multiple definition of `CATCH_LEFT_CAN_ID'
src\CommandBase.o:C:\Users\ankbh\Robotics\VasFork\Debug/..\src/CommandBase.cpp:25: first defined here
src\OI.o:(.data+0x0): multiple definition of `CATCH_RIGHT_CAN_ID'
src\CommandBase.o:C:\Users\ankbh\Robotics\VasFork\Debug/..\src/CommandBase.cpp:25: first defined here
src\OI.o: In function `OI::catcherButtons()':
C:\Users\ankbh\Robotics\VasFork\Debug/..\src/OI.cpp:20: multiple definition of `CATCH_LEFT_CAN_ID'
src\CommandBase.o:C:\Users\ankbh\Robotics\VasFork\Debug/..\src/CommandBase.cpp:25: first defined here
src\Robot.o:(.data+0x0): multiple definition of `CATCH_RIGHT_CAN_ID'
src\CommandBase.o:C:\Users\ankbh\Robotics\VasFork\Debug/..\src/CommandBase.cpp:25: first defined here
src\Robot.o: In function `$d':
C:\Users\ankbh/wpilib/cpp/current/include/SmartDashboard/SendableChooser.inc:77: multiple definition of `CATCH_LEFT_CAN_ID'
src\CommandBase.o:C:\Users\ankbh\Robotics\VasFork\Debug/..\src/CommandBase.cpp:25: first defined here
src\Subsystems\Catcher.o: In function `.LANCHOR1':
Catcher.cpp:(.data+0x0): multiple definition of `CATCH_RIGHT_CAN_ID'
src\CommandBase.o:C:\Users\ankbh\Robotics\VasFork\Debug/..\src/CommandBase.cpp:25: first defined here
src\Subsystems\Catcher.o: In function `Catcher::~Catcher()':
C:\Users\ankbh\Robotics\VasFork\Debug/..\src\Subsystems/Catcher.cpp:12: multiple definition of `CATCH_LEFT_CAN_ID'
src\CommandBase.o:C:\Users\ankbh\Robotics\VasFork\Debug/..\src/CommandBase.cpp:25: first defined here
src\Subsystems\DriveTrain.o:(.data+0x0): multiple definition of `CATCH_RIGHT_CAN_ID'
src\CommandBase.o:C:\Users\ankbh\Robotics\VasFork\Debug/..\src/CommandBase.cpp:25: first defined here
src\Subsystems\DriveTrain.o: In function `$d':
C:\Users\ankbh\Robotics\VasFork\Debug/..\src\Subsystems/DriveTrain.cpp:115: multiple definition of `CATCH_LEFT_CAN_ID'
src\CommandBase.o:C:\Users\ankbh\Robotics\VasFork\Debug/..\src/CommandBase.cpp:25: first defined here
src\Subsystems\ExampleSubsystem.o:(.data+0x0): multiple definition of `CATCH_RIGHT_CAN_ID'
src\CommandBase.o:C:\Users\ankbh\Robotics\VasFork\Debug/..\src/CommandBase.cpp:25: first defined here
src\Subsystems\ExampleSubsystem.o: In function `ExampleSubsystem::ExampleSubsystem()':
C:\Users\ankbh\Robotics\VasFork\Debug/..\src\Subsystems/ExampleSubsystem.cpp:12: multiple definition of `CATCH_LEFT_CAN_ID'
src\CommandBase.o:C:\Users\ankbh\Robotics\VasFork\Debug/..\src/CommandBase.cpp:25: first defined here
collect2.exe: error: ld returned 1 exit status
23:22:20 **** Incremental Build of configuration Debug for project VasFork ****
Info: Internal Builder is used for build
arm-frc-linux-gnueabi-g++ "-LC:\\Users\\ankbh/wpilib/common/current/lib/linux/athena/shared" "-LC:\\Users\\ankbh/wpilib/cpp/current/reflib/linux/athena/shared" "-LC:\\Users\\ankbh/wpilib/user/cpp/lib" -pthread -rdynamic -Wl,-rpath,/opt/GenICam_v3_0_NI/bin/Linux32_ARM,-rpath,/usr/local/frc/lib -o FRCUserProgram "src\\CommandBase.o" "src\\Commands\\AcquireCrate.o" "src\\Commands\\ExampleCommand.o" "src\\Commands\\MyAutoCommand.o" "src\\Commands\\ReleaseCrate.o" "src\\Commands\\StopCatcher.o" "src\\Commands\\TankDrive.o" "src\\OI.o" "src\\Robot.o" "src\\Subsystems\\Catcher.o" "src\\Subsystems\\DriveTrain.o" "src\\Subsystems\\ExampleSubsystem.o" -lCTRE_Phoenix -lCTRE_PhoenixCCI -lCTRE_Phoenix -lCTRE_PhoenixCCI -lwpi 
src\Commands\AcquireCrate.o:(.data+0x0): multiple definition of `CATCH_RIGHT_CAN_ID'
src\CommandBase.o:(.data+0x0): first defined here
src\Commands\AcquireCrate.o: In function `AcquireCrate::Initialize()':
C:\Users\ankbh\Robotics\VasFork\Debug/..\src\Commands/AcquireCrate.cpp:11: multiple definition of `CATCH_LEFT_CAN_ID'
src\CommandBase.o:C:\Users\ankbh\Robotics\VasFork\Debug/..\src/CommandBase.cpp:25: first defined here
src\Commands\ReleaseCrate.o:(.data+0x0): multiple definition of `CATCH_RIGHT_CAN_ID'
src\CommandBase.o:C:\Users\ankbh\Robotics\VasFork\Debug/..\src/CommandBase.cpp:25: first defined here
src\Commands\ReleaseCrate.o: In function `std::__cxx11::basic_string<char, std::char_traits<char>, std::allocator<char> >::_M_is_local() const':
C:\Users\ankbh\Robotics\VasFork\Debug/..\src\Commands/ReleaseCrate.cpp:13: multiple definition of `CATCH_LEFT_CAN_ID'
src\CommandBase.o:C:\Users\ankbh\Robotics\VasFork\Debug/..\src/CommandBase.cpp:25: first defined here
src\Commands\StopCatcher.o:(.data+0x0): multiple definition of `CATCH_RIGHT_CAN_ID'
src\CommandBase.o:C:\Users\ankbh\Robotics\VasFork\Debug/..\src/CommandBase.cpp:25: first defined here
src\Commands\StopCatcher.o: In function `std::__cxx11::basic_string<char, std::char_traits<char>, std::allocator<char> >::_M_is_local() const':
C:\Users\ankbh\Robotics\VasFork\Debug/..\src\Commands/StopCatcher.cpp:25: multiple definition of `CATCH_LEFT_CAN_ID'
src\CommandBase.o:C:\Users\ankbh\Robotics\VasFork\Debug/..\src/CommandBase.cpp:25: first defined here
src\Commands\TankDrive.o:(.data+0x0): multiple definition of `CATCH_RIGHT_CAN_ID'
src\CommandBase.o:C:\Users\ankbh\Robotics\VasFork\Debug/..\src/CommandBase.cpp:25: first defined here
src\Commands\TankDrive.o: In function `__gnu_cxx::new_allocator<std::_Rb_tree_node<frc::Subsystem*> >::deallocate(std::_Rb_tree_node<frc::Subsystem*>*, unsigned int)':
C:\Users\ankbh\Robotics\VasFork\Debug/..\src\Commands/TankDrive.cpp:27: multiple definition of `CATCH_LEFT_CAN_ID'
src\CommandBase.o:C:\Users\ankbh\Robotics\VasFork\Debug/..\src/CommandBase.cpp:25: first defined here
src\OI.o:(.data+0x0): multiple definition of `CATCH_RIGHT_CAN_ID'
src\CommandBase.o:C:\Users\ankbh\Robotics\VasFork\Debug/..\src/CommandBase.cpp:25: first defined here
src\OI.o: In function `OI::catcherButtons()':
C:\Users\ankbh\Robotics\VasFork\Debug/..\src/OI.cpp:20: multiple definition of `CATCH_LEFT_CAN_ID'
src\CommandBase.o:C:\Users\ankbh\Robotics\VasFork\Debug/..\src/CommandBase.cpp:25: first defined here
src\Robot.o:(.data+0x0): multiple definition of `CATCH_RIGHT_CAN_ID'
src\CommandBase.o:C:\Users\ankbh\Robotics\VasFork\Debug/..\src/CommandBase.cpp:25: first defined here
src\Robot.o: In function `$d':
C:\Users\ankbh/wpilib/cpp/current/include/SmartDashboard/SendableChooser.inc:77: multiple definition of `CATCH_LEFT_CAN_ID'
src\CommandBase.o:C:\Users\ankbh\Robotics\VasFork\Debug/..\src/CommandBase.cpp:25: first defined here
src\Subsystems\Catcher.o: In function `.LANCHOR1':
Catcher.cpp:(.data+0x0): multiple definition of `CATCH_RIGHT_CAN_ID'
src\CommandBase.o:C:\Users\ankbh\Robotics\VasFork\Debug/..\src/CommandBase.cpp:25: first defined here
src\Subsystems\Catcher.o: In function `Catcher::~Catcher()':
C:\Users\ankbh\Robotics\VasFork\Debug/..\src\Subsystems/Catcher.cpp:12: multiple definition of `CATCH_LEFT_CAN_ID'
src\CommandBase.o:C:\Users\ankbh\Robotics\VasFork\Debug/..\src/CommandBase.cpp:25: first defined here
src\Subsystems\DriveTrain.o:(.data+0x0): multiple definition of `CATCH_RIGHT_CAN_ID'
src\CommandBase.o:C:\Users\ankbh\Robotics\VasFork\Debug/..\src/CommandBase.cpp:25: first defined here
src\Subsystems\DriveTrain.o: In function `$d':
C:\Users\ankbh\Robotics\VasFork\Debug/..\src\Subsystems/DriveTrain.cpp:115: multiple definition of `CATCH_LEFT_CAN_ID'
src\CommandBase.o:C:\Users\ankbh\Robotics\VasFork\Debug/..\src/CommandBase.cpp:25: first defined here
src\Subsystems\ExampleSubsystem.o:(.data+0x0): multiple definition of `CATCH_RIGHT_CAN_ID'
src\CommandBase.o:C:\Users\ankbh\Robotics\VasFork\Debug/..\src/CommandBase.cpp:25: first defined here
src\Subsystems\ExampleSubsystem.o: In function `ExampleSubsystem::ExampleSubsystem()':
C:\Users\ankbh\Robotics\VasFork\Debug/..\src\Subsystems/ExampleSubsystem.cpp:12: multiple definition of `CATCH_LEFT_CAN_ID'
src\CommandBase.o:C:\Users\ankbh\Robotics\VasFork\Debug/..\src/CommandBase.cpp:25: first defined here
collect2.exe: error: ld returned 1 exit status
16:30:00 **** Rebuild of configuration Debug for project Team-3341-PowerUp ****
Info: Internal Builder is used for build
arm-frc-linux-gnueabi-g++ -std=c++1y "-IC:\\Users\\ankbh/wpilib/cpp/current/include" "-IC:\\Users\\ankbh\\Robotics\\Team-3341-PowerUp\\src" "-IC:\\Users\\ankbh/wpilib/user/cpp/include" -O0 -Og -g3 -Wall -c -fmessage-length=0 -pthread -o "src\\Commands\\ReleaseCrate.o" "..\\src\\Commands\\ReleaseCrate.cpp" 
arm-frc-linux-gnueabi-g++ -std=c++1y "-IC:\\Users\\ankbh/wpilib/cpp/current/include" "-IC:\\Users\\ankbh\\Robotics\\Team-3341-PowerUp\\src" "-IC:\\Users\\ankbh/wpilib/user/cpp/include" -O0 -Og -g3 -Wall -c -fmessage-length=0 -pthread -o "src\\Commands\\TankDrive.o" "..\\src\\Commands\\TankDrive.cpp" 
..\src\Commands\TankDrive.cpp: In member function 'virtual void TankDrive::Execute()':
..\src\Commands\TankDrive.cpp:20:9: warning: unused variable 'average' [-Wunused-variable]
  double average = (drive->leftDistance() + drive->rightDistance()) / 2;
         ^
arm-frc-linux-gnueabi-g++ -std=c++1y "-IC:\\Users\\ankbh/wpilib/cpp/current/include" "-IC:\\Users\\ankbh\\Robotics\\Team-3341-PowerUp\\src" "-IC:\\Users\\ankbh/wpilib/user/cpp/include" -O0 -Og -g3 -Wall -c -fmessage-length=0 -pthread -o "src\\OI.o" "..\\src\\OI.cpp" 
..\src\OI.cpp: In constructor 'OI::OI()':
..\src\OI.cpp:8:31: error: expected type-specifier before 'ReleaseCrate'
   shootCrate->WhenPressed(new ReleaseCrate());
                               ^
..\src\OI.cpp:9:32: error: expected type-specifier before 'StopCatcher'
   shootCrate->WhenReleased(new StopCatcher());
                                ^
..\src\OI.cpp:13:29: error: expected type-specifier before 'AcquireCrate'
   getCrate->WhenPressed(new AcquireCrate());
                             ^
..\src\OI.cpp:14:30: error: expected type-specifier before 'StopCatcher'
   getCrate->WhenReleased(new StopCatcher());
                              ^
16:31:56 **** Incremental Build of configuration Debug for project Team-3341-PowerUp ****
Info: Internal Builder is used for build
arm-frc-linux-gnueabi-g++ -std=c++1y "-IC:\\Users\\ankbh/wpilib/cpp/current/include" "-IC:\\Users\\ankbh\\Robotics\\Team-3341-PowerUp\\src" "-IC:\\Users\\ankbh/wpilib/user/cpp/include" -O0 -Og -g3 -Wall -c -fmessage-length=0 -pthread -o "src\\Commands\\TankDrive.o" "..\\src\\Commands\\TankDrive.cpp" 
In file included from ..\src\Commands\../OI.h:4:0,
                 from ..\src\Commands\../CommandBase.h:10,
                 from ..\src\Commands\TankDrive.h:4,
                 from ..\src\Commands\TankDrive.cpp:1:
..\src\Commands\../Commands/AcquireCrate.h:7:41: error: expected class-name before '{' token
 class AcquireCrate : public CommandBase {
                                         ^
In file included from ..\src\Commands\../OI.h:5:0,
                 from ..\src\Commands\../CommandBase.h:10,
                 from ..\src\Commands\TankDrive.h:4,
                 from ..\src\Commands\TankDrive.cpp:1:
..\src\Commands\../Commands/ReleaseCrate.h:7:41: error: expected class-name before '{' token
 class ReleaseCrate : public CommandBase {
                                         ^
In file included from ..\src\Commands\../OI.h:6:0,
                 from ..\src\Commands\../CommandBase.h:10,
                 from ..\src\Commands\TankDrive.h:4,
                 from ..\src\Commands\TankDrive.cpp:1:
..\src\Commands\../Commands/StopCatcher.h:7:40: error: expected class-name before '{' token
 class StopCatcher : public CommandBase {
                                        ^
..\src\Commands\TankDrive.cpp: In member function 'virtual void TankDrive::Execute()':
..\src\Commands\TankDrive.cpp:20:9: warning: unused variable 'average' [-Wunused-variable]
  double average = (drive->leftDistance() + drive->rightDistance()) / 2;
         ^
